{"/home/runner/work/pdf-parse/pdf-parse/src/DocumentInitParameters.ts": {"path":"/home/runner/work/pdf-parse/pdf-parse/src/DocumentInitParameters.ts","all":true,"statementMap":{},"s":{},"branchMap":{"0":{"type":"branch","line":1,"loc":{"start":{"line":1,"column":128},"end":{"line":1,"column":128}},"locations":[{"start":{"line":1,"column":128},"end":{"line":1,"column":128}}]}},"b":{"0":[1]},"fnMap":{"0":{"name":"(empty-report)","decl":{"start":{"line":1,"column":128},"end":{"line":1,"column":128}},"loc":{"start":{"line":1,"column":128},"end":{"line":1,"column":128}},"line":1}},"f":{"0":1}}
,"/home/runner/work/pdf-parse/pdf-parse/src/ImageResult.ts": {"path":"/home/runner/work/pdf-parse/pdf-parse/src/ImageResult.ts","all":false,"statementMap":{"14":{"start":{"line":15,"column":0},"end":{"line":15,"column":26}},"15":{"start":{"line":16,"column":0},"end":{"line":16,"column":31}},"16":{"start":{"line":17,"column":0},"end":{"line":17,"column":19}},"18":{"start":{"line":19,"column":0},"end":{"line":19,"column":71}},"19":{"start":{"line":20,"column":0},"end":{"line":20,"column":38}},"20":{"start":{"line":21,"column":0},"end":{"line":21,"column":37}},"21":{"start":{"line":22,"column":0},"end":{"line":22,"column":40}},"22":{"start":{"line":23,"column":0},"end":{"line":23,"column":33}},"23":{"start":{"line":24,"column":0},"end":{"line":24,"column":17}},"24":{"start":{"line":25,"column":0},"end":{"line":25,"column":6}},"25":{"start":{"line":26,"column":0},"end":{"line":26,"column":5}},"26":{"start":{"line":27,"column":0},"end":{"line":27,"column":4}},"27":{"start":{"line":28,"column":0},"end":{"line":28,"column":3}},"28":{"start":{"line":29,"column":0},"end":{"line":29,"column":14}},"29":{"start":{"line":30,"column":0},"end":{"line":30,"column":2}},"31":{"start":{"line":32,"column":0},"end":{"line":32,"column":29}},"32":{"start":{"line":33,"column":0},"end":{"line":33,"column":21}},"33":{"start":{"line":34,"column":0},"end":{"line":34,"column":2}},"34":{"start":{"line":35,"column":0},"end":{"line":35,"column":1}}},"s":{"14":1,"15":3,"16":3,"18":3,"19":2,"20":2,"21":2,"22":2,"23":2,"24":2,"25":2,"26":0,"27":2,"28":0,"29":2,"31":3,"32":3,"33":3,"34":3},"branchMap":{"0":{"type":"branch","line":15,"loc":{"start":{"line":15,"column":25},"end":{"line":35,"column":1}},"locations":[{"start":{"line":15,"column":25},"end":{"line":35,"column":1}}]},"1":{"type":"branch","line":19,"loc":{"start":{"line":19,"column":8},"end":{"line":30,"column":2}},"locations":[{"start":{"line":19,"column":8},"end":{"line":30,"column":2}}]},"2":{"type":"branch","line":26,"loc":{"start":{"line":26,"column":4},"end":{"line":27,"column":4}},"locations":[{"start":{"line":26,"column":4},"end":{"line":27,"column":4}}]},"3":{"type":"branch","line":28,"loc":{"start":{"line":28,"column":2},"end":{"line":29,"column":14}},"locations":[{"start":{"line":28,"column":2},"end":{"line":29,"column":14}}]},"4":{"type":"branch","line":32,"loc":{"start":{"line":32,"column":1},"end":{"line":34,"column":2}},"locations":[{"start":{"line":32,"column":1},"end":{"line":34,"column":2}}]}},"b":{"0":[3],"1":[2],"2":[0],"3":[0],"4":[3]},"fnMap":{"0":{"name":"<instance_members_initializer>","decl":{"start":{"line":15,"column":25},"end":{"line":35,"column":1}},"loc":{"start":{"line":15,"column":25},"end":{"line":35,"column":1}},"line":15},"1":{"name":"getPageImage","decl":{"start":{"line":19,"column":8},"end":{"line":30,"column":2}},"loc":{"start":{"line":19,"column":8},"end":{"line":30,"column":2}},"line":19},"2":{"name":"ImageResult","decl":{"start":{"line":32,"column":1},"end":{"line":34,"column":2}},"loc":{"start":{"line":32,"column":1},"end":{"line":34,"column":2}},"line":32}},"f":{"0":3,"1":2,"2":3}}
,"/home/runner/work/pdf-parse/pdf-parse/src/InfoResult.ts": {"path":"/home/runner/work/pdf-parse/pdf-parse/src/InfoResult.ts","all":false,"statementMap":{"0":{"start":{"line":1,"column":0},"end":{"line":1,"column":57}},"3":{"start":{"line":4,"column":0},"end":{"line":4,"column":141}},"96":{"start":{"line":97,"column":0},"end":{"line":97,"column":25}},"98":{"start":{"line":99,"column":0},"end":{"line":99,"column":15}},"106":{"start":{"line":107,"column":0},"end":{"line":107,"column":12}},"110":{"start":{"line":111,"column":0},"end":{"line":111,"column":21}},"116":{"start":{"line":117,"column":0},"end":{"line":117,"column":37}},"123":{"start":{"line":124,"column":0},"end":{"line":124,"column":30}},"129":{"start":{"line":130,"column":0},"end":{"line":130,"column":37}},"132":{"start":{"line":133,"column":0},"end":{"line":133,"column":35}},"139":{"start":{"line":140,"column":0},"end":{"line":140,"column":33}},"140":{"start":{"line":141,"column":0},"end":{"line":141,"column":30}},"144":{"start":{"line":145,"column":0},"end":{"line":145,"column":56}},"146":{"start":{"line":147,"column":0},"end":{"line":147,"column":21}},"147":{"start":{"line":148,"column":0},"end":{"line":148,"column":72}},"148":{"start":{"line":149,"column":0},"end":{"line":149,"column":3}},"151":{"start":{"line":152,"column":0},"end":{"line":152,"column":46}},"153":{"start":{"line":154,"column":0},"end":{"line":154,"column":16}},"154":{"start":{"line":155,"column":0},"end":{"line":155,"column":62}},"155":{"start":{"line":156,"column":0},"end":{"line":156,"column":3}},"158":{"start":{"line":159,"column":0},"end":{"line":159,"column":23}},"159":{"start":{"line":160,"column":0},"end":{"line":160,"column":17}},"160":{"start":{"line":161,"column":0},"end":{"line":161,"column":3}},"165":{"start":{"line":166,"column":0},"end":{"line":166,"column":43}},"166":{"start":{"line":167,"column":0},"end":{"line":167,"column":42}},"167":{"start":{"line":168,"column":0},"end":{"line":168,"column":47}},"169":{"start":{"line":170,"column":0},"end":{"line":170,"column":18}},"170":{"start":{"line":171,"column":0},"end":{"line":171,"column":32}},"171":{"start":{"line":172,"column":0},"end":{"line":172,"column":33}},"172":{"start":{"line":173,"column":0},"end":{"line":173,"column":11}},"173":{"start":{"line":174,"column":0},"end":{"line":174,"column":32}},"174":{"start":{"line":175,"column":0},"end":{"line":175,"column":33}},"175":{"start":{"line":176,"column":0},"end":{"line":176,"column":11}},"176":{"start":{"line":177,"column":0},"end":{"line":177,"column":32}},"177":{"start":{"line":178,"column":0},"end":{"line":178,"column":35}},"178":{"start":{"line":179,"column":0},"end":{"line":179,"column":11}},"179":{"start":{"line":180,"column":0},"end":{"line":180,"column":32}},"180":{"start":{"line":181,"column":0},"end":{"line":181,"column":33}},"181":{"start":{"line":182,"column":0},"end":{"line":182,"column":11}},"182":{"start":{"line":183,"column":0},"end":{"line":183,"column":32}},"183":{"start":{"line":184,"column":0},"end":{"line":184,"column":33}},"184":{"start":{"line":185,"column":0},"end":{"line":185,"column":11}},"185":{"start":{"line":186,"column":0},"end":{"line":186,"column":32}},"186":{"start":{"line":187,"column":0},"end":{"line":187,"column":35}},"187":{"start":{"line":188,"column":0},"end":{"line":188,"column":11}},"188":{"start":{"line":189,"column":0},"end":{"line":189,"column":4}},"189":{"start":{"line":190,"column":0},"end":{"line":190,"column":3}},"191":{"start":{"line":192,"column":0},"end":{"line":192,"column":16}},"192":{"start":{"line":193,"column":0},"end":{"line":193,"column":2}},"199":{"start":{"line":200,"column":0},"end":{"line":200,"column":70}},"200":{"start":{"line":201,"column":0},"end":{"line":201,"column":39}},"202":{"start":{"line":203,"column":0},"end":{"line":203,"column":47}},"203":{"start":{"line":204,"column":0},"end":{"line":204,"column":34}},"204":{"start":{"line":205,"column":0},"end":{"line":205,"column":31}},"205":{"start":{"line":206,"column":0},"end":{"line":206,"column":3}},"207":{"start":{"line":208,"column":0},"end":{"line":208,"column":19}},"208":{"start":{"line":209,"column":0},"end":{"line":209,"column":2}},"210":{"start":{"line":211,"column":0},"end":{"line":211,"column":29}},"211":{"start":{"line":212,"column":0},"end":{"line":212,"column":21}},"212":{"start":{"line":213,"column":0},"end":{"line":213,"column":2}},"213":{"start":{"line":214,"column":0},"end":{"line":214,"column":1}}},"s":{"0":1,"3":1,"96":1,"98":9,"106":9,"110":9,"116":9,"123":9,"129":9,"132":9,"139":9,"140":2,"144":2,"146":2,"147":2,"148":2,"151":2,"153":2,"154":1,"155":1,"158":2,"159":1,"160":1,"165":2,"166":6,"167":6,"169":6,"170":6,"171":1,"172":1,"173":6,"174":1,"175":1,"176":6,"177":1,"178":1,"179":6,"180":1,"181":1,"182":6,"183":1,"184":1,"185":6,"186":1,"187":1,"188":6,"189":6,"191":1,"192":2,"199":9,"200":6,"202":3,"203":3,"204":3,"205":3,"207":0,"208":6,"210":9,"211":9,"212":9,"213":9},"branchMap":{"0":{"type":"branch","line":97,"loc":{"start":{"line":97,"column":24},"end":{"line":214,"column":1}},"locations":[{"start":{"line":97,"column":24},"end":{"line":214,"column":1}}]},"1":{"type":"branch","line":140,"loc":{"start":{"line":140,"column":8},"end":{"line":193,"column":2}},"locations":[{"start":{"line":140,"column":8},"end":{"line":193,"column":2}}]},"2":{"type":"branch","line":154,"loc":{"start":{"line":154,"column":15},"end":{"line":156,"column":3}},"locations":[{"start":{"line":154,"column":15},"end":{"line":156,"column":3}}]},"3":{"type":"branch","line":159,"loc":{"start":{"line":159,"column":22},"end":{"line":166,"column":42}},"locations":[{"start":{"line":159,"column":22},"end":{"line":166,"column":42}}]},"4":{"type":"branch","line":166,"loc":{"start":{"line":166,"column":42},"end":{"line":190,"column":3}},"locations":[{"start":{"line":166,"column":42},"end":{"line":190,"column":3}}]},"5":{"type":"branch","line":171,"loc":{"start":{"line":171,"column":4},"end":{"line":173,"column":11}},"locations":[{"start":{"line":171,"column":4},"end":{"line":173,"column":11}}]},"6":{"type":"branch","line":174,"loc":{"start":{"line":174,"column":4},"end":{"line":176,"column":11}},"locations":[{"start":{"line":174,"column":4},"end":{"line":176,"column":11}}]},"7":{"type":"branch","line":177,"loc":{"start":{"line":177,"column":4},"end":{"line":179,"column":11}},"locations":[{"start":{"line":177,"column":4},"end":{"line":179,"column":11}}]},"8":{"type":"branch","line":180,"loc":{"start":{"line":180,"column":4},"end":{"line":182,"column":11}},"locations":[{"start":{"line":180,"column":4},"end":{"line":182,"column":11}}]},"9":{"type":"branch","line":183,"loc":{"start":{"line":183,"column":4},"end":{"line":185,"column":11}},"locations":[{"start":{"line":183,"column":4},"end":{"line":185,"column":11}}]},"10":{"type":"branch","line":186,"loc":{"start":{"line":186,"column":4},"end":{"line":188,"column":11}},"locations":[{"start":{"line":186,"column":4},"end":{"line":188,"column":11}}]},"11":{"type":"branch","line":190,"loc":{"start":{"line":190,"column":2},"end":{"line":192,"column":16}},"locations":[{"start":{"line":190,"column":2},"end":{"line":192,"column":16}}]},"12":{"type":"branch","line":200,"loc":{"start":{"line":200,"column":9},"end":{"line":209,"column":2}},"locations":[{"start":{"line":200,"column":9},"end":{"line":209,"column":2}}]},"13":{"type":"branch","line":201,"loc":{"start":{"line":201,"column":22},"end":{"line":206,"column":3}},"locations":[{"start":{"line":201,"column":22},"end":{"line":206,"column":3}}]},"14":{"type":"branch","line":206,"loc":{"start":{"line":206,"column":2},"end":{"line":208,"column":19}},"locations":[{"start":{"line":206,"column":2},"end":{"line":208,"column":19}}]},"15":{"type":"branch","line":211,"loc":{"start":{"line":211,"column":1},"end":{"line":213,"column":2}},"locations":[{"start":{"line":211,"column":1},"end":{"line":213,"column":2}}]}},"b":{"0":[9],"1":[2],"2":[1],"3":[1],"4":[6],"5":[1],"6":[1],"7":[1],"8":[1],"9":[1],"10":[1],"11":[1],"12":[6],"13":[3],"14":[0],"15":[9]},"fnMap":{"0":{"name":"<instance_members_initializer>","decl":{"start":{"line":97,"column":24},"end":{"line":214,"column":1}},"loc":{"start":{"line":97,"column":24},"end":{"line":214,"column":1}},"line":97},"1":{"name":"getDateNode","decl":{"start":{"line":140,"column":8},"end":{"line":193,"column":2}},"loc":{"start":{"line":140,"column":8},"end":{"line":193,"column":2}},"line":140},"2":{"name":"parseISODateString","decl":{"start":{"line":200,"column":9},"end":{"line":209,"column":2}},"loc":{"start":{"line":200,"column":9},"end":{"line":209,"column":2}},"line":200},"3":{"name":"InfoResult","decl":{"start":{"line":211,"column":1},"end":{"line":213,"column":2}},"loc":{"start":{"line":211,"column":1},"end":{"line":213,"column":2}},"line":211}},"f":{"0":9,"1":2,"2":6,"3":9}}
,"/home/runner/work/pdf-parse/pdf-parse/src/PDFParse.ts": {"path":"/home/runner/work/pdf-parse/pdf-parse/src/PDFParse.ts","all":false,"statementMap":{"1":{"start":{"line":2,"column":0},"end":{"line":2,"column":57}},"5":{"start":{"line":6,"column":0},"end":{"line":6,"column":75}},"7":{"start":{"line":8,"column":0},"end":{"line":8,"column":64}},"8":{"start":{"line":9,"column":0},"end":{"line":9,"column":66}},"10":{"start":{"line":11,"column":0},"end":{"line":11,"column":62}},"11":{"start":{"line":12,"column":0},"end":{"line":12,"column":57}},"12":{"start":{"line":13,"column":0},"end":{"line":13,"column":69}},"13":{"start":{"line":14,"column":0},"end":{"line":14,"column":69}},"15":{"start":{"line":16,"column":0},"end":{"line":16,"column":23}},"16":{"start":{"line":17,"column":0},"end":{"line":17,"column":50}},"17":{"start":{"line":18,"column":0},"end":{"line":18,"column":43}},"18":{"start":{"line":19,"column":0},"end":{"line":19,"column":79}},"20":{"start":{"line":21,"column":0},"end":{"line":21,"column":47}},"21":{"start":{"line":22,"column":0},"end":{"line":22,"column":40}},"22":{"start":{"line":23,"column":0},"end":{"line":23,"column":51}},"23":{"start":{"line":24,"column":0},"end":{"line":24,"column":3}},"25":{"start":{"line":26,"column":0},"end":{"line":26,"column":72}},"26":{"start":{"line":27,"column":0},"end":{"line":27,"column":47}},"27":{"start":{"line":28,"column":0},"end":{"line":28,"column":3}},"29":{"start":{"line":30,"column":0},"end":{"line":30,"column":25}},"30":{"start":{"line":31,"column":0},"end":{"line":31,"column":2}},"32":{"start":{"line":33,"column":0},"end":{"line":33,"column":25}},"33":{"start":{"line":34,"column":0},"end":{"line":34,"column":17}},"34":{"start":{"line":35,"column":0},"end":{"line":35,"column":28}},"35":{"start":{"line":36,"column":0},"end":{"line":36,"column":24}},"36":{"start":{"line":37,"column":0},"end":{"line":37,"column":3}},"37":{"start":{"line":38,"column":0},"end":{"line":38,"column":2}},"39":{"start":{"line":40,"column":0},"end":{"line":40,"column":40}},"40":{"start":{"line":41,"column":0},"end":{"line":41,"column":18}},"41":{"start":{"line":42,"column":0},"end":{"line":42,"column":33}},"42":{"start":{"line":43,"column":0},"end":{"line":43,"column":41}},"43":{"start":{"line":44,"column":0},"end":{"line":44,"column":26}},"45":{"start":{"line":46,"column":0},"end":{"line":46,"column":119}},"47":{"start":{"line":48,"column":0},"end":{"line":48,"column":18}},"48":{"start":{"line":49,"column":0},"end":{"line":49,"column":2}},"50":{"start":{"line":51,"column":0},"end":{"line":51,"column":54}},"52":{"start":{"line":53,"column":0},"end":{"line":53,"column":57}},"54":{"start":{"line":55,"column":0},"end":{"line":55,"column":37}},"55":{"start":{"line":56,"column":0},"end":{"line":56,"column":3}},"57":{"start":{"line":58,"column":0},"end":{"line":58,"column":53}},"59":{"start":{"line":60,"column":0},"end":{"line":60,"column":32}},"60":{"start":{"line":61,"column":0},"end":{"line":61,"column":51}},"61":{"start":{"line":62,"column":0},"end":{"line":62,"column":46}},"62":{"start":{"line":63,"column":0},"end":{"line":63,"column":3}},"64":{"start":{"line":65,"column":0},"end":{"line":65,"column":27}},"65":{"start":{"line":66,"column":0},"end":{"line":66,"column":121}},"66":{"start":{"line":67,"column":0},"end":{"line":67,"column":46}},"67":{"start":{"line":68,"column":0},"end":{"line":68,"column":3}},"69":{"start":{"line":70,"column":0},"end":{"line":70,"column":45}},"70":{"start":{"line":71,"column":0},"end":{"line":71,"column":2}},"72":{"start":{"line":73,"column":0},"end":{"line":73,"column":74}},"73":{"start":{"line":74,"column":0},"end":{"line":74,"column":32}},"74":{"start":{"line":75,"column":0},"end":{"line":75,"column":46}},"76":{"start":{"line":77,"column":0},"end":{"line":77,"column":53}},"77":{"start":{"line":78,"column":0},"end":{"line":78,"column":21}},"78":{"start":{"line":79,"column":0},"end":{"line":79,"column":29}},"80":{"start":{"line":81,"column":0},"end":{"line":81,"column":41}},"81":{"start":{"line":82,"column":0},"end":{"line":82,"column":42}},"82":{"start":{"line":83,"column":0},"end":{"line":83,"column":49}},"83":{"start":{"line":84,"column":0},"end":{"line":84,"column":47}},"85":{"start":{"line":86,"column":0},"end":{"line":86,"column":31}},"86":{"start":{"line":87,"column":0},"end":{"line":87,"column":52}},"87":{"start":{"line":88,"column":0},"end":{"line":88,"column":52}},"88":{"start":{"line":89,"column":0},"end":{"line":89,"column":39}},"90":{"start":{"line":91,"column":0},"end":{"line":91,"column":58}},"91":{"start":{"line":92,"column":0},"end":{"line":92,"column":62}},"92":{"start":{"line":93,"column":0},"end":{"line":93,"column":39}},"93":{"start":{"line":94,"column":0},"end":{"line":94,"column":20}},"94":{"start":{"line":95,"column":0},"end":{"line":95,"column":5}},"95":{"start":{"line":96,"column":0},"end":{"line":96,"column":4}},"96":{"start":{"line":97,"column":0},"end":{"line":97,"column":3}},"98":{"start":{"line":99,"column":0},"end":{"line":99,"column":16}},"99":{"start":{"line":100,"column":0},"end":{"line":100,"column":2}},"101":{"start":{"line":102,"column":0},"end":{"line":102,"column":74}},"102":{"start":{"line":103,"column":0},"end":{"line":103,"column":50}},"104":{"start":{"line":105,"column":0},"end":{"line":105,"column":34}},"105":{"start":{"line":106,"column":0},"end":{"line":106,"column":31}},"106":{"start":{"line":107,"column":0},"end":{"line":107,"column":13}},"107":{"start":{"line":108,"column":0},"end":{"line":108,"column":25}},"108":{"start":{"line":109,"column":0},"end":{"line":109,"column":27}},"109":{"start":{"line":110,"column":0},"end":{"line":110,"column":4}},"112":{"start":{"line":113,"column":0},"end":{"line":113,"column":91}},"114":{"start":{"line":115,"column":0},"end":{"line":115,"column":32}},"115":{"start":{"line":116,"column":0},"end":{"line":116,"column":38}},"117":{"start":{"line":118,"column":0},"end":{"line":118,"column":44}},"118":{"start":{"line":119,"column":0},"end":{"line":119,"column":22}},"120":{"start":{"line":121,"column":0},"end":{"line":121,"column":45}},"122":{"start":{"line":123,"column":0},"end":{"line":123,"column":36}},"123":{"start":{"line":124,"column":0},"end":{"line":124,"column":3}},"125":{"start":{"line":126,"column":0},"end":{"line":126,"column":16}},"126":{"start":{"line":127,"column":0},"end":{"line":127,"column":2}},"128":{"start":{"line":129,"column":0},"end":{"line":129,"column":74}},"129":{"start":{"line":130,"column":0},"end":{"line":130,"column":32}},"130":{"start":{"line":131,"column":0},"end":{"line":131,"column":46}},"132":{"start":{"line":133,"column":0},"end":{"line":133,"column":51}},"133":{"start":{"line":134,"column":0},"end":{"line":134,"column":51}},"134":{"start":{"line":135,"column":0},"end":{"line":135,"column":38}},"135":{"start":{"line":136,"column":0},"end":{"line":136,"column":68}},"136":{"start":{"line":137,"column":0},"end":{"line":137,"column":23}},"137":{"start":{"line":138,"column":0},"end":{"line":138,"column":16}},"138":{"start":{"line":139,"column":0},"end":{"line":139,"column":12}},"139":{"start":{"line":140,"column":0},"end":{"line":140,"column":7}},"140":{"start":{"line":141,"column":0},"end":{"line":141,"column":19}},"141":{"start":{"line":142,"column":0},"end":{"line":142,"column":4}},"142":{"start":{"line":143,"column":0},"end":{"line":143,"column":3}},"144":{"start":{"line":145,"column":0},"end":{"line":145,"column":36}},"145":{"start":{"line":146,"column":0},"end":{"line":146,"column":37}},"146":{"start":{"line":147,"column":0},"end":{"line":147,"column":3}},"148":{"start":{"line":149,"column":0},"end":{"line":149,"column":16}},"149":{"start":{"line":150,"column":0},"end":{"line":150,"column":2}},"151":{"start":{"line":152,"column":0},"end":{"line":152,"column":50}},"152":{"start":{"line":153,"column":0},"end":{"line":153,"column":31}},"153":{"start":{"line":154,"column":0},"end":{"line":154,"column":55}},"155":{"start":{"line":156,"column":0},"end":{"line":156,"column":78}},"156":{"start":{"line":157,"column":0},"end":{"line":157,"column":29}},"157":{"start":{"line":158,"column":0},"end":{"line":158,"column":5}},"159":{"start":{"line":160,"column":0},"end":{"line":160,"column":40}},"160":{"start":{"line":161,"column":0},"end":{"line":161,"column":3}},"162":{"start":{"line":163,"column":0},"end":{"line":163,"column":18}},"163":{"start":{"line":164,"column":0},"end":{"line":164,"column":2}},"165":{"start":{"line":166,"column":0},"end":{"line":166,"column":96}},"166":{"start":{"line":167,"column":0},"end":{"line":167,"column":41}},"167":{"start":{"line":168,"column":0},"end":{"line":168,"column":36}},"168":{"start":{"line":169,"column":0},"end":{"line":169,"column":34}},"171":{"start":{"line":172,"column":0},"end":{"line":172,"column":34}},"172":{"start":{"line":173,"column":0},"end":{"line":173,"column":46}},"173":{"start":{"line":174,"column":0},"end":{"line":174,"column":16}},"174":{"start":{"line":175,"column":0},"end":{"line":175,"column":4}},"175":{"start":{"line":176,"column":0},"end":{"line":176,"column":16}},"176":{"start":{"line":177,"column":0},"end":{"line":177,"column":3}},"179":{"start":{"line":180,"column":0},"end":{"line":180,"column":44}},"180":{"start":{"line":181,"column":0},"end":{"line":181,"column":67}},"181":{"start":{"line":182,"column":0},"end":{"line":182,"column":16}},"182":{"start":{"line":183,"column":0},"end":{"line":183,"column":4}},"183":{"start":{"line":184,"column":0},"end":{"line":184,"column":16}},"184":{"start":{"line":185,"column":0},"end":{"line":185,"column":3}},"187":{"start":{"line":188,"column":0},"end":{"line":188,"column":25}},"188":{"start":{"line":189,"column":0},"end":{"line":189,"column":37}},"189":{"start":{"line":190,"column":0},"end":{"line":190,"column":16}},"190":{"start":{"line":191,"column":0},"end":{"line":191,"column":4}},"191":{"start":{"line":192,"column":0},"end":{"line":192,"column":16}},"192":{"start":{"line":193,"column":0},"end":{"line":193,"column":3}},"195":{"start":{"line":196,"column":0},"end":{"line":196,"column":24}},"196":{"start":{"line":197,"column":0},"end":{"line":197,"column":47}},"197":{"start":{"line":198,"column":0},"end":{"line":198,"column":16}},"198":{"start":{"line":199,"column":0},"end":{"line":199,"column":4}},"199":{"start":{"line":200,"column":0},"end":{"line":200,"column":16}},"200":{"start":{"line":201,"column":0},"end":{"line":201,"column":3}},"202":{"start":{"line":203,"column":0},"end":{"line":203,"column":14}},"203":{"start":{"line":204,"column":0},"end":{"line":204,"column":2}},"205":{"start":{"line":206,"column":0},"end":{"line":206,"column":105}},"206":{"start":{"line":207,"column":0},"end":{"line":207,"column":50}},"208":{"start":{"line":209,"column":0},"end":{"line":209,"column":54}},"209":{"start":{"line":210,"column":0},"end":{"line":210,"column":52}},"210":{"start":{"line":211,"column":0},"end":{"line":211,"column":55}},"211":{"start":{"line":212,"column":0},"end":{"line":212,"column":51}},"212":{"start":{"line":213,"column":0},"end":{"line":213,"column":82}},"214":{"start":{"line":215,"column":0},"end":{"line":215,"column":49}},"215":{"start":{"line":216,"column":0},"end":{"line":216,"column":55}},"216":{"start":{"line":217,"column":0},"end":{"line":217,"column":55}},"217":{"start":{"line":218,"column":0},"end":{"line":218,"column":5}},"219":{"start":{"line":220,"column":0},"end":{"line":220,"column":58}},"221":{"start":{"line":222,"column":0},"end":{"line":222,"column":31}},"222":{"start":{"line":223,"column":0},"end":{"line":223,"column":52}},"223":{"start":{"line":224,"column":0},"end":{"line":224,"column":3}},"225":{"start":{"line":226,"column":0},"end":{"line":226,"column":35}},"227":{"start":{"line":228,"column":0},"end":{"line":228,"column":32}},"228":{"start":{"line":229,"column":0},"end":{"line":229,"column":32}},"230":{"start":{"line":231,"column":0},"end":{"line":231,"column":41}},"231":{"start":{"line":232,"column":0},"end":{"line":232,"column":34}},"233":{"start":{"line":234,"column":0},"end":{"line":234,"column":47}},"234":{"start":{"line":235,"column":0},"end":{"line":235,"column":64}},"236":{"start":{"line":237,"column":0},"end":{"line":237,"column":32}},"237":{"start":{"line":238,"column":0},"end":{"line":238,"column":45}},"238":{"start":{"line":239,"column":0},"end":{"line":239,"column":115}},"239":{"start":{"line":240,"column":0},"end":{"line":240,"column":14}},"240":{"start":{"line":241,"column":0},"end":{"line":241,"column":44}},"241":{"start":{"line":242,"column":0},"end":{"line":242,"column":5}},"242":{"start":{"line":243,"column":0},"end":{"line":243,"column":4}},"244":{"start":{"line":245,"column":0},"end":{"line":245,"column":28}},"245":{"start":{"line":246,"column":0},"end":{"line":246,"column":76}},"246":{"start":{"line":247,"column":0},"end":{"line":247,"column":76}},"247":{"start":{"line":248,"column":0},"end":{"line":248,"column":106}},"249":{"start":{"line":250,"column":0},"end":{"line":250,"column":74}},"250":{"start":{"line":251,"column":0},"end":{"line":251,"column":24}},"251":{"start":{"line":252,"column":0},"end":{"line":252,"column":6}},"252":{"start":{"line":253,"column":0},"end":{"line":253,"column":5}},"253":{"start":{"line":254,"column":0},"end":{"line":254,"column":4}},"255":{"start":{"line":256,"column":0},"end":{"line":256,"column":30}},"256":{"start":{"line":257,"column":0},"end":{"line":257,"column":76}},"257":{"start":{"line":258,"column":0},"end":{"line":258,"column":77}},"258":{"start":{"line":259,"column":0},"end":{"line":259,"column":54}},"259":{"start":{"line":260,"column":0},"end":{"line":260,"column":6}},"260":{"start":{"line":261,"column":0},"end":{"line":261,"column":5}},"261":{"start":{"line":262,"column":0},"end":{"line":262,"column":4}},"263":{"start":{"line":264,"column":0},"end":{"line":264,"column":25}},"264":{"start":{"line":265,"column":0},"end":{"line":265,"column":26}},"265":{"start":{"line":266,"column":0},"end":{"line":266,"column":13}},"267":{"start":{"line":268,"column":0},"end":{"line":268,"column":21}},"268":{"start":{"line":269,"column":0},"end":{"line":269,"column":22}},"269":{"start":{"line":270,"column":0},"end":{"line":270,"column":4}},"270":{"start":{"line":271,"column":0},"end":{"line":271,"column":3}},"272":{"start":{"line":273,"column":0},"end":{"line":273,"column":26}},"273":{"start":{"line":274,"column":0},"end":{"line":274,"column":83}},"274":{"start":{"line":275,"column":0},"end":{"line":275,"column":63}},"275":{"start":{"line":276,"column":0},"end":{"line":276,"column":27}},"276":{"start":{"line":277,"column":0},"end":{"line":277,"column":3}},"278":{"start":{"line":279,"column":0},"end":{"line":279,"column":26}},"279":{"start":{"line":280,"column":0},"end":{"line":280,"column":41}},"280":{"start":{"line":281,"column":0},"end":{"line":281,"column":3}},"282":{"start":{"line":283,"column":0},"end":{"line":283,"column":25}},"283":{"start":{"line":284,"column":0},"end":{"line":284,"column":2}},"285":{"start":{"line":286,"column":0},"end":{"line":286,"column":117}},"286":{"start":{"line":287,"column":0},"end":{"line":287,"column":61}},"289":{"start":{"line":290,"column":0},"end":{"line":290,"column":91}},"291":{"start":{"line":292,"column":0},"end":{"line":292,"column":32}},"292":{"start":{"line":293,"column":0},"end":{"line":293,"column":38}},"294":{"start":{"line":295,"column":0},"end":{"line":295,"column":44}},"295":{"start":{"line":296,"column":0},"end":{"line":296,"column":22}},"297":{"start":{"line":298,"column":0},"end":{"line":298,"column":39}},"298":{"start":{"line":299,"column":0},"end":{"line":299,"column":23}},"300":{"start":{"line":301,"column":0},"end":{"line":301,"column":62}},"301":{"start":{"line":302,"column":0},"end":{"line":302,"column":53}},"302":{"start":{"line":303,"column":0},"end":{"line":303,"column":52}},"303":{"start":{"line":304,"column":0},"end":{"line":304,"column":54}},"304":{"start":{"line":305,"column":0},"end":{"line":305,"column":55}},"306":{"start":{"line":307,"column":0},"end":{"line":307,"column":97}},"308":{"start":{"line":309,"column":0},"end":{"line":309,"column":31}},"309":{"start":{"line":310,"column":0},"end":{"line":310,"column":12}},"310":{"start":{"line":311,"column":0},"end":{"line":311,"column":17}},"311":{"start":{"line":312,"column":0},"end":{"line":312,"column":11}},"312":{"start":{"line":313,"column":0},"end":{"line":313,"column":28}},"313":{"start":{"line":314,"column":0},"end":{"line":314,"column":4}},"314":{"start":{"line":315,"column":0},"end":{"line":315,"column":3}},"316":{"start":{"line":317,"column":0},"end":{"line":317,"column":16}},"317":{"start":{"line":318,"column":0},"end":{"line":318,"column":2}},"319":{"start":{"line":320,"column":0},"end":{"line":320,"column":76}},"320":{"start":{"line":321,"column":0},"end":{"line":321,"column":32}},"321":{"start":{"line":322,"column":0},"end":{"line":322,"column":47}},"323":{"start":{"line":324,"column":0},"end":{"line":324,"column":51}},"324":{"start":{"line":325,"column":0},"end":{"line":325,"column":51}},"325":{"start":{"line":326,"column":0},"end":{"line":326,"column":38}},"326":{"start":{"line":327,"column":0},"end":{"line":327,"column":45}},"328":{"start":{"line":329,"column":0},"end":{"line":329,"column":65}},"329":{"start":{"line":330,"column":0},"end":{"line":330,"column":34}},"331":{"start":{"line":332,"column":0},"end":{"line":332,"column":50}},"332":{"start":{"line":333,"column":0},"end":{"line":333,"column":114}},"333":{"start":{"line":334,"column":0},"end":{"line":334,"column":39}},"334":{"start":{"line":335,"column":0},"end":{"line":335,"column":49}},"335":{"start":{"line":336,"column":0},"end":{"line":336,"column":130}},"337":{"start":{"line":338,"column":0},"end":{"line":338,"column":61}},"339":{"start":{"line":340,"column":0},"end":{"line":340,"column":65}},"340":{"start":{"line":341,"column":0},"end":{"line":341,"column":16}},"341":{"start":{"line":342,"column":0},"end":{"line":342,"column":7}},"343":{"start":{"line":344,"column":0},"end":{"line":344,"column":68}},"344":{"start":{"line":345,"column":0},"end":{"line":345,"column":16}},"345":{"start":{"line":346,"column":0},"end":{"line":346,"column":7}},"348":{"start":{"line":349,"column":0},"end":{"line":349,"column":55}},"350":{"start":{"line":351,"column":0},"end":{"line":351,"column":67}},"351":{"start":{"line":352,"column":0},"end":{"line":352,"column":47}},"352":{"start":{"line":353,"column":0},"end":{"line":353,"column":25}},"353":{"start":{"line":354,"column":0},"end":{"line":354,"column":48}},"354":{"start":{"line":355,"column":0},"end":{"line":355,"column":56}},"355":{"start":{"line":356,"column":0},"end":{"line":356,"column":30}},"356":{"start":{"line":357,"column":0},"end":{"line":357,"column":14}},"357":{"start":{"line":358,"column":0},"end":{"line":358,"column":56}},"358":{"start":{"line":359,"column":0},"end":{"line":359,"column":27}},"359":{"start":{"line":360,"column":0},"end":{"line":360,"column":18}},"360":{"start":{"line":361,"column":0},"end":{"line":361,"column":51}},"361":{"start":{"line":362,"column":0},"end":{"line":362,"column":14}},"362":{"start":{"line":363,"column":0},"end":{"line":363,"column":15}},"363":{"start":{"line":364,"column":0},"end":{"line":364,"column":13}},"364":{"start":{"line":365,"column":0},"end":{"line":365,"column":10}},"365":{"start":{"line":366,"column":0},"end":{"line":366,"column":7}},"366":{"start":{"line":367,"column":0},"end":{"line":367,"column":42}},"369":{"start":{"line":370,"column":0},"end":{"line":370,"column":27}},"370":{"start":{"line":371,"column":0},"end":{"line":371,"column":26}},"372":{"start":{"line":373,"column":0},"end":{"line":373,"column":67}},"374":{"start":{"line":375,"column":0},"end":{"line":375,"column":72}},"375":{"start":{"line":376,"column":0},"end":{"line":376,"column":41}},"376":{"start":{"line":377,"column":0},"end":{"line":377,"column":52}},"377":{"start":{"line":378,"column":0},"end":{"line":378,"column":51}},"378":{"start":{"line":379,"column":0},"end":{"line":379,"column":14}},"380":{"start":{"line":381,"column":0},"end":{"line":381,"column":64}},"381":{"start":{"line":382,"column":0},"end":{"line":382,"column":44}},"383":{"start":{"line":384,"column":0},"end":{"line":384,"column":41}},"384":{"start":{"line":385,"column":0},"end":{"line":385,"column":50}},"385":{"start":{"line":386,"column":0},"end":{"line":386,"column":54}},"386":{"start":{"line":387,"column":0},"end":{"line":387,"column":45}},"387":{"start":{"line":388,"column":0},"end":{"line":388,"column":8}},"388":{"start":{"line":389,"column":0},"end":{"line":389,"column":7}},"390":{"start":{"line":391,"column":0},"end":{"line":391,"column":30}},"391":{"start":{"line":392,"column":0},"end":{"line":392,"column":18}},"392":{"start":{"line":393,"column":0},"end":{"line":393,"column":15}},"393":{"start":{"line":394,"column":0},"end":{"line":394,"column":22}},"394":{"start":{"line":395,"column":0},"end":{"line":395,"column":14}},"395":{"start":{"line":396,"column":0},"end":{"line":396,"column":13}},"396":{"start":{"line":397,"column":0},"end":{"line":397,"column":12}},"397":{"start":{"line":398,"column":0},"end":{"line":398,"column":9}},"398":{"start":{"line":399,"column":0},"end":{"line":399,"column":6}},"399":{"start":{"line":400,"column":0},"end":{"line":400,"column":5}},"400":{"start":{"line":401,"column":0},"end":{"line":401,"column":4}},"401":{"start":{"line":402,"column":0},"end":{"line":402,"column":3}},"403":{"start":{"line":404,"column":0},"end":{"line":404,"column":16}},"404":{"start":{"line":405,"column":0},"end":{"line":405,"column":2}},"406":{"start":{"line":407,"column":0},"end":{"line":407,"column":145}},"407":{"start":{"line":408,"column":0},"end":{"line":408,"column":43}},"409":{"start":{"line":410,"column":0},"end":{"line":410,"column":56}},"410":{"start":{"line":411,"column":0},"end":{"line":411,"column":21}},"411":{"start":{"line":412,"column":0},"end":{"line":412,"column":25}},"412":{"start":{"line":413,"column":0},"end":{"line":413,"column":25}},"413":{"start":{"line":414,"column":0},"end":{"line":414,"column":53}},"414":{"start":{"line":415,"column":0},"end":{"line":415,"column":4}},"415":{"start":{"line":416,"column":0},"end":{"line":416,"column":55}},"417":{"start":{"line":418,"column":0},"end":{"line":418,"column":22}},"418":{"start":{"line":419,"column":0},"end":{"line":419,"column":41}},"419":{"start":{"line":420,"column":0},"end":{"line":420,"column":24}},"420":{"start":{"line":421,"column":0},"end":{"line":421,"column":40}},"421":{"start":{"line":422,"column":0},"end":{"line":422,"column":45}},"422":{"start":{"line":423,"column":0},"end":{"line":423,"column":47}},"423":{"start":{"line":424,"column":0},"end":{"line":424,"column":36}},"424":{"start":{"line":425,"column":0},"end":{"line":425,"column":74}},"425":{"start":{"line":426,"column":0},"end":{"line":426,"column":5}},"426":{"start":{"line":427,"column":0},"end":{"line":427,"column":4}},"427":{"start":{"line":428,"column":0},"end":{"line":428,"column":51}},"429":{"start":{"line":430,"column":0},"end":{"line":430,"column":55}},"430":{"start":{"line":431,"column":0},"end":{"line":431,"column":43}},"432":{"start":{"line":433,"column":0},"end":{"line":433,"column":57}},"433":{"start":{"line":434,"column":0},"end":{"line":434,"column":22}},"434":{"start":{"line":435,"column":0},"end":{"line":435,"column":26}},"435":{"start":{"line":436,"column":0},"end":{"line":436,"column":26}},"436":{"start":{"line":437,"column":0},"end":{"line":437,"column":54}},"437":{"start":{"line":438,"column":0},"end":{"line":438,"column":5}},"438":{"start":{"line":439,"column":0},"end":{"line":439,"column":50}},"440":{"start":{"line":441,"column":0},"end":{"line":441,"column":57}},"441":{"start":{"line":442,"column":0},"end":{"line":442,"column":22}},"442":{"start":{"line":443,"column":0},"end":{"line":443,"column":26}},"443":{"start":{"line":444,"column":0},"end":{"line":444,"column":26}},"444":{"start":{"line":445,"column":0},"end":{"line":445,"column":26}},"445":{"start":{"line":446,"column":0},"end":{"line":446,"column":52}},"446":{"start":{"line":447,"column":0},"end":{"line":447,"column":5}},"447":{"start":{"line":448,"column":0},"end":{"line":448,"column":50}},"449":{"start":{"line":450,"column":0},"end":{"line":450,"column":42}},"450":{"start":{"line":451,"column":0},"end":{"line":451,"column":25}},"451":{"start":{"line":452,"column":0},"end":{"line":452,"column":63}},"452":{"start":{"line":453,"column":0},"end":{"line":453,"column":5}},"453":{"start":{"line":454,"column":0},"end":{"line":454,"column":11}},"454":{"start":{"line":455,"column":0},"end":{"line":455,"column":175}},"455":{"start":{"line":456,"column":0},"end":{"line":456,"column":4}},"456":{"start":{"line":457,"column":0},"end":{"line":457,"column":10}},"457":{"start":{"line":458,"column":0},"end":{"line":458,"column":19}},"458":{"start":{"line":459,"column":0},"end":{"line":459,"column":202}},"459":{"start":{"line":460,"column":0},"end":{"line":460,"column":5}},"460":{"start":{"line":461,"column":0},"end":{"line":461,"column":3}},"461":{"start":{"line":462,"column":0},"end":{"line":462,"column":2}},"463":{"start":{"line":464,"column":0},"end":{"line":464,"column":145}},"464":{"start":{"line":465,"column":0},"end":{"line":465,"column":43}},"466":{"start":{"line":467,"column":0},"end":{"line":467,"column":43}},"467":{"start":{"line":468,"column":0},"end":{"line":468,"column":18}},"469":{"start":{"line":470,"column":0},"end":{"line":470,"column":42}},"471":{"start":{"line":472,"column":0},"end":{"line":472,"column":46}},"472":{"start":{"line":473,"column":0},"end":{"line":473,"column":30}},"473":{"start":{"line":474,"column":0},"end":{"line":474,"column":60}},"474":{"start":{"line":475,"column":0},"end":{"line":475,"column":46}},"475":{"start":{"line":476,"column":0},"end":{"line":476,"column":39}},"477":{"start":{"line":478,"column":0},"end":{"line":478,"column":53}},"478":{"start":{"line":479,"column":0},"end":{"line":479,"column":33}},"481":{"start":{"line":482,"column":0},"end":{"line":482,"column":79}},"482":{"start":{"line":483,"column":0},"end":{"line":483,"column":97}},"483":{"start":{"line":484,"column":0},"end":{"line":484,"column":63}},"484":{"start":{"line":485,"column":0},"end":{"line":485,"column":113}},"485":{"start":{"line":486,"column":0},"end":{"line":486,"column":55}},"486":{"start":{"line":487,"column":0},"end":{"line":487,"column":51}},"488":{"start":{"line":489,"column":0},"end":{"line":489,"column":103}},"489":{"start":{"line":490,"column":0},"end":{"line":490,"column":6}},"491":{"start":{"line":492,"column":0},"end":{"line":492,"column":21}},"492":{"start":{"line":493,"column":0},"end":{"line":493,"column":134}},"493":{"start":{"line":494,"column":0},"end":{"line":494,"column":13}},"494":{"start":{"line":495,"column":0},"end":{"line":495,"column":6}},"496":{"start":{"line":497,"column":0},"end":{"line":497,"column":33}},"497":{"start":{"line":498,"column":0},"end":{"line":498,"column":82}},"498":{"start":{"line":499,"column":0},"end":{"line":499,"column":13}},"499":{"start":{"line":500,"column":0},"end":{"line":500,"column":6}},"501":{"start":{"line":502,"column":0},"end":{"line":502,"column":99}},"502":{"start":{"line":503,"column":0},"end":{"line":503,"column":12}},"503":{"start":{"line":504,"column":0},"end":{"line":504,"column":57}},"504":{"start":{"line":505,"column":0},"end":{"line":505,"column":5}},"505":{"start":{"line":506,"column":0},"end":{"line":506,"column":6}},"506":{"start":{"line":507,"column":0},"end":{"line":507,"column":5}},"507":{"start":{"line":508,"column":0},"end":{"line":508,"column":2}},"509":{"start":{"line":510,"column":0},"end":{"line":510,"column":86}},"515":{"start":{"line":516,"column":0},"end":{"line":516,"column":32}},"516":{"start":{"line":517,"column":0},"end":{"line":517,"column":52}},"518":{"start":{"line":519,"column":0},"end":{"line":519,"column":31}},"519":{"start":{"line":520,"column":0},"end":{"line":520,"column":46}},"520":{"start":{"line":521,"column":0},"end":{"line":521,"column":3}},"522":{"start":{"line":523,"column":0},"end":{"line":523,"column":51}},"523":{"start":{"line":524,"column":0},"end":{"line":524,"column":51}},"524":{"start":{"line":525,"column":0},"end":{"line":525,"column":43}},"527":{"start":{"line":528,"column":0},"end":{"line":528,"column":58}},"528":{"start":{"line":529,"column":0},"end":{"line":529,"column":54}},"529":{"start":{"line":530,"column":0},"end":{"line":530,"column":83}},"530":{"start":{"line":531,"column":0},"end":{"line":531,"column":27}},"531":{"start":{"line":532,"column":0},"end":{"line":532,"column":45}},"532":{"start":{"line":533,"column":0},"end":{"line":533,"column":14}},"533":{"start":{"line":534,"column":0},"end":{"line":534,"column":37}},"534":{"start":{"line":535,"column":0},"end":{"line":535,"column":6}},"536":{"start":{"line":537,"column":0},"end":{"line":537,"column":50}},"537":{"start":{"line":538,"column":0},"end":{"line":538,"column":29}},"539":{"start":{"line":540,"column":0},"end":{"line":540,"column":25}},"540":{"start":{"line":541,"column":0},"end":{"line":541,"column":24}},"542":{"start":{"line":543,"column":0},"end":{"line":543,"column":65}},"544":{"start":{"line":545,"column":0},"end":{"line":545,"column":70}},"545":{"start":{"line":546,"column":0},"end":{"line":546,"column":39}},"546":{"start":{"line":547,"column":0},"end":{"line":547,"column":50}},"547":{"start":{"line":548,"column":0},"end":{"line":548,"column":49}},"548":{"start":{"line":549,"column":0},"end":{"line":549,"column":12}},"550":{"start":{"line":551,"column":0},"end":{"line":551,"column":62}},"551":{"start":{"line":552,"column":0},"end":{"line":552,"column":42}},"553":{"start":{"line":554,"column":0},"end":{"line":554,"column":39}},"554":{"start":{"line":555,"column":0},"end":{"line":555,"column":48}},"555":{"start":{"line":556,"column":0},"end":{"line":556,"column":52}},"556":{"start":{"line":557,"column":0},"end":{"line":557,"column":43}},"557":{"start":{"line":558,"column":0},"end":{"line":558,"column":6}},"558":{"start":{"line":559,"column":0},"end":{"line":559,"column":5}},"560":{"start":{"line":561,"column":0},"end":{"line":561,"column":23}},"561":{"start":{"line":562,"column":0},"end":{"line":562,"column":10}},"562":{"start":{"line":563,"column":0},"end":{"line":563,"column":13}},"563":{"start":{"line":564,"column":0},"end":{"line":564,"column":19}},"564":{"start":{"line":565,"column":0},"end":{"line":565,"column":7}},"566":{"start":{"line":567,"column":0},"end":{"line":567,"column":19}},"567":{"start":{"line":568,"column":0},"end":{"line":568,"column":4}},"568":{"start":{"line":569,"column":0},"end":{"line":569,"column":3}},"570":{"start":{"line":571,"column":0},"end":{"line":571,"column":16}},"571":{"start":{"line":572,"column":0},"end":{"line":572,"column":2}},"573":{"start":{"line":574,"column":0},"end":{"line":574,"column":76}},"574":{"start":{"line":575,"column":0},"end":{"line":575,"column":32}},"575":{"start":{"line":576,"column":0},"end":{"line":576,"column":47}},"577":{"start":{"line":578,"column":0},"end":{"line":578,"column":31}},"578":{"start":{"line":579,"column":0},"end":{"line":579,"column":46}},"579":{"start":{"line":580,"column":0},"end":{"line":580,"column":3}},"581":{"start":{"line":582,"column":0},"end":{"line":582,"column":51}},"582":{"start":{"line":583,"column":0},"end":{"line":583,"column":51}},"583":{"start":{"line":584,"column":0},"end":{"line":584,"column":43}},"587":{"start":{"line":588,"column":0},"end":{"line":588,"column":49}},"590":{"start":{"line":591,"column":0},"end":{"line":591,"column":22}},"592":{"start":{"line":593,"column":0},"end":{"line":593,"column":46}},"593":{"start":{"line":594,"column":0},"end":{"line":594,"column":50}},"595":{"start":{"line":596,"column":0},"end":{"line":596,"column":39}},"597":{"start":{"line":598,"column":0},"end":{"line":598,"column":82}},"598":{"start":{"line":599,"column":0},"end":{"line":599,"column":40}},"600":{"start":{"line":601,"column":0},"end":{"line":601,"column":5}},"602":{"start":{"line":603,"column":0},"end":{"line":603,"column":19}},"603":{"start":{"line":604,"column":0},"end":{"line":604,"column":4}},"604":{"start":{"line":605,"column":0},"end":{"line":605,"column":3}},"611":{"start":{"line":612,"column":0},"end":{"line":612,"column":16}},"612":{"start":{"line":613,"column":0},"end":{"line":613,"column":2}},"614":{"start":{"line":615,"column":0},"end":{"line":615,"column":52}},"615":{"start":{"line":616,"column":0},"end":{"line":616,"column":30}},"616":{"start":{"line":617,"column":0},"end":{"line":617,"column":31}},"618":{"start":{"line":619,"column":0},"end":{"line":619,"column":27}},"619":{"start":{"line":620,"column":0},"end":{"line":620,"column":33}},"620":{"start":{"line":621,"column":0},"end":{"line":621,"column":3}},"622":{"start":{"line":623,"column":0},"end":{"line":623,"column":32}},"623":{"start":{"line":624,"column":0},"end":{"line":624,"column":33}},"624":{"start":{"line":625,"column":0},"end":{"line":625,"column":41}},"625":{"start":{"line":626,"column":0},"end":{"line":626,"column":29}},"626":{"start":{"line":627,"column":0},"end":{"line":627,"column":41}},"627":{"start":{"line":628,"column":0},"end":{"line":628,"column":29}},"628":{"start":{"line":629,"column":0},"end":{"line":629,"column":3}},"630":{"start":{"line":631,"column":0},"end":{"line":631,"column":32}},"631":{"start":{"line":632,"column":0},"end":{"line":632,"column":2}},"633":{"start":{"line":634,"column":0},"end":{"line":634,"column":70}},"634":{"start":{"line":635,"column":0},"end":{"line":635,"column":47}},"635":{"start":{"line":636,"column":0},"end":{"line":636,"column":50}},"636":{"start":{"line":637,"column":0},"end":{"line":637,"column":43}},"637":{"start":{"line":638,"column":0},"end":{"line":638,"column":50}},"639":{"start":{"line":640,"column":0},"end":{"line":640,"column":46}},"641":{"start":{"line":642,"column":0},"end":{"line":642,"column":51}},"642":{"start":{"line":643,"column":0},"end":{"line":643,"column":32}},"643":{"start":{"line":644,"column":0},"end":{"line":644,"column":36}},"644":{"start":{"line":645,"column":0},"end":{"line":645,"column":29}},"645":{"start":{"line":646,"column":0},"end":{"line":646,"column":70}},"648":{"start":{"line":649,"column":0},"end":{"line":649,"column":40}},"649":{"start":{"line":650,"column":0},"end":{"line":650,"column":32}},"651":{"start":{"line":652,"column":0},"end":{"line":652,"column":5}},"652":{"start":{"line":653,"column":0},"end":{"line":653,"column":34}},"653":{"start":{"line":654,"column":0},"end":{"line":654,"column":14}},"654":{"start":{"line":655,"column":0},"end":{"line":655,"column":5}},"655":{"start":{"line":656,"column":0},"end":{"line":656,"column":40}},"656":{"start":{"line":657,"column":0},"end":{"line":657,"column":40}},"657":{"start":{"line":658,"column":0},"end":{"line":658,"column":87}},"658":{"start":{"line":659,"column":0},"end":{"line":659,"column":37}},"659":{"start":{"line":660,"column":0},"end":{"line":660,"column":40}},"660":{"start":{"line":661,"column":0},"end":{"line":661,"column":34}},"661":{"start":{"line":662,"column":0},"end":{"line":662,"column":72}},"662":{"start":{"line":663,"column":0},"end":{"line":663,"column":42}},"663":{"start":{"line":664,"column":0},"end":{"line":664,"column":40}},"664":{"start":{"line":665,"column":0},"end":{"line":665,"column":37}},"665":{"start":{"line":666,"column":0},"end":{"line":666,"column":37}},"666":{"start":{"line":667,"column":0},"end":{"line":667,"column":40}},"667":{"start":{"line":668,"column":0},"end":{"line":668,"column":25}},"668":{"start":{"line":669,"column":0},"end":{"line":669,"column":12}},"670":{"start":{"line":671,"column":0},"end":{"line":671,"column":5}},"688":{"start":{"line":689,"column":0},"end":{"line":689,"column":46}},"690":{"start":{"line":691,"column":0},"end":{"line":691,"column":38}},"691":{"start":{"line":692,"column":0},"end":{"line":692,"column":41}},"692":{"start":{"line":693,"column":0},"end":{"line":693,"column":41}},"693":{"start":{"line":694,"column":0},"end":{"line":694,"column":48}},"694":{"start":{"line":695,"column":0},"end":{"line":695,"column":25}},"695":{"start":{"line":696,"column":0},"end":{"line":696,"column":38}},"696":{"start":{"line":697,"column":0},"end":{"line":697,"column":5}},"697":{"start":{"line":698,"column":0},"end":{"line":698,"column":43}},"699":{"start":{"line":700,"column":0},"end":{"line":700,"column":66}},"700":{"start":{"line":701,"column":0},"end":{"line":701,"column":4}},"701":{"start":{"line":702,"column":0},"end":{"line":702,"column":3}},"703":{"start":{"line":704,"column":0},"end":{"line":704,"column":19}},"704":{"start":{"line":705,"column":0},"end":{"line":705,"column":2}},"785":{"start":{"line":786,"column":0},"end":{"line":786,"column":96}},"788":{"start":{"line":789,"column":0},"end":{"line":789,"column":50}},"796":{"start":{"line":797,"column":0},"end":{"line":797,"column":49}},"797":{"start":{"line":798,"column":0},"end":{"line":798,"column":31}},"798":{"start":{"line":799,"column":0},"end":{"line":799,"column":31}},"799":{"start":{"line":800,"column":0},"end":{"line":800,"column":5}},"801":{"start":{"line":802,"column":0},"end":{"line":802,"column":45}},"802":{"start":{"line":803,"column":0},"end":{"line":803,"column":38}},"804":{"start":{"line":805,"column":0},"end":{"line":805,"column":118}},"810":{"start":{"line":811,"column":0},"end":{"line":811,"column":40}},"811":{"start":{"line":812,"column":0},"end":{"line":812,"column":50}},"812":{"start":{"line":813,"column":0},"end":{"line":813,"column":15}},"813":{"start":{"line":814,"column":0},"end":{"line":814,"column":34}},"814":{"start":{"line":815,"column":0},"end":{"line":815,"column":27}},"815":{"start":{"line":816,"column":0},"end":{"line":816,"column":27}},"816":{"start":{"line":817,"column":0},"end":{"line":817,"column":6}},"817":{"start":{"line":818,"column":0},"end":{"line":818,"column":11}},"818":{"start":{"line":819,"column":0},"end":{"line":819,"column":5}},"819":{"start":{"line":820,"column":0},"end":{"line":820,"column":4}},"822":{"start":{"line":823,"column":0},"end":{"line":823,"column":3}},"823":{"start":{"line":824,"column":0},"end":{"line":824,"column":2}},"824":{"start":{"line":825,"column":0},"end":{"line":825,"column":1}},"826":{"start":{"line":827,"column":0},"end":{"line":827,"column":21}}},"s":{"1":1,"5":1,"7":1,"8":1,"10":1,"11":1,"12":1,"13":1,"15":1,"16":35,"17":35,"18":35,"20":35,"21":35,"22":34,"23":34,"25":35,"26":25,"27":25,"29":35,"30":35,"32":35,"33":4,"34":4,"35":4,"36":4,"37":4,"39":35,"40":27,"41":27,"42":27,"43":27,"45":27,"47":27,"48":27,"50":35,"52":27,"54":27,"55":27,"57":27,"59":27,"60":0,"61":0,"62":0,"64":27,"65":0,"66":0,"67":0,"69":27,"70":27,"72":35,"73":9,"74":9,"76":9,"77":9,"78":9,"80":9,"81":9,"82":9,"83":9,"85":9,"86":4,"87":17,"88":17,"90":17,"91":17,"92":17,"93":17,"94":17,"95":17,"96":4,"98":9,"99":9,"101":35,"102":17,"104":17,"105":17,"106":17,"107":17,"108":17,"109":17,"112":17,"114":17,"115":127,"117":127,"118":127,"120":127,"122":127,"123":127,"125":17,"126":17,"128":35,"129":28,"130":26,"132":26,"133":255,"134":143,"135":143,"136":143,"137":143,"138":143,"139":143,"140":143,"141":143,"142":255,"144":26,"145":143,"146":143,"148":26,"149":28,"151":35,"152":45,"153":35,"155":35,"156":782,"157":782,"159":35,"160":33,"162":43,"163":45,"165":35,"166":312,"167":312,"168":312,"171":312,"172":41,"173":6,"174":6,"175":35,"176":35,"179":312,"180":14,"181":4,"182":4,"183":10,"184":10,"187":299,"188":46,"189":5,"190":5,"191":41,"192":41,"195":243,"196":29,"197":3,"198":3,"199":26,"200":26,"202":182,"203":312,"205":35,"206":143,"208":143,"209":143,"210":143,"211":143,"212":143,"214":143,"215":143,"216":143,"217":143,"219":143,"221":143,"222":10,"223":10,"225":143,"227":143,"228":143,"230":143,"231":24635,"233":24635,"234":24635,"236":24635,"237":2418,"238":2418,"239":2418,"240":7,"241":7,"242":2418,"244":24635,"245":24635,"246":8401,"247":8401,"249":8401,"250":105,"251":105,"252":8401,"253":24635,"255":24635,"256":24635,"257":16092,"258":410,"259":410,"260":16092,"261":24635,"263":24635,"264":24635,"265":24635,"267":24635,"268":8372,"269":8372,"270":24635,"272":143,"273":143,"274":143,"275":143,"276":143,"278":143,"279":0,"280":0,"282":143,"283":143,"285":35,"286":10,"289":10,"291":10,"292":119,"294":119,"295":119,"297":27,"298":27,"300":27,"301":27,"302":27,"303":27,"304":27,"306":27,"308":27,"309":119,"310":1,"311":119,"312":26,"313":26,"314":119,"316":10,"317":10,"319":35,"320":3,"321":3,"323":3,"324":20,"325":20,"326":20,"328":20,"329":20,"331":20,"332":15750,"333":100,"334":100,"335":100,"337":100,"339":100,"340":80,"341":80,"343":100,"344":10,"345":10,"348":10,"350":10,"351":10,"352":10,"353":10,"354":1,"355":1,"356":10,"357":9,"358":9,"359":9,"360":9,"361":9,"362":9,"363":9,"364":9,"365":9,"366":10,"369":10,"370":10,"372":10,"374":10,"375":10,"376":10,"377":10,"378":10,"380":0,"381":0,"383":0,"384":0,"385":0,"386":0,"387":0,"388":0,"390":10,"391":10,"392":10,"393":10,"394":10,"395":10,"396":10,"397":10,"398":10,"399":15750,"400":20,"401":20,"403":3,"404":3,"406":35,"407":9,"409":9,"410":6395987,"411":6395987,"412":6395987,"413":6395987,"414":6395987,"415":9,"417":0,"418":0,"419":0,"420":0,"421":0,"422":0,"423":0,"424":0,"425":0,"426":0,"427":0,"429":0,"430":0,"432":0,"433":0,"434":0,"435":0,"436":0,"437":0,"438":0,"440":0,"441":0,"442":0,"443":0,"444":0,"445":0,"446":0,"447":0,"449":0,"450":0,"451":0,"452":0,"453":0,"454":0,"455":0,"456":0,"457":0,"458":0,"459":0,"460":0,"461":9,"463":35,"464":100,"466":100,"467":100,"469":100,"471":100,"472":2,"473":100,"474":98,"475":98,"477":0,"478":0,"481":0,"482":0,"483":0,"484":0,"485":0,"486":0,"488":0,"489":0,"491":100,"492":0,"493":0,"494":0,"496":100,"497":0,"498":0,"499":0,"501":100,"502":100,"503":0,"504":0,"505":100,"506":100,"507":100,"509":35,"515":1,"516":1,"518":1,"519":0,"520":0,"522":1,"523":14,"524":14,"527":14,"528":14,"529":14,"530":14,"531":14,"532":14,"533":14,"534":14,"536":14,"537":14,"539":14,"540":14,"542":14,"544":14,"545":14,"546":14,"547":14,"548":14,"550":0,"551":0,"553":0,"554":0,"555":0,"556":0,"557":0,"558":0,"560":14,"561":14,"562":14,"563":14,"564":14,"566":14,"567":14,"568":14,"570":1,"571":1,"573":35,"574":4,"575":4,"577":4,"578":0,"579":0,"581":4,"582":6,"583":6,"587":6,"590":6,"592":6,"593":6,"595":6,"597":11,"598":11,"600":11,"602":6,"603":6,"604":6,"611":4,"612":4,"614":35,"615":154,"616":154,"618":154,"619":0,"620":0,"622":154,"623":0,"624":154,"625":89,"626":114,"627":65,"628":65,"630":0,"631":154,"633":35,"634":6,"635":6,"636":6,"637":6,"639":6,"641":6,"642":3959,"643":3959,"644":3959,"645":3959,"648":3959,"649":344,"651":22,"652":344,"653":190,"654":190,"655":154,"656":344,"657":0,"658":0,"659":0,"660":0,"661":344,"662":154,"663":154,"664":154,"665":154,"666":154,"667":154,"668":154,"670":0,"688":3959,"690":3615,"691":372,"692":3615,"693":372,"694":372,"695":372,"696":372,"697":3243,"699":210,"700":210,"701":3959,"703":6,"704":6,"785":35,"788":6,"796":6,"797":6,"798":6,"799":6,"801":6,"802":385,"804":385,"810":385,"811":673,"812":673,"813":353,"814":353,"815":52,"816":52,"817":353,"818":353,"819":673,"822":385,"823":6,"824":35,"826":1},"branchMap":{"0":{"type":"branch","line":16,"loc":{"start":{"line":16,"column":22},"end":{"line":825,"column":1}},"locations":[{"start":{"line":16,"column":22},"end":{"line":825,"column":1}}]},"1":{"type":"branch","line":21,"loc":{"start":{"line":21,"column":1},"end":{"line":31,"column":2}},"locations":[{"start":{"line":21,"column":1},"end":{"line":31,"column":2}}]},"2":{"type":"branch","line":22,"loc":{"start":{"line":22,"column":39},"end":{"line":24,"column":3}},"locations":[{"start":{"line":22,"column":39},"end":{"line":24,"column":3}}]},"3":{"type":"branch","line":26,"loc":{"start":{"line":26,"column":71},"end":{"line":28,"column":3}},"locations":[{"start":{"line":26,"column":71},"end":{"line":28,"column":3}}]},"4":{"type":"branch","line":33,"loc":{"start":{"line":33,"column":1},"end":{"line":38,"column":2}},"locations":[{"start":{"line":33,"column":1},"end":{"line":38,"column":2}}]},"5":{"type":"branch","line":40,"loc":{"start":{"line":40,"column":1},"end":{"line":49,"column":2}},"locations":[{"start":{"line":40,"column":1},"end":{"line":49,"column":2}}]},"6":{"type":"branch","line":46,"loc":{"start":{"line":46,"column":22},"end":{"line":46,"column":83}},"locations":[{"start":{"line":46,"column":22},"end":{"line":46,"column":83}}]},"7":{"type":"branch","line":46,"loc":{"start":{"line":46,"column":67},"end":{"line":46,"column":119}},"locations":[{"start":{"line":46,"column":67},"end":{"line":46,"column":119}}]},"8":{"type":"branch","line":51,"loc":{"start":{"line":51,"column":15},"end":{"line":71,"column":2}},"locations":[{"start":{"line":51,"column":15},"end":{"line":71,"column":2}}]},"9":{"type":"branch","line":58,"loc":{"start":{"line":58,"column":43},"end":{"line":58,"column":53}},"locations":[{"start":{"line":58,"column":43},"end":{"line":58,"column":53}}]},"10":{"type":"branch","line":60,"loc":{"start":{"line":60,"column":31},"end":{"line":63,"column":3}},"locations":[{"start":{"line":60,"column":31},"end":{"line":63,"column":3}}]},"11":{"type":"branch","line":65,"loc":{"start":{"line":65,"column":26},"end":{"line":68,"column":3}},"locations":[{"start":{"line":65,"column":26},"end":{"line":68,"column":3}}]},"12":{"type":"branch","line":73,"loc":{"start":{"line":73,"column":1},"end":{"line":100,"column":2}},"locations":[{"start":{"line":73,"column":1},"end":{"line":100,"column":2}}]},"13":{"type":"branch","line":86,"loc":{"start":{"line":86,"column":30},"end":{"line":97,"column":3}},"locations":[{"start":{"line":86,"column":30},"end":{"line":97,"column":3}}]},"14":{"type":"branch","line":87,"loc":{"start":{"line":87,"column":51},"end":{"line":96,"column":4}},"locations":[{"start":{"line":87,"column":51},"end":{"line":96,"column":4}}]},"15":{"type":"branch","line":92,"loc":{"start":{"line":92,"column":32},"end":{"line":92,"column":62}},"locations":[{"start":{"line":92,"column":32},"end":{"line":92,"column":62}}]},"16":{"type":"branch","line":102,"loc":{"start":{"line":102,"column":1},"end":{"line":127,"column":2}},"locations":[{"start":{"line":102,"column":1},"end":{"line":127,"column":2}}]},"17":{"type":"branch","line":113,"loc":{"start":{"line":113,"column":82},"end":{"line":113,"column":91}},"locations":[{"start":{"line":113,"column":82},"end":{"line":113,"column":91}}]},"18":{"type":"branch","line":115,"loc":{"start":{"line":115,"column":31},"end":{"line":124,"column":3}},"locations":[{"start":{"line":115,"column":31},"end":{"line":124,"column":3}}]},"19":{"type":"branch","line":116,"loc":{"start":{"line":116,"column":29},"end":{"line":116,"column":38}},"locations":[{"start":{"line":116,"column":29},"end":{"line":116,"column":38}}]},"20":{"type":"branch","line":118,"loc":{"start":{"line":118,"column":25},"end":{"line":118,"column":44}},"locations":[{"start":{"line":118,"column":25},"end":{"line":118,"column":44}}]},"21":{"type":"branch","line":119,"loc":{"start":{"line":119,"column":13},"end":{"line":119,"column":22}},"locations":[{"start":{"line":119,"column":13},"end":{"line":119,"column":22}}]},"22":{"type":"branch","line":119,"loc":{"start":{"line":119,"column":13},"end":{"line":121,"column":42}},"locations":[{"start":{"line":119,"column":13},"end":{"line":121,"column":42}}]},"23":{"type":"branch","line":121,"loc":{"start":{"line":121,"column":26},"end":{"line":121,"column":45}},"locations":[{"start":{"line":121,"column":26},"end":{"line":121,"column":45}}]},"24":{"type":"branch","line":129,"loc":{"start":{"line":129,"column":1},"end":{"line":150,"column":2}},"locations":[{"start":{"line":129,"column":1},"end":{"line":150,"column":2}}]},"25":{"type":"branch","line":130,"loc":{"start":{"line":130,"column":30},"end":{"line":149,"column":16}},"locations":[{"start":{"line":130,"column":30},"end":{"line":149,"column":16}}]},"26":{"type":"branch","line":133,"loc":{"start":{"line":133,"column":50},"end":{"line":143,"column":3}},"locations":[{"start":{"line":133,"column":50},"end":{"line":143,"column":3}}]},"27":{"type":"branch","line":134,"loc":{"start":{"line":134,"column":50},"end":{"line":142,"column":4}},"locations":[{"start":{"line":134,"column":50},"end":{"line":142,"column":4}}]},"28":{"type":"branch","line":145,"loc":{"start":{"line":145,"column":35},"end":{"line":147,"column":3}},"locations":[{"start":{"line":145,"column":35},"end":{"line":147,"column":3}}]},"29":{"type":"branch","line":152,"loc":{"start":{"line":152,"column":1},"end":{"line":164,"column":2}},"locations":[{"start":{"line":152,"column":1},"end":{"line":164,"column":2}}]},"30":{"type":"branch","line":153,"loc":{"start":{"line":153,"column":30},"end":{"line":161,"column":3}},"locations":[{"start":{"line":153,"column":30},"end":{"line":161,"column":3}}]},"31":{"type":"branch","line":160,"loc":{"start":{"line":160,"column":32},"end":{"line":161,"column":3}},"locations":[{"start":{"line":160,"column":32},"end":{"line":161,"column":3}}]},"32":{"type":"branch","line":161,"loc":{"start":{"line":161,"column":2},"end":{"line":163,"column":18}},"locations":[{"start":{"line":161,"column":2},"end":{"line":163,"column":18}}]},"33":{"type":"branch","line":156,"loc":{"start":{"line":156,"column":28},"end":{"line":158,"column":5}},"locations":[{"start":{"line":156,"column":28},"end":{"line":158,"column":5}}]},"34":{"type":"branch","line":166,"loc":{"start":{"line":166,"column":9},"end":{"line":204,"column":2}},"locations":[{"start":{"line":166,"column":9},"end":{"line":204,"column":2}}]},"35":{"type":"branch","line":167,"loc":{"start":{"line":167,"column":27},"end":{"line":167,"column":41}},"locations":[{"start":{"line":167,"column":27},"end":{"line":167,"column":41}}]},"36":{"type":"branch","line":168,"loc":{"start":{"line":168,"column":25},"end":{"line":168,"column":36}},"locations":[{"start":{"line":168,"column":25},"end":{"line":168,"column":36}}]},"37":{"type":"branch","line":169,"loc":{"start":{"line":169,"column":24},"end":{"line":169,"column":34}},"locations":[{"start":{"line":169,"column":24},"end":{"line":169,"column":34}}]},"38":{"type":"branch","line":172,"loc":{"start":{"line":172,"column":33},"end":{"line":177,"column":3}},"locations":[{"start":{"line":172,"column":33},"end":{"line":177,"column":3}}]},"39":{"type":"branch","line":173,"loc":{"start":{"line":173,"column":45},"end":{"line":175,"column":4}},"locations":[{"start":{"line":173,"column":45},"end":{"line":175,"column":4}}]},"40":{"type":"branch","line":175,"loc":{"start":{"line":175,"column":3},"end":{"line":177,"column":3}},"locations":[{"start":{"line":175,"column":3},"end":{"line":177,"column":3}}]},"41":{"type":"branch","line":177,"loc":{"start":{"line":177,"column":2},"end":{"line":180,"column":43}},"locations":[{"start":{"line":177,"column":2},"end":{"line":180,"column":43}}]},"42":{"type":"branch","line":177,"loc":{"start":{"line":177,"column":2},"end":{"line":180,"column":26}},"locations":[{"start":{"line":177,"column":2},"end":{"line":180,"column":26}}]},"43":{"type":"branch","line":180,"loc":{"start":{"line":180,"column":21},"end":{"line":180,"column":43}},"locations":[{"start":{"line":180,"column":21},"end":{"line":180,"column":43}}]},"44":{"type":"branch","line":180,"loc":{"start":{"line":180,"column":43},"end":{"line":203,"column":14}},"locations":[{"start":{"line":180,"column":43},"end":{"line":203,"column":14}}]},"45":{"type":"branch","line":180,"loc":{"start":{"line":180,"column":43},"end":{"line":185,"column":3}},"locations":[{"start":{"line":180,"column":43},"end":{"line":185,"column":3}}]},"46":{"type":"branch","line":181,"loc":{"start":{"line":181,"column":29},"end":{"line":181,"column":66}},"locations":[{"start":{"line":181,"column":29},"end":{"line":181,"column":66}}]},"47":{"type":"branch","line":181,"loc":{"start":{"line":181,"column":66},"end":{"line":183,"column":4}},"locations":[{"start":{"line":181,"column":66},"end":{"line":183,"column":4}}]},"48":{"type":"branch","line":183,"loc":{"start":{"line":183,"column":3},"end":{"line":185,"column":3}},"locations":[{"start":{"line":183,"column":3},"end":{"line":185,"column":3}}]},"49":{"type":"branch","line":185,"loc":{"start":{"line":185,"column":2},"end":{"line":188,"column":24}},"locations":[{"start":{"line":185,"column":2},"end":{"line":188,"column":24}}]},"50":{"type":"branch","line":188,"loc":{"start":{"line":188,"column":24},"end":{"line":193,"column":3}},"locations":[{"start":{"line":188,"column":24},"end":{"line":193,"column":3}}]},"51":{"type":"branch","line":189,"loc":{"start":{"line":189,"column":36},"end":{"line":191,"column":4}},"locations":[{"start":{"line":189,"column":36},"end":{"line":191,"column":4}}]},"52":{"type":"branch","line":191,"loc":{"start":{"line":191,"column":3},"end":{"line":193,"column":3}},"locations":[{"start":{"line":191,"column":3},"end":{"line":193,"column":3}}]},"53":{"type":"branch","line":193,"loc":{"start":{"line":193,"column":2},"end":{"line":201,"column":3}},"locations":[{"start":{"line":193,"column":2},"end":{"line":201,"column":3}}]},"54":{"type":"branch","line":193,"loc":{"start":{"line":193,"column":2},"end":{"line":196,"column":23}},"locations":[{"start":{"line":193,"column":2},"end":{"line":196,"column":23}}]},"55":{"type":"branch","line":196,"loc":{"start":{"line":196,"column":23},"end":{"line":201,"column":3}},"locations":[{"start":{"line":196,"column":23},"end":{"line":201,"column":3}}]},"56":{"type":"branch","line":197,"loc":{"start":{"line":197,"column":46},"end":{"line":199,"column":4}},"locations":[{"start":{"line":197,"column":46},"end":{"line":199,"column":4}}]},"57":{"type":"branch","line":199,"loc":{"start":{"line":199,"column":3},"end":{"line":201,"column":3}},"locations":[{"start":{"line":199,"column":3},"end":{"line":201,"column":3}}]},"58":{"type":"branch","line":201,"loc":{"start":{"line":201,"column":2},"end":{"line":203,"column":14}},"locations":[{"start":{"line":201,"column":2},"end":{"line":203,"column":14}}]},"59":{"type":"branch","line":206,"loc":{"start":{"line":206,"column":1},"end":{"line":284,"column":2}},"locations":[{"start":{"line":206,"column":1},"end":{"line":284,"column":2}}]},"60":{"type":"branch","line":209,"loc":{"start":{"line":209,"column":33},"end":{"line":209,"column":54}},"locations":[{"start":{"line":209,"column":33},"end":{"line":209,"column":54}}]},"61":{"type":"branch","line":210,"loc":{"start":{"line":210,"column":33},"end":{"line":210,"column":52}},"locations":[{"start":{"line":210,"column":33},"end":{"line":210,"column":52}}]},"62":{"type":"branch","line":211,"loc":{"start":{"line":211,"column":33},"end":{"line":211,"column":55}},"locations":[{"start":{"line":211,"column":33},"end":{"line":211,"column":55}}]},"63":{"type":"branch","line":212,"loc":{"start":{"line":212,"column":31},"end":{"line":212,"column":51}},"locations":[{"start":{"line":212,"column":31},"end":{"line":212,"column":51}}]},"64":{"type":"branch","line":213,"loc":{"start":{"line":213,"column":30},"end":{"line":213,"column":82}},"locations":[{"start":{"line":213,"column":30},"end":{"line":213,"column":82}}]},"65":{"type":"branch","line":222,"loc":{"start":{"line":222,"column":30},"end":{"line":224,"column":3}},"locations":[{"start":{"line":222,"column":30},"end":{"line":224,"column":3}}]},"66":{"type":"branch","line":231,"loc":{"start":{"line":231,"column":40},"end":{"line":271,"column":3}},"locations":[{"start":{"line":231,"column":40},"end":{"line":271,"column":3}}]},"67":{"type":"branch","line":232,"loc":{"start":{"line":232,"column":25},"end":{"line":232,"column":34}},"locations":[{"start":{"line":232,"column":25},"end":{"line":232,"column":34}}]},"68":{"type":"branch","line":234,"loc":{"start":{"line":234,"column":19},"end":{"line":234,"column":47}},"locations":[{"start":{"line":234,"column":19},"end":{"line":234,"column":47}}]},"69":{"type":"branch","line":237,"loc":{"start":{"line":237,"column":31},"end":{"line":243,"column":4}},"locations":[{"start":{"line":237,"column":31},"end":{"line":243,"column":4}}]},"70":{"type":"branch","line":238,"loc":{"start":{"line":238,"column":37},"end":{"line":238,"column":45}},"locations":[{"start":{"line":238,"column":37},"end":{"line":238,"column":45}}]},"71":{"type":"branch","line":240,"loc":{"start":{"line":240,"column":13},"end":{"line":242,"column":5}},"locations":[{"start":{"line":240,"column":13},"end":{"line":242,"column":5}}]},"72":{"type":"branch","line":246,"loc":{"start":{"line":246,"column":18},"end":{"line":246,"column":75}},"locations":[{"start":{"line":246,"column":18},"end":{"line":246,"column":75}}]},"73":{"type":"branch","line":246,"loc":{"start":{"line":246,"column":75},"end":{"line":253,"column":5}},"locations":[{"start":{"line":246,"column":75},"end":{"line":253,"column":5}}]},"74":{"type":"branch","line":247,"loc":{"start":{"line":247,"column":62},"end":{"line":247,"column":76}},"locations":[{"start":{"line":247,"column":62},"end":{"line":247,"column":76}}]},"75":{"type":"branch","line":248,"loc":{"start":{"line":248,"column":87},"end":{"line":248,"column":106}},"locations":[{"start":{"line":248,"column":87},"end":{"line":248,"column":106}}]},"76":{"type":"branch","line":250,"loc":{"start":{"line":250,"column":38},"end":{"line":250,"column":73}},"locations":[{"start":{"line":250,"column":38},"end":{"line":250,"column":73}}]},"77":{"type":"branch","line":250,"loc":{"start":{"line":250,"column":73},"end":{"line":252,"column":6}},"locations":[{"start":{"line":250,"column":73},"end":{"line":252,"column":6}}]},"78":{"type":"branch","line":257,"loc":{"start":{"line":257,"column":18},"end":{"line":257,"column":75}},"locations":[{"start":{"line":257,"column":18},"end":{"line":257,"column":75}}]},"79":{"type":"branch","line":257,"loc":{"start":{"line":257,"column":75},"end":{"line":261,"column":5}},"locations":[{"start":{"line":257,"column":75},"end":{"line":261,"column":5}}]},"80":{"type":"branch","line":258,"loc":{"start":{"line":258,"column":76},"end":{"line":260,"column":6}},"locations":[{"start":{"line":258,"column":76},"end":{"line":260,"column":6}}]},"81":{"type":"branch","line":268,"loc":{"start":{"line":268,"column":20},"end":{"line":270,"column":4}},"locations":[{"start":{"line":268,"column":20},"end":{"line":270,"column":4}}]},"82":{"type":"branch","line":279,"loc":{"start":{"line":279,"column":25},"end":{"line":281,"column":3}},"locations":[{"start":{"line":279,"column":25},"end":{"line":281,"column":3}}]},"83":{"type":"branch","line":239,"loc":{"start":{"line":239,"column":28},"end":{"line":239,"column":113}},"locations":[{"start":{"line":239,"column":28},"end":{"line":239,"column":113}}]},"84":{"type":"branch","line":286,"loc":{"start":{"line":286,"column":1},"end":{"line":318,"column":2}},"locations":[{"start":{"line":286,"column":1},"end":{"line":318,"column":2}}]},"85":{"type":"branch","line":290,"loc":{"start":{"line":290,"column":82},"end":{"line":290,"column":91}},"locations":[{"start":{"line":290,"column":82},"end":{"line":290,"column":91}}]},"86":{"type":"branch","line":292,"loc":{"start":{"line":292,"column":31},"end":{"line":315,"column":3}},"locations":[{"start":{"line":292,"column":31},"end":{"line":315,"column":3}}]},"87":{"type":"branch","line":293,"loc":{"start":{"line":293,"column":29},"end":{"line":293,"column":38}},"locations":[{"start":{"line":293,"column":29},"end":{"line":293,"column":38}}]},"88":{"type":"branch","line":295,"loc":{"start":{"line":295,"column":25},"end":{"line":295,"column":44}},"locations":[{"start":{"line":295,"column":25},"end":{"line":295,"column":44}}]},"89":{"type":"branch","line":296,"loc":{"start":{"line":296,"column":13},"end":{"line":296,"column":22}},"locations":[{"start":{"line":296,"column":13},"end":{"line":296,"column":22}}]},"90":{"type":"branch","line":296,"loc":{"start":{"line":296,"column":13},"end":{"line":299,"column":23}},"locations":[{"start":{"line":296,"column":13},"end":{"line":299,"column":23}}]},"91":{"type":"branch","line":299,"loc":{"start":{"line":299,"column":14},"end":{"line":299,"column":23}},"locations":[{"start":{"line":299,"column":14},"end":{"line":299,"column":23}}]},"92":{"type":"branch","line":299,"loc":{"start":{"line":299,"column":14},"end":{"line":310,"column":11}},"locations":[{"start":{"line":299,"column":14},"end":{"line":310,"column":11}}]},"93":{"type":"branch","line":310,"loc":{"start":{"line":310,"column":11},"end":{"line":312,"column":10}},"locations":[{"start":{"line":310,"column":11},"end":{"line":312,"column":10}}]},"94":{"type":"branch","line":312,"loc":{"start":{"line":312,"column":3},"end":{"line":314,"column":4}},"locations":[{"start":{"line":312,"column":3},"end":{"line":314,"column":4}}]},"95":{"type":"branch","line":320,"loc":{"start":{"line":320,"column":1},"end":{"line":405,"column":2}},"locations":[{"start":{"line":320,"column":1},"end":{"line":405,"column":2}}]},"96":{"type":"branch","line":324,"loc":{"start":{"line":324,"column":50},"end":{"line":402,"column":3}},"locations":[{"start":{"line":324,"column":50},"end":{"line":402,"column":3}}]},"97":{"type":"branch","line":332,"loc":{"start":{"line":332,"column":49},"end":{"line":400,"column":5}},"locations":[{"start":{"line":332,"column":49},"end":{"line":400,"column":5}}]},"98":{"type":"branch","line":333,"loc":{"start":{"line":333,"column":113},"end":{"line":399,"column":6}},"locations":[{"start":{"line":333,"column":113},"end":{"line":399,"column":6}}]},"99":{"type":"branch","line":336,"loc":{"start":{"line":336,"column":25},"end":{"line":336,"column":87}},"locations":[{"start":{"line":336,"column":25},"end":{"line":336,"column":87}}]},"100":{"type":"branch","line":340,"loc":{"start":{"line":340,"column":17},"end":{"line":340,"column":64}},"locations":[{"start":{"line":340,"column":17},"end":{"line":340,"column":64}}]},"101":{"type":"branch","line":340,"loc":{"start":{"line":340,"column":64},"end":{"line":342,"column":7}},"locations":[{"start":{"line":340,"column":64},"end":{"line":342,"column":7}}]},"102":{"type":"branch","line":342,"loc":{"start":{"line":342,"column":6},"end":{"line":344,"column":67}},"locations":[{"start":{"line":342,"column":6},"end":{"line":344,"column":67}}]},"103":{"type":"branch","line":344,"loc":{"start":{"line":344,"column":17},"end":{"line":344,"column":67}},"locations":[{"start":{"line":344,"column":17},"end":{"line":344,"column":67}}]},"104":{"type":"branch","line":344,"loc":{"start":{"line":344,"column":67},"end":{"line":399,"column":6}},"locations":[{"start":{"line":344,"column":67},"end":{"line":399,"column":6}}]},"105":{"type":"branch","line":354,"loc":{"start":{"line":354,"column":47},"end":{"line":357,"column":13}},"locations":[{"start":{"line":354,"column":47},"end":{"line":357,"column":13}}]},"106":{"type":"branch","line":357,"loc":{"start":{"line":357,"column":6},"end":{"line":366,"column":7}},"locations":[{"start":{"line":357,"column":6},"end":{"line":366,"column":7}}]},"107":{"type":"branch","line":379,"loc":{"start":{"line":379,"column":6},"end":{"line":389,"column":7}},"locations":[{"start":{"line":379,"column":6},"end":{"line":389,"column":7}}]},"108":{"type":"branch","line":407,"loc":{"start":{"line":407,"column":9},"end":{"line":462,"column":2}},"locations":[{"start":{"line":407,"column":9},"end":{"line":462,"column":2}}]},"109":{"type":"branch","line":410,"loc":{"start":{"line":410,"column":55},"end":{"line":415,"column":4}},"locations":[{"start":{"line":410,"column":55},"end":{"line":415,"column":4}}]},"110":{"type":"branch","line":416,"loc":{"start":{"line":416,"column":2},"end":{"line":461,"column":3}},"locations":[{"start":{"line":416,"column":2},"end":{"line":461,"column":3}}]},"111":{"type":"branch","line":464,"loc":{"start":{"line":464,"column":9},"end":{"line":508,"column":2}},"locations":[{"start":{"line":464,"column":9},"end":{"line":508,"column":2}}]},"112":{"type":"branch","line":465,"loc":{"start":{"line":465,"column":21},"end":{"line":507,"column":3}},"locations":[{"start":{"line":465,"column":21},"end":{"line":507,"column":3}}]},"113":{"type":"branch","line":467,"loc":{"start":{"line":467,"column":24},"end":{"line":506,"column":4}},"locations":[{"start":{"line":467,"column":24},"end":{"line":506,"column":4}}]},"114":{"type":"branch","line":472,"loc":{"start":{"line":472,"column":45},"end":{"line":474,"column":16}},"locations":[{"start":{"line":472,"column":45},"end":{"line":474,"column":16}}]},"115":{"type":"branch","line":474,"loc":{"start":{"line":474,"column":5},"end":{"line":490,"column":6}},"locations":[{"start":{"line":474,"column":5},"end":{"line":490,"column":6}}]},"116":{"type":"branch","line":476,"loc":{"start":{"line":476,"column":5},"end":{"line":490,"column":6}},"locations":[{"start":{"line":476,"column":5},"end":{"line":490,"column":6}}]},"117":{"type":"branch","line":492,"loc":{"start":{"line":492,"column":20},"end":{"line":495,"column":6}},"locations":[{"start":{"line":492,"column":20},"end":{"line":495,"column":6}}]},"118":{"type":"branch","line":497,"loc":{"start":{"line":497,"column":32},"end":{"line":500,"column":6}},"locations":[{"start":{"line":497,"column":32},"end":{"line":500,"column":6}}]},"119":{"type":"branch","line":503,"loc":{"start":{"line":503,"column":4},"end":{"line":505,"column":5}},"locations":[{"start":{"line":503,"column":4},"end":{"line":505,"column":5}}]},"120":{"type":"branch","line":510,"loc":{"start":{"line":510,"column":1},"end":{"line":572,"column":2}},"locations":[{"start":{"line":510,"column":1},"end":{"line":572,"column":2}}]},"121":{"type":"branch","line":519,"loc":{"start":{"line":519,"column":30},"end":{"line":521,"column":3}},"locations":[{"start":{"line":519,"column":30},"end":{"line":521,"column":3}}]},"122":{"type":"branch","line":523,"loc":{"start":{"line":523,"column":50},"end":{"line":569,"column":3}},"locations":[{"start":{"line":523,"column":50},"end":{"line":569,"column":3}}]},"123":{"type":"branch","line":549,"loc":{"start":{"line":549,"column":4},"end":{"line":559,"column":5}},"locations":[{"start":{"line":549,"column":4},"end":{"line":559,"column":5}}]},"124":{"type":"branch","line":574,"loc":{"start":{"line":574,"column":1},"end":{"line":613,"column":2}},"locations":[{"start":{"line":574,"column":1},"end":{"line":613,"column":2}}]},"125":{"type":"branch","line":578,"loc":{"start":{"line":578,"column":30},"end":{"line":580,"column":3}},"locations":[{"start":{"line":578,"column":30},"end":{"line":580,"column":3}}]},"126":{"type":"branch","line":582,"loc":{"start":{"line":582,"column":50},"end":{"line":605,"column":3}},"locations":[{"start":{"line":582,"column":50},"end":{"line":605,"column":3}}]},"127":{"type":"branch","line":596,"loc":{"start":{"line":596,"column":38},"end":{"line":601,"column":5}},"locations":[{"start":{"line":596,"column":38},"end":{"line":601,"column":5}}]},"128":{"type":"branch","line":615,"loc":{"start":{"line":615,"column":9},"end":{"line":632,"column":2}},"locations":[{"start":{"line":615,"column":9},"end":{"line":632,"column":2}}]},"129":{"type":"branch","line":619,"loc":{"start":{"line":619,"column":26},"end":{"line":621,"column":3}},"locations":[{"start":{"line":619,"column":26},"end":{"line":621,"column":3}}]},"130":{"type":"branch","line":623,"loc":{"start":{"line":623,"column":14},"end":{"line":623,"column":31}},"locations":[{"start":{"line":623,"column":14},"end":{"line":623,"column":31}}]},"131":{"type":"branch","line":623,"loc":{"start":{"line":623,"column":31},"end":{"line":625,"column":13}},"locations":[{"start":{"line":623,"column":31},"end":{"line":625,"column":13}}]},"132":{"type":"branch","line":625,"loc":{"start":{"line":625,"column":21},"end":{"line":625,"column":40}},"location
[...]
:3}},"locations":[{"start":{"line":204,"column":32},"end":{"line":210,"column":3}}]},"54":{"type":"branch","line":210,"loc":{"start":{"line":210,"column":2},"end":{"line":212,"column":15}},"locations":[{"start":{"line":210,"column":2},"end":{"line":212,"column":15}}]},"55":{"type":"branch","line":215,"loc":{"start":{"line":215,"column":8},"end":{"line":234,"column":2}},"locations":[{"start":{"line":215,"column":8},"end":{"line":234,"column":2}}]},"56":{"type":"branch","line":216,"loc":{"start":{"line":216,"column":51},"end":{"line":218,"column":3}},"locations":[{"start":{"line":216,"column":51},"end":{"line":218,"column":3}}]},"57":{"type":"branch","line":218,"loc":{"start":{"line":218,"column":2},"end":{"line":220,"column":16}},"locations":[{"start":{"line":218,"column":2},"end":{"line":220,"column":16}}]},"58":{"type":"branch","line":220,"loc":{"start":{"line":220,"column":16},"end":{"line":222,"column":3}},"locations":[{"start":{"line":220,"column":16},"end":{"line":222,"column":3}}]},"59":{"type":"branch","line":222,"loc":{"start":{"line":222,"column":2},"end":{"line":224,"column":44}},"locations":[{"start":{"line":222,"column":2},"end":{"line":224,"column":44}}]},"60":{"type":"branch","line":224,"loc":{"start":{"line":224,"column":44},"end":{"line":231,"column":3}},"locations":[{"start":{"line":224,"column":44},"end":{"line":231,"column":3}}]},"61":{"type":"branch","line":225,"loc":{"start":{"line":225,"column":32},"end":{"line":231,"column":3}},"locations":[{"start":{"line":225,"column":32},"end":{"line":231,"column":3}}]},"62":{"type":"branch","line":231,"loc":{"start":{"line":231,"column":2},"end":{"line":233,"column":15}},"locations":[{"start":{"line":231,"column":2},"end":{"line":233,"column":15}}]},"63":{"type":"branch","line":236,"loc":{"start":{"line":236,"column":9},"end":{"line":244,"column":2}},"locations":[{"start":{"line":236,"column":9},"end":{"line":244,"column":2}}]},"64":{"type":"branch","line":237,"loc":{"start":{"line":237,"column":53},"end":{"line":242,"column":3}},"locations":[{"start":{"line":237,"column":53},"end":{"line":242,"column":3}}]},"65":{"type":"branch","line":239,"loc":{"start":{"line":239,"column":23},"end":{"line":239,"column":57}},"locations":[{"start":{"line":239,"column":23},"end":{"line":239,"column":57}}]},"66":{"type":"branch","line":239,"loc":{"start":{"line":239,"column":57},"end":{"line":241,"column":4}},"locations":[{"start":{"line":239,"column":57},"end":{"line":241,"column":4}}]},"67":{"type":"branch","line":242,"loc":{"start":{"line":242,"column":2},"end":{"line":243,"column":12}},"locations":[{"start":{"line":242,"column":2},"end":{"line":243,"column":12}}]},"68":{"type":"branch","line":246,"loc":{"start":{"line":246,"column":9},"end":{"line":257,"column":2}},"locations":[{"start":{"line":246,"column":9},"end":{"line":257,"column":2}}]},"69":{"type":"branch","line":249,"loc":{"start":{"line":249,"column":47},"end":{"line":254,"column":3}},"locations":[{"start":{"line":249,"column":47},"end":{"line":254,"column":3}}]},"70":{"type":"branch","line":251,"loc":{"start":{"line":251,"column":23},"end":{"line":251,"column":59}},"locations":[{"start":{"line":251,"column":23},"end":{"line":251,"column":59}}]},"71":{"type":"branch","line":251,"loc":{"start":{"line":251,"column":48},"end":{"line":251,"column":89}},"locations":[{"start":{"line":251,"column":48},"end":{"line":251,"column":89}}]},"72":{"type":"branch","line":251,"loc":{"start":{"line":251,"column":89},"end":{"line":253,"column":4}},"locations":[{"start":{"line":251,"column":89},"end":{"line":253,"column":4}}]},"73":{"type":"branch","line":259,"loc":{"start":{"line":259,"column":9},"end":{"line":294,"column":2}},"locations":[{"start":{"line":259,"column":9},"end":{"line":294,"column":2}}]},"74":{"type":"branch","line":265,"loc":{"start":{"line":265,"column":48},"end":{"line":291,"column":3}},"locations":[{"start":{"line":265,"column":48},"end":{"line":291,"column":3}}]},"75":{"type":"branch","line":283,"loc":{"start":{"line":283,"column":20},"end":{"line":285,"column":4}},"locations":[{"start":{"line":283,"column":20},"end":{"line":285,"column":4}}]},"76":{"type":"branch","line":286,"loc":{"start":{"line":286,"column":20},"end":{"line":288,"column":4}},"locations":[{"start":{"line":286,"column":20},"end":{"line":288,"column":4}}]},"77":{"type":"branch","line":296,"loc":{"start":{"line":296,"column":8},"end":{"line":314,"column":2}},"locations":[{"start":{"line":296,"column":8},"end":{"line":314,"column":2}}]},"78":{"type":"branch","line":305,"loc":{"start":{"line":305,"column":50},"end":{"line":311,"column":3}},"locations":[{"start":{"line":305,"column":50},"end":{"line":311,"column":3}}]}},"b":{"0":[50],"1":[50],"2":[33],"3":[17],"4":[19],"5":[25],"6":[120],"7":[96],"8":[24],"9":[87],"10":[67],"11":[307],"12":[199],"13":[108],"14":[91],"15":[108],"16":[307],"17":[3],"18":[304],"19":[167],"20":[722],"21":[450],"22":[137],"23":[151],"24":[104],"25":[304],"26":[108],"27":[576],"28":[0],"29":[0],"30":[73],"31":[135],"32":[0],"33":[0],"34":[108],"35":[0],"36":[73],"37":[0],"38":[19],"39":[108],"40":[0],"41":[73],"42":[0],"43":[108],"44":[80],"45":[91],"46":[61],"47":[5],"48":[1],"49":[4],"50":[1],"51":[3],"52":[2],"53":[1],"54":[1],"55":[5],"56":[1],"57":[4],"58":[1],"59":[3],"60":[2],"61":[1],"62":[1],"63":[337],"64":[339],"65":[337],"66":[337],"67":[0],"68":[87],"69":[427],"70":[426],"71":[426],"72":[424],"73":[87],"74":[337],"75":[1],"76":[2],"77":[17],"78":[87]},"fnMap":{"0":{"name":"<instance_members_initializer>","decl":{"start":{"line":6,"column":19},"end":{"line":315,"column":1}},"loc":{"start":{"line":6,"column":19},"end":{"line":315,"column":1}},"line":6},"1":{"name":"Table","decl":{"start":{"line":10,"column":1},"end":{"line":16,"column":2}},"loc":{"start":{"line":10,"column":1},"end":{"line":16,"column":2}},"line":10},"2":{"name":"get isValid","decl":{"start":{"line":18,"column":1},"end":{"line":20,"column":2}},"loc":{"start":{"line":18,"column":1},"end":{"line":20,"column":2}},"line":18},"3":{"name":"get rowPivots","decl":{"start":{"line":22,"column":1},"end":{"line":30,"column":2}},"loc":{"start":{"line":22,"column":1},"end":{"line":30,"column":2}},"line":22},"4":{"name":"get colPivots","decl":{"start":{"line":32,"column":1},"end":{"line":40,"column":2}},"loc":{"start":{"line":32,"column":1},"end":{"line":40,"column":2}},"line":32},"5":{"name":"add","decl":{"start":{"line":42,"column":8},"end":{"line":56,"column":2}},"loc":{"start":{"line":42,"column":8},"end":{"line":56,"column":2}},"line":42},"6":{"name":"intersection","decl":{"start":{"line":58,"column":9},"end":{"line":78,"column":2}},"loc":{"start":{"line":58,"column":9},"end":{"line":78,"column":2}},"line":58},"7":{"name":"getSameHorizontal","decl":{"start":{"line":80,"column":9},"end":{"line":97,"column":2}},"loc":{"start":{"line":80,"column":9},"end":{"line":97,"column":2}},"line":80},"8":{"name":"getSameVertical","decl":{"start":{"line":99,"column":9},"end":{"line":116,"column":2}},"loc":{"start":{"line":99,"column":9},"end":{"line":116,"column":2}},"line":99},"9":{"name":"mergeHorizontalLines","decl":{"start":{"line":118,"column":9},"end":{"line":137,"column":2}},"loc":{"start":{"line":118,"column":9},"end":{"line":137,"column":2}},"line":118},"10":{"name":"mergeVerticalLines","decl":{"start":{"line":139,"column":9},"end":{"line":158,"column":2}},"loc":{"start":{"line":139,"column":9},"end":{"line":158,"column":2}},"line":139},"11":{"name":"normalize","decl":{"start":{"line":160,"column":8},"end":{"line":192,"column":2}},"loc":{"start":{"line":160,"column":8},"end":{"line":192,"column":2}},"line":160},"12":{"name":"verticalExists","decl":{"start":{"line":194,"column":8},"end":{"line":213,"column":2}},"loc":{"start":{"line":194,"column":8},"end":{"line":213,"column":2}},"line":194},"13":{"name":"horizontalExists","decl":{"start":{"line":215,"column":8},"end":{"line":234,"column":2}},"loc":{"start":{"line":215,"column":8},"end":{"line":234,"column":2}},"line":215},"14":{"name":"findBottomLineIndex","decl":{"start":{"line":236,"column":9},"end":{"line":244,"column":2}},"loc":{"start":{"line":236,"column":9},"end":{"line":244,"column":2}},"line":236},"15":{"name":"findVerticalLineIndexs","decl":{"start":{"line":246,"column":9},"end":{"line":257,"column":2}},"loc":{"start":{"line":246,"column":9},"end":{"line":257,"column":2}},"line":246},"16":{"name":"getRow","decl":{"start":{"line":259,"column":9},"end":{"line":294,"column":2}},"loc":{"start":{"line":259,"column":9},"end":{"line":294,"column":2}},"line":259},"17":{"name":"toData","decl":{"start":{"line":296,"column":8},"end":{"line":314,"column":2}},"loc":{"start":{"line":296,"column":8},"end":{"line":314,"column":2}},"line":296}},"f":{"0":50,"1":50,"2":19,"3":25,"4":24,"5":307,"6":307,"7":108,"8":73,"9":108,"10":73,"11":19,"12":5,"13":5,"14":337,"15":87,"16":87,"17":17}}
,"/home/runner/work/pdf-parse/pdf-parse/src/geometry/TableData.ts": {"path":"/home/runner/work/pdf-parse/pdf-parse/src/geometry/TableData.ts","all":false,"statementMap":{"14":{"start":{"line":15,"column":0},"end":{"line":15,"column":24}},"15":{"start":{"line":16,"column":0},"end":{"line":16,"column":21}},"16":{"start":{"line":17,"column":0},"end":{"line":17,"column":21}},"17":{"start":{"line":18,"column":0},"end":{"line":18,"column":30}},"18":{"start":{"line":19,"column":0},"end":{"line":19,"column":34}},"19":{"start":{"line":20,"column":0},"end":{"line":20,"column":34}},"21":{"start":{"line":22,"column":0},"end":{"line":22,"column":94}},"22":{"start":{"line":23,"column":0},"end":{"line":23,"column":21}},"23":{"start":{"line":24,"column":0},"end":{"line":24,"column":21}},"24":{"start":{"line":25,"column":0},"end":{"line":25,"column":17}},"25":{"start":{"line":26,"column":0},"end":{"line":26,"column":29}},"26":{"start":{"line":27,"column":0},"end":{"line":27,"column":29}},"27":{"start":{"line":28,"column":0},"end":{"line":28,"column":2}},"29":{"start":{"line":30,"column":0},"end":{"line":30,"column":63}},"30":{"start":{"line":31,"column":0},"end":{"line":31,"column":89}},"31":{"start":{"line":32,"column":0},"end":{"line":32,"column":33}},"32":{"start":{"line":33,"column":0},"end":{"line":33,"column":29}},"33":{"start":{"line":34,"column":0},"end":{"line":34,"column":92}},"34":{"start":{"line":35,"column":0},"end":{"line":35,"column":18}},"35":{"start":{"line":36,"column":0},"end":{"line":36,"column":6}},"36":{"start":{"line":37,"column":0},"end":{"line":37,"column":5}},"37":{"start":{"line":38,"column":0},"end":{"line":38,"column":4}},"38":{"start":{"line":39,"column":0},"end":{"line":39,"column":3}},"40":{"start":{"line":41,"column":0},"end":{"line":41,"column":19}},"41":{"start":{"line":42,"column":0},"end":{"line":42,"column":2}},"43":{"start":{"line":44,"column":0},"end":{"line":44,"column":25}},"44":{"start":{"line":45,"column":0},"end":{"line":45,"column":61}},"45":{"start":{"line":46,"column":0},"end":{"line":46,"column":2}},"47":{"start":{"line":48,"column":0},"end":{"line":48,"column":24}},"48":{"start":{"line":49,"column":0},"end":{"line":49,"column":26}},"49":{"start":{"line":50,"column":0},"end":{"line":50,"column":2}},"51":{"start":{"line":52,"column":0},"end":{"line":52,"column":26}},"68":{"start":{"line":69,"column":0},"end":{"line":69,"column":85}},"69":{"start":{"line":70,"column":0},"end":{"line":70,"column":23}},"71":{"start":{"line":72,"column":0},"end":{"line":72,"column":32}},"72":{"start":{"line":73,"column":0},"end":{"line":73,"column":28}},"73":{"start":{"line":74,"column":0},"end":{"line":74,"column":60}},"74":{"start":{"line":75,"column":0},"end":{"line":75,"column":26}},"75":{"start":{"line":76,"column":0},"end":{"line":76,"column":4}},"76":{"start":{"line":77,"column":0},"end":{"line":77,"column":3}},"78":{"start":{"line":79,"column":0},"end":{"line":79,"column":42}},"79":{"start":{"line":80,"column":0},"end":{"line":80,"column":16}},"80":{"start":{"line":81,"column":0},"end":{"line":81,"column":3}},"82":{"start":{"line":83,"column":0},"end":{"line":83,"column":14}},"83":{"start":{"line":84,"column":0},"end":{"line":84,"column":2}},"85":{"start":{"line":86,"column":0},"end":{"line":86,"column":31}},"86":{"start":{"line":87,"column":0},"end":{"line":87,"column":34}},"87":{"start":{"line":88,"column":0},"end":{"line":88,"column":32}},"88":{"start":{"line":89,"column":0},"end":{"line":89,"column":31}},"89":{"start":{"line":90,"column":0},"end":{"line":90,"column":28}},"90":{"start":{"line":91,"column":0},"end":{"line":91,"column":34}},"91":{"start":{"line":92,"column":0},"end":{"line":92,"column":46}},"92":{"start":{"line":93,"column":0},"end":{"line":93,"column":23}},"93":{"start":{"line":94,"column":0},"end":{"line":94,"column":22}},"94":{"start":{"line":95,"column":0},"end":{"line":95,"column":4}},"95":{"start":{"line":96,"column":0},"end":{"line":96,"column":25}},"96":{"start":{"line":97,"column":0},"end":{"line":97,"column":3}},"97":{"start":{"line":98,"column":0},"end":{"line":98,"column":18}},"98":{"start":{"line":99,"column":0},"end":{"line":99,"column":2}},"99":{"start":{"line":100,"column":0},"end":{"line":100,"column":1}}},"s":{"14":1,"15":17,"16":17,"17":17,"18":17,"19":17,"21":17,"22":17,"23":17,"24":17,"25":17,"26":17,"27":17,"29":17,"30":673,"31":353,"32":2021,"33":7431,"34":353,"35":353,"36":7431,"37":1668,"38":0,"40":320,"41":673,"43":17,"44":3,"45":3,"47":17,"48":3,"49":3,"51":17,"68":3,"69":3,"71":3,"72":8,"73":23,"74":23,"75":23,"76":8,"78":3,"79":0,"80":0,"82":3,"83":3,"85":17,"86":11,"87":11,"88":78,"89":78,"90":312,"91":312,"92":312,"93":312,"94":312,"95":78,"96":78,"97":11,"98":11,"99":17},"branchMap":{"0":{"type":"branch","line":15,"loc":{"start":{"line":15,"column":23},"end":{"line":100,"column":1}},"locations":[{"start":{"line":15,"column":23},"end":{"line":100,"column":1}}]},"1":{"type":"branch","line":22,"loc":{"start":{"line":22,"column":1},"end":{"line":28,"column":2}},"locations":[{"start":{"line":22,"column":1},"end":{"line":28,"column":2}}]},"2":{"type":"branch","line":30,"loc":{"start":{"line":30,"column":8},"end":{"line":42,"column":2}},"locations":[{"start":{"line":30,"column":8},"end":{"line":42,"column":2}}]},"3":{"type":"branch","line":31,"loc":{"start":{"line":31,"column":43},"end":{"line":31,"column":69}},"locations":[{"start":{"line":31,"column":43},"end":{"line":31,"column":69}}]},"4":{"type":"branch","line":31,"loc":{"start":{"line":31,"column":64},"end":{"line":31,"column":88}},"locations":[{"start":{"line":31,"column":64},"end":{"line":31,"column":88}}]},"5":{"type":"branch","line":31,"loc":{"start":{"line":31,"column":88},"end":{"line":39,"column":3}},"locations":[{"start":{"line":31,"column":88},"end":{"line":39,"column":3}}]},"6":{"type":"branch","line":32,"loc":{"start":{"line":32,"column":32},"end":{"line":38,"column":4}},"locations":[{"start":{"line":32,"column":32},"end":{"line":38,"column":4}}]},"7":{"type":"branch","line":33,"loc":{"start":{"line":33,"column":28},"end":{"line":37,"column":5}},"locations":[{"start":{"line":33,"column":28},"end":{"line":37,"column":5}}]},"8":{"type":"branch","line":34,"loc":{"start":{"line":34,"column":25},"end":{"line":34,"column":51}},"locations":[{"start":{"line":34,"column":25},"end":{"line":34,"column":51}}]},"9":{"type":"branch","line":34,"loc":{"start":{"line":34,"column":46},"end":{"line":34,"column":72}},"locations":[{"start":{"line":34,"column":46},"end":{"line":34,"column":72}}]},"10":{"type":"branch","line":34,"loc":{"start":{"line":34,"column":67},"end":{"line":34,"column":91}},"locations":[{"start":{"line":34,"column":67},"end":{"line":34,"column":91}}]},"11":{"type":"branch","line":34,"loc":{"start":{"line":34,"column":91},"end":{"line":36,"column":6}},"locations":[{"start":{"line":34,"column":91},"end":{"line":36,"column":6}}]},"12":{"type":"branch","line":37,"loc":{"start":{"line":37,"column":4},"end":{"line":38,"column":4}},"locations":[{"start":{"line":37,"column":4},"end":{"line":38,"column":4}}]},"13":{"type":"branch","line":38,"loc":{"start":{"line":38,"column":3},"end":{"line":39,"column":3}},"locations":[{"start":{"line":38,"column":3},"end":{"line":39,"column":3}}]},"14":{"type":"branch","line":39,"loc":{"start":{"line":39,"column":2},"end":{"line":41,"column":19}},"locations":[{"start":{"line":39,"column":2},"end":{"line":41,"column":19}}]},"15":{"type":"branch","line":44,"loc":{"start":{"line":44,"column":1},"end":{"line":46,"column":2}},"locations":[{"start":{"line":44,"column":1},"end":{"line":46,"column":2}}]},"16":{"type":"branch","line":45,"loc":{"start":{"line":45,"column":26},"end":{"line":45,"column":58}},"locations":[{"start":{"line":45,"column":26},"end":{"line":45,"column":58}}]},"17":{"type":"branch","line":48,"loc":{"start":{"line":48,"column":1},"end":{"line":50,"column":2}},"locations":[{"start":{"line":48,"column":1},"end":{"line":50,"column":2}}]},"18":{"type":"branch","line":52,"loc":{"start":{"line":52,"column":8},"end":{"line":84,"column":2}},"locations":[{"start":{"line":52,"column":8},"end":{"line":84,"column":2}}]},"19":{"type":"branch","line":72,"loc":{"start":{"line":72,"column":31},"end":{"line":77,"column":3}},"locations":[{"start":{"line":72,"column":31},"end":{"line":77,"column":3}}]},"20":{"type":"branch","line":73,"loc":{"start":{"line":73,"column":27},"end":{"line":76,"column":4}},"locations":[{"start":{"line":73,"column":27},"end":{"line":76,"column":4}}]},"21":{"type":"branch","line":74,"loc":{"start":{"line":74,"column":24},"end":{"line":74,"column":41}},"locations":[{"start":{"line":74,"column":24},"end":{"line":74,"column":41}}]},"22":{"type":"branch","line":74,"loc":{"start":{"line":74,"column":46},"end":{"line":74,"column":60}},"locations":[{"start":{"line":74,"column":46},"end":{"line":74,"column":60}}]},"23":{"type":"branch","line":79,"loc":{"start":{"line":79,"column":41},"end":{"line":81,"column":3}},"locations":[{"start":{"line":79,"column":41},"end":{"line":81,"column":3}}]},"24":{"type":"branch","line":86,"loc":{"start":{"line":86,"column":8},"end":{"line":99,"column":2}},"locations":[{"start":{"line":86,"column":8},"end":{"line":99,"column":2}}]},"25":{"type":"branch","line":88,"loc":{"start":{"line":88,"column":31},"end":{"line":97,"column":3}},"locations":[{"start":{"line":88,"column":31},"end":{"line":97,"column":3}}]},"26":{"type":"branch","line":90,"loc":{"start":{"line":90,"column":27},"end":{"line":95,"column":4}},"locations":[{"start":{"line":90,"column":27},"end":{"line":95,"column":4}}]}},"b":{"0":[17],"1":[17],"2":[673],"3":[625],"4":[625],"5":[353],"6":[2021],"7":[7431],"8":[4321],"9":[4321],"10":[2021],"11":[353],"12":[1668],"13":[0],"14":[320],"15":[3],"16":[8],"17":[3],"18":[3],"19":[8],"20":[23],"21":[22],"22":[21],"23":[0],"24":[11],"25":[78],"26":[312]},"fnMap":{"0":{"name":"<instance_members_initializer>","decl":{"start":{"line":15,"column":23},"end":{"line":100,"column":1}},"loc":{"start":{"line":15,"column":23},"end":{"line":100,"column":1}},"line":15},"1":{"name":"TableData","decl":{"start":{"line":22,"column":1},"end":{"line":28,"column":2}},"loc":{"start":{"line":22,"column":1},"end":{"line":28,"column":2}},"line":22},"2":{"name":"findCell","decl":{"start":{"line":30,"column":8},"end":{"line":42,"column":2}},"loc":{"start":{"line":30,"column":8},"end":{"line":42,"column":2}},"line":30},"3":{"name":"get cellCount","decl":{"start":{"line":44,"column":1},"end":{"line":46,"column":2}},"loc":{"start":{"line":44,"column":1},"end":{"line":46,"column":2}},"line":44},"4":{"name":"get rowCount","decl":{"start":{"line":48,"column":1},"end":{"line":50,"column":2}},"loc":{"start":{"line":48,"column":1},"end":{"line":50,"column":2}},"line":48},"5":{"name":"check","decl":{"start":{"line":52,"column":8},"end":{"line":84,"column":2}},"loc":{"start":{"line":52,"column":8},"end":{"line":84,"column":2}},"line":52},"6":{"name":"toArray","decl":{"start":{"line":86,"column":8},"end":{"line":99,"column":2}},"loc":{"start":{"line":86,"column":8},"end":{"line":99,"column":2}},"line":86}},"f":{"0":17,"1":17,"2":673,"3":3,"4":3,"5":3,"6":11}}
}
