{"/home/runner/work/pdf-parse/pdf-parse/src/DocumentInitParameters.ts": {"path":"/home/runner/work/pdf-parse/pdf-parse/src/DocumentInitParameters.ts","all":true,"statementMap":{},"s":{},"branchMap":{"0":{"type":"branch","line":1,"loc":{"start":{"line":1,"column":130},"end":{"line":2,"column":129}},"locations":[{"start":{"line":1,"column":130},"end":{"line":2,"column":129}}]}},"b":{"0":[1]},"fnMap":{"0":{"name":"(empty-report)","decl":{"start":{"line":1,"column":130},"end":{"line":2,"column":129}},"loc":{"start":{"line":1,"column":130},"end":{"line":2,"column":129}},"line":1}},"f":{"0":1}}
,"/home/runner/work/pdf-parse/pdf-parse/src/ImageResult.ts": {"path":"/home/runner/work/pdf-parse/pdf-parse/src/ImageResult.ts","all":false,"statementMap":{"15":{"start":{"line":16,"column":0},"end":{"line":16,"column":48}},"16":{"start":{"line":17,"column":0},"end":{"line":17,"column":31}},"17":{"start":{"line":18,"column":0},"end":{"line":18,"column":19}},"18":{"start":{"line":19,"column":0},"end":{"line":19,"column":27}},"19":{"start":{"line":20,"column":0},"end":{"line":20,"column":33}},"21":{"start":{"line":22,"column":0},"end":{"line":22,"column":64}},"22":{"start":{"line":23,"column":0},"end":{"line":23,"column":38}},"23":{"start":{"line":24,"column":0},"end":{"line":24,"column":37}},"24":{"start":{"line":25,"column":0},"end":{"line":25,"column":40}},"25":{"start":{"line":26,"column":0},"end":{"line":26,"column":33}},"26":{"start":{"line":27,"column":0},"end":{"line":27,"column":17}},"27":{"start":{"line":28,"column":0},"end":{"line":28,"column":6}},"28":{"start":{"line":29,"column":0},"end":{"line":29,"column":5}},"29":{"start":{"line":30,"column":0},"end":{"line":30,"column":4}},"30":{"start":{"line":31,"column":0},"end":{"line":31,"column":3}},"31":{"start":{"line":32,"column":0},"end":{"line":32,"column":14}},"32":{"start":{"line":33,"column":0},"end":{"line":33,"column":2}},"34":{"start":{"line":35,"column":0},"end":{"line":35,"column":32}},"35":{"start":{"line":36,"column":0},"end":{"line":36,"column":28}},"36":{"start":{"line":37,"column":0},"end":{"line":37,"column":2}},"37":{"start":{"line":38,"column":0},"end":{"line":38,"column":1}}},"s":{"15":1,"16":3,"17":3,"18":3,"19":3,"21":3,"22":2,"23":2,"24":2,"25":2,"26":2,"27":2,"28":2,"29":0,"30":2,"31":0,"32":2,"34":3,"35":3,"36":3,"37":3},"branchMap":{"0":{"type":"branch","line":16,"loc":{"start":{"line":16,"column":47},"end":{"line":38,"column":1}},"locations":[{"start":{"line":16,"column":47},"end":{"line":38,"column":1}}]},"1":{"type":"branch","line":22,"loc":{"start":{"line":22,"column":1},"end":{"line":33,"column":2}},"locations":[{"start":{"line":22,"column":1},"end":{"line":33,"column":2}}]},"2":{"type":"branch","line":29,"loc":{"start":{"line":29,"column":4},"end":{"line":30,"column":4}},"locations":[{"start":{"line":29,"column":4},"end":{"line":30,"column":4}}]},"3":{"type":"branch","line":31,"loc":{"start":{"line":31,"column":2},"end":{"line":32,"column":14}},"locations":[{"start":{"line":31,"column":2},"end":{"line":32,"column":14}}]},"4":{"type":"branch","line":35,"loc":{"start":{"line":35,"column":1},"end":{"line":37,"column":2}},"locations":[{"start":{"line":35,"column":1},"end":{"line":37,"column":2}}]}},"b":{"0":[3],"1":[2],"2":[0],"3":[0],"4":[3]},"fnMap":{"0":{"name":"<instance_members_initializer>","decl":{"start":{"line":16,"column":47},"end":{"line":38,"column":1}},"loc":{"start":{"line":16,"column":47},"end":{"line":38,"column":1}},"line":16},"1":{"name":"getPageImage","decl":{"start":{"line":22,"column":1},"end":{"line":33,"column":2}},"loc":{"start":{"line":22,"column":1},"end":{"line":33,"column":2}},"line":22},"2":{"name":"ImageResult","decl":{"start":{"line":35,"column":1},"end":{"line":37,"column":2}},"loc":{"start":{"line":35,"column":1},"end":{"line":37,"column":2}},"line":35}},"f":{"0":3,"1":2,"2":3}}
,"/home/runner/work/pdf-parse/pdf-parse/src/InfoResult.ts": {"path":"/home/runner/work/pdf-parse/pdf-parse/src/InfoResult.ts","all":true,"statementMap":{},"s":{},"branchMap":{"0":{"type":"branch","line":1,"loc":{"start":{"line":1,"column":235},"end":{"line":9,"column":1}},"locations":[{"start":{"line":1,"column":235},"end":{"line":9,"column":1}}]}},"b":{"0":[1]},"fnMap":{"0":{"name":"(empty-report)","decl":{"start":{"line":1,"column":235},"end":{"line":9,"column":1}},"loc":{"start":{"line":1,"column":235},"end":{"line":9,"column":1}},"line":1}},"f":{"0":1}}
,"/home/runner/work/pdf-parse/pdf-parse/src/PDFParse.ts": {"path":"/home/runner/work/pdf-parse/pdf-parse/src/PDFParse.ts","all":false,"statementMap":{"1":{"start":{"line":2,"column":0},"end":{"line":2,"column":57}},"2":{"start":{"line":3,"column":0},"end":{"line":3,"column":72}},"6":{"start":{"line":7,"column":0},"end":{"line":7,"column":75}},"8":{"start":{"line":9,"column":0},"end":{"line":9,"column":64}},"10":{"start":{"line":11,"column":0},"end":{"line":11,"column":59}},"12":{"start":{"line":13,"column":0},"end":{"line":13,"column":62}},"13":{"start":{"line":14,"column":0},"end":{"line":14,"column":69}},"14":{"start":{"line":15,"column":0},"end":{"line":15,"column":45}},"18":{"start":{"line":19,"column":0},"end":{"line":19,"column":12}},"20":{"start":{"line":21,"column":0},"end":{"line":21,"column":23}},"21":{"start":{"line":22,"column":0},"end":{"line":22,"column":50}},"22":{"start":{"line":23,"column":0},"end":{"line":23,"column":43}},"24":{"start":{"line":25,"column":0},"end":{"line":25,"column":47}},"25":{"start":{"line":26,"column":0},"end":{"line":26,"column":50}},"26":{"start":{"line":27,"column":0},"end":{"line":27,"column":25}},"27":{"start":{"line":28,"column":0},"end":{"line":28,"column":2}},"29":{"start":{"line":30,"column":0},"end":{"line":30,"column":74}},"30":{"start":{"line":31,"column":0},"end":{"line":31,"column":33}},"31":{"start":{"line":32,"column":0},"end":{"line":32,"column":38}},"33":{"start":{"line":34,"column":0},"end":{"line":34,"column":31}},"34":{"start":{"line":35,"column":0},"end":{"line":35,"column":46}},"35":{"start":{"line":36,"column":0},"end":{"line":36,"column":3}},"37":{"start":{"line":38,"column":0},"end":{"line":38,"column":51}},"38":{"start":{"line":39,"column":0},"end":{"line":39,"column":51}},"39":{"start":{"line":40,"column":0},"end":{"line":40,"column":48}},"40":{"start":{"line":41,"column":0},"end":{"line":41,"column":59}},"41":{"start":{"line":42,"column":0},"end":{"line":42,"column":23}},"42":{"start":{"line":43,"column":0},"end":{"line":43,"column":16}},"43":{"start":{"line":44,"column":0},"end":{"line":44,"column":12}},"44":{"start":{"line":45,"column":0},"end":{"line":45,"column":7}},"45":{"start":{"line":46,"column":0},"end":{"line":46,"column":24}},"46":{"start":{"line":47,"column":0},"end":{"line":47,"column":4}},"47":{"start":{"line":48,"column":0},"end":{"line":48,"column":3}},"49":{"start":{"line":50,"column":0},"end":{"line":50,"column":27}},"50":{"start":{"line":51,"column":0},"end":{"line":51,"column":23}},"52":{"start":{"line":53,"column":0},"end":{"line":53,"column":36}},"53":{"start":{"line":54,"column":0},"end":{"line":54,"column":37}},"54":{"start":{"line":55,"column":0},"end":{"line":55,"column":3}},"56":{"start":{"line":57,"column":0},"end":{"line":57,"column":16}},"57":{"start":{"line":58,"column":0},"end":{"line":58,"column":2}},"59":{"start":{"line":60,"column":0},"end":{"line":60,"column":44}},"60":{"start":{"line":61,"column":0},"end":{"line":61,"column":35}},"62":{"start":{"line":63,"column":0},"end":{"line":63,"column":79}},"63":{"start":{"line":64,"column":0},"end":{"line":64,"column":49}},"64":{"start":{"line":65,"column":0},"end":{"line":65,"column":3}},"66":{"start":{"line":67,"column":0},"end":{"line":67,"column":46}},"68":{"start":{"line":69,"column":0},"end":{"line":69,"column":39}},"69":{"start":{"line":70,"column":0},"end":{"line":70,"column":44}},"71":{"start":{"line":72,"column":0},"end":{"line":72,"column":10}},"72":{"start":{"line":73,"column":0},"end":{"line":73,"column":28}},"73":{"start":{"line":74,"column":0},"end":{"line":74,"column":19}},"74":{"start":{"line":75,"column":0},"end":{"line":75,"column":27}},"75":{"start":{"line":76,"column":0},"end":{"line":76,"column":4}},"76":{"start":{"line":77,"column":0},"end":{"line":77,"column":2}},"78":{"start":{"line":79,"column":0},"end":{"line":79,"column":96}},"79":{"start":{"line":80,"column":0},"end":{"line":80,"column":41}},"80":{"start":{"line":81,"column":0},"end":{"line":81,"column":36}},"81":{"start":{"line":82,"column":0},"end":{"line":82,"column":34}},"84":{"start":{"line":85,"column":0},"end":{"line":85,"column":34}},"85":{"start":{"line":86,"column":0},"end":{"line":86,"column":46}},"86":{"start":{"line":87,"column":0},"end":{"line":87,"column":16}},"87":{"start":{"line":88,"column":0},"end":{"line":88,"column":4}},"88":{"start":{"line":89,"column":0},"end":{"line":89,"column":16}},"89":{"start":{"line":90,"column":0},"end":{"line":90,"column":3}},"92":{"start":{"line":93,"column":0},"end":{"line":93,"column":44}},"93":{"start":{"line":94,"column":0},"end":{"line":94,"column":67}},"94":{"start":{"line":95,"column":0},"end":{"line":95,"column":16}},"95":{"start":{"line":96,"column":0},"end":{"line":96,"column":4}},"96":{"start":{"line":97,"column":0},"end":{"line":97,"column":16}},"97":{"start":{"line":98,"column":0},"end":{"line":98,"column":3}},"100":{"start":{"line":101,"column":0},"end":{"line":101,"column":25}},"101":{"start":{"line":102,"column":0},"end":{"line":102,"column":37}},"102":{"start":{"line":103,"column":0},"end":{"line":103,"column":16}},"103":{"start":{"line":104,"column":0},"end":{"line":104,"column":4}},"104":{"start":{"line":105,"column":0},"end":{"line":105,"column":16}},"105":{"start":{"line":106,"column":0},"end":{"line":106,"column":3}},"108":{"start":{"line":109,"column":0},"end":{"line":109,"column":24}},"109":{"start":{"line":110,"column":0},"end":{"line":110,"column":47}},"110":{"start":{"line":111,"column":0},"end":{"line":111,"column":16}},"111":{"start":{"line":112,"column":0},"end":{"line":112,"column":4}},"112":{"start":{"line":113,"column":0},"end":{"line":113,"column":16}},"113":{"start":{"line":114,"column":0},"end":{"line":114,"column":3}},"115":{"start":{"line":116,"column":0},"end":{"line":116,"column":14}},"116":{"start":{"line":117,"column":0},"end":{"line":117,"column":2}},"118":{"start":{"line":119,"column":0},"end":{"line":119,"column":90}},"119":{"start":{"line":120,"column":0},"end":{"line":120,"column":50}},"121":{"start":{"line":122,"column":0},"end":{"line":122,"column":49}},"122":{"start":{"line":123,"column":0},"end":{"line":123,"column":55}},"123":{"start":{"line":124,"column":0},"end":{"line":124,"column":55}},"124":{"start":{"line":125,"column":0},"end":{"line":125,"column":5}},"126":{"start":{"line":127,"column":0},"end":{"line":127,"column":58}},"128":{"start":{"line":129,"column":0},"end":{"line":129,"column":31}},"129":{"start":{"line":130,"column":0},"end":{"line":130,"column":52}},"130":{"start":{"line":131,"column":0},"end":{"line":131,"column":3}},"132":{"start":{"line":133,"column":0},"end":{"line":133,"column":35}},"134":{"start":{"line":135,"column":0},"end":{"line":135,"column":41}},"135":{"start":{"line":136,"column":0},"end":{"line":136,"column":34}},"137":{"start":{"line":138,"column":0},"end":{"line":138,"column":32}},"138":{"start":{"line":139,"column":0},"end":{"line":139,"column":48}},"139":{"start":{"line":140,"column":0},"end":{"line":140,"column":65}},"141":{"start":{"line":142,"column":0},"end":{"line":142,"column":45}},"142":{"start":{"line":143,"column":0},"end":{"line":143,"column":115}},"143":{"start":{"line":144,"column":0},"end":{"line":144,"column":14}},"144":{"start":{"line":145,"column":0},"end":{"line":145,"column":46}},"145":{"start":{"line":146,"column":0},"end":{"line":146,"column":12}},"146":{"start":{"line":147,"column":0},"end":{"line":147,"column":27}},"147":{"start":{"line":148,"column":0},"end":{"line":148,"column":5}},"148":{"start":{"line":149,"column":0},"end":{"line":149,"column":11}},"149":{"start":{"line":150,"column":0},"end":{"line":150,"column":26}},"150":{"start":{"line":151,"column":0},"end":{"line":151,"column":4}},"152":{"start":{"line":153,"column":0},"end":{"line":153,"column":21}},"153":{"start":{"line":154,"column":0},"end":{"line":154,"column":22}},"154":{"start":{"line":155,"column":0},"end":{"line":155,"column":4}},"155":{"start":{"line":156,"column":0},"end":{"line":156,"column":3}},"157":{"start":{"line":158,"column":0},"end":{"line":158,"column":25}},"158":{"start":{"line":159,"column":0},"end":{"line":159,"column":2}},"160":{"start":{"line":161,"column":0},"end":{"line":161,"column":117}},"161":{"start":{"line":162,"column":0},"end":{"line":162,"column":61}},"164":{"start":{"line":165,"column":0},"end":{"line":165,"column":91}},"166":{"start":{"line":167,"column":0},"end":{"line":167,"column":32}},"167":{"start":{"line":168,"column":0},"end":{"line":168,"column":38}},"169":{"start":{"line":170,"column":0},"end":{"line":170,"column":44}},"170":{"start":{"line":171,"column":0},"end":{"line":171,"column":22}},"172":{"start":{"line":173,"column":0},"end":{"line":173,"column":39}},"173":{"start":{"line":174,"column":0},"end":{"line":174,"column":23}},"175":{"start":{"line":176,"column":0},"end":{"line":176,"column":62}},"176":{"start":{"line":177,"column":0},"end":{"line":177,"column":53}},"177":{"start":{"line":178,"column":0},"end":{"line":178,"column":52}},"178":{"start":{"line":179,"column":0},"end":{"line":179,"column":54}},"179":{"start":{"line":180,"column":0},"end":{"line":180,"column":55}},"181":{"start":{"line":182,"column":0},"end":{"line":182,"column":97}},"183":{"start":{"line":184,"column":0},"end":{"line":184,"column":31}},"184":{"start":{"line":185,"column":0},"end":{"line":185,"column":12}},"185":{"start":{"line":186,"column":0},"end":{"line":186,"column":17}},"186":{"start":{"line":187,"column":0},"end":{"line":187,"column":11}},"187":{"start":{"line":188,"column":0},"end":{"line":188,"column":28}},"188":{"start":{"line":189,"column":0},"end":{"line":189,"column":4}},"189":{"start":{"line":190,"column":0},"end":{"line":190,"column":3}},"191":{"start":{"line":192,"column":0},"end":{"line":192,"column":16}},"192":{"start":{"line":193,"column":0},"end":{"line":193,"column":2}},"194":{"start":{"line":195,"column":0},"end":{"line":195,"column":76}},"195":{"start":{"line":196,"column":0},"end":{"line":196,"column":33}},"196":{"start":{"line":197,"column":0},"end":{"line":197,"column":39}},"198":{"start":{"line":199,"column":0},"end":{"line":199,"column":31}},"199":{"start":{"line":200,"column":0},"end":{"line":200,"column":46}},"200":{"start":{"line":201,"column":0},"end":{"line":201,"column":3}},"202":{"start":{"line":203,"column":0},"end":{"line":203,"column":51}},"203":{"start":{"line":204,"column":0},"end":{"line":204,"column":51}},"204":{"start":{"line":205,"column":0},"end":{"line":205,"column":43}},"205":{"start":{"line":206,"column":0},"end":{"line":206,"column":45}},"207":{"start":{"line":208,"column":0},"end":{"line":208,"column":65}},"208":{"start":{"line":209,"column":0},"end":{"line":209,"column":34}},"210":{"start":{"line":211,"column":0},"end":{"line":211,"column":50}},"211":{"start":{"line":212,"column":0},"end":{"line":212,"column":114}},"212":{"start":{"line":213,"column":0},"end":{"line":213,"column":39}},"213":{"start":{"line":214,"column":0},"end":{"line":214,"column":49}},"214":{"start":{"line":215,"column":0},"end":{"line":215,"column":130}},"216":{"start":{"line":217,"column":0},"end":{"line":217,"column":61}},"219":{"start":{"line":220,"column":0},"end":{"line":220,"column":60}},"221":{"start":{"line":222,"column":0},"end":{"line":222,"column":67}},"222":{"start":{"line":223,"column":0},"end":{"line":223,"column":47}},"223":{"start":{"line":224,"column":0},"end":{"line":224,"column":25}},"224":{"start":{"line":225,"column":0},"end":{"line":225,"column":48}},"225":{"start":{"line":226,"column":0},"end":{"line":226,"column":56}},"226":{"start":{"line":227,"column":0},"end":{"line":227,"column":30}},"227":{"start":{"line":228,"column":0},"end":{"line":228,"column":14}},"228":{"start":{"line":229,"column":0},"end":{"line":229,"column":56}},"229":{"start":{"line":230,"column":0},"end":{"line":230,"column":27}},"230":{"start":{"line":231,"column":0},"end":{"line":231,"column":18}},"231":{"start":{"line":232,"column":0},"end":{"line":232,"column":51}},"232":{"start":{"line":233,"column":0},"end":{"line":233,"column":14}},"233":{"start":{"line":234,"column":0},"end":{"line":234,"column":15}},"234":{"start":{"line":235,"column":0},"end":{"line":235,"column":13}},"235":{"start":{"line":236,"column":0},"end":{"line":236,"column":10}},"236":{"start":{"line":237,"column":0},"end":{"line":237,"column":7}},"237":{"start":{"line":238,"column":0},"end":{"line":238,"column":42}},"240":{"start":{"line":241,"column":0},"end":{"line":241,"column":27}},"241":{"start":{"line":242,"column":0},"end":{"line":242,"column":26}},"243":{"start":{"line":244,"column":0},"end":{"line":244,"column":67}},"245":{"start":{"line":246,"column":0},"end":{"line":246,"column":72}},"246":{"start":{"line":247,"column":0},"end":{"line":247,"column":41}},"247":{"start":{"line":248,"column":0},"end":{"line":248,"column":52}},"248":{"start":{"line":249,"column":0},"end":{"line":249,"column":51}},"249":{"start":{"line":250,"column":0},"end":{"line":250,"column":14}},"251":{"start":{"line":252,"column":0},"end":{"line":252,"column":64}},"252":{"start":{"line":253,"column":0},"end":{"line":253,"column":44}},"254":{"start":{"line":255,"column":0},"end":{"line":255,"column":41}},"255":{"start":{"line":256,"column":0},"end":{"line":256,"column":50}},"256":{"start":{"line":257,"column":0},"end":{"line":257,"column":54}},"257":{"start":{"line":258,"column":0},"end":{"line":258,"column":45}},"258":{"start":{"line":259,"column":0},"end":{"line":259,"column":8}},"259":{"start":{"line":260,"column":0},"end":{"line":260,"column":7}},"261":{"start":{"line":262,"column":0},"end":{"line":262,"column":30}},"262":{"start":{"line":263,"column":0},"end":{"line":263,"column":18}},"263":{"start":{"line":264,"column":0},"end":{"line":264,"column":15}},"264":{"start":{"line":265,"column":0},"end":{"line":265,"column":22}},"265":{"start":{"line":266,"column":0},"end":{"line":266,"column":14}},"266":{"start":{"line":267,"column":0},"end":{"line":267,"column":13}},"267":{"start":{"line":268,"column":0},"end":{"line":268,"column":12}},"268":{"start":{"line":269,"column":0},"end":{"line":269,"column":9}},"269":{"start":{"line":270,"column":0},"end":{"line":270,"column":6}},"270":{"start":{"line":271,"column":0},"end":{"line":271,"column":5}},"271":{"start":{"line":272,"column":0},"end":{"line":272,"column":4}},"272":{"start":{"line":273,"column":0},"end":{"line":273,"column":3}},"274":{"start":{"line":275,"column":0},"end":{"line":275,"column":27}},"275":{"start":{"line":276,"column":0},"end":{"line":276,"column":23}},"277":{"start":{"line":278,"column":0},"end":{"line":278,"column":16}},"278":{"start":{"line":279,"column":0},"end":{"line":279,"column":2}},"280":{"start":{"line":281,"column":0},"end":{"line":281,"column":145}},"281":{"start":{"line":282,"column":0},"end":{"line":282,"column":43}},"283":{"start":{"line":284,"column":0},"end":{"line":284,"column":56}},"284":{"start":{"line":285,"column":0},"end":{"line":285,"column":21}},"285":{"start":{"line":286,"column":0},"end":{"line":286,"column":25}},"286":{"start":{"line":287,"column":0},"end":{"line":287,"column":25}},"287":{"start":{"line":288,"column":0},"end":{"line":288,"column":53}},"288":{"start":{"line":289,"column":0},"end":{"line":289,"column":4}},"289":{"start":{"line":290,"column":0},"end":{"line":290,"column":55}},"291":{"start":{"line":292,"column":0},"end":{"line":292,"column":22}},"292":{"start":{"line":293,"column":0},"end":{"line":293,"column":41}},"293":{"start":{"line":294,"column":0},"end":{"line":294,"column":24}},"294":{"start":{"line":295,"column":0},"end":{"line":295,"column":40}},"295":{"start":{"line":296,"column":0},"end":{"line":296,"column":45}},"296":{"start":{"line":297,"column":0},"end":{"line":297,"column":47}},"297":{"start":{"line":298,"column":0},"end":{"line":298,"column":36}},"298":{"start":{"line":299,"column":0},"end":{"line":299,"column":74}},"299":{"start":{"line":300,"column":0},"end":{"line":300,"column":5}},"300":{"start":{"line":301,"column":0},"end":{"line":301,"column":4}},"301":{"start":{"line":302,"column":0},"end":{"line":302,"column":51}},"303":{"start":{"line":304,"column":0},"end":{"line":304,"column":55}},"304":{"start":{"line":305,"column":0},"end":{"line":305,"column":43}},"306":{"start":{"line":307,"column":0},"end":{"line":307,"column":57}},"307":{"start":{"line":308,"column":0},"end":{"line":308,"column":22}},"308":{"start":{"line":309,"column":0},"end":{"line":309,"column":26}},"309":{"start":{"line":310,"column":0},"end":{"line":310,"column":26}},"310":{"start":{"line":311,"column":0},"end":{"line":311,"column":54}},"311":{"start":{"line":312,"column":0},"end":{"line":312,"column":5}},"312":{"start":{"line":313,"column":0},"end":{"line":313,"column":50}},"314":{"start":{"line":315,"column":0},"end":{"line":315,"column":57}},"315":{"start":{"line":316,"column":0},"end":{"line":316,"column":22}},"316":{"start":{"line":317,"column":0},"end":{"line":317,"column":26}},"317":{"start":{"line":318,"column":0},"end":{"line":318,"column":26}},"318":{"start":{"line":319,"column":0},"end":{"line":319,"column":26}},"319":{"start":{"line":320,"column":0},"end":{"line":320,"column":52}},"320":{"start":{"line":321,"column":0},"end":{"line":321,"column":5}},"321":{"start":{"line":322,"column":0},"end":{"line":322,"column":50}},"323":{"start":{"line":324,"column":0},"end":{"line":324,"column":42}},"324":{"start":{"line":325,"column":0},"end":{"line":325,"column":25}},"325":{"start":{"line":326,"column":0},"end":{"line":326,"column":63}},"326":{"start":{"line":327,"column":0},"end":{"line":327,"column":5}},"327":{"start":{"line":328,"column":0},"end":{"line":328,"column":11}},"328":{"start":{"line":329,"column":0},"end":{"line":329,"column":175}},"329":{"start":{"line":330,"column":0},"end":{"line":330,"column":4}},"330":{"start":{"line":331,"column":0},"end":{"line":331,"column":10}},"331":{"start":{"line":332,"column":0},"end":{"line":332,"column":19}},"332":{"start":{"line":333,"column":0},"end":{"line":333,"column":202}},"333":{"start":{"line":334,"column":0},"end":{"line":334,"column":5}},"334":{"start":{"line":335,"column":0},"end":{"line":335,"column":3}},"335":{"start":{"line":336,"column":0},"end":{"line":336,"column":2}},"337":{"start":{"line":338,"column":0},"end":{"line":338,"column":145}},"338":{"start":{"line":339,"column":0},"end":{"line":339,"column":43}},"340":{"start":{"line":341,"column":0},"end":{"line":341,"column":43}},"341":{"start":{"line":342,"column":0},"end":{"line":342,"column":18}},"343":{"start":{"line":344,"column":0},"end":{"line":344,"column":42}},"345":{"start":{"line":346,"column":0},"end":{"line":346,"column":46}},"346":{"start":{"line":347,"column":0},"end":{"line":347,"column":30}},"347":{"start":{"line":348,"column":0},"end":{"line":348,"column":60}},"348":{"start":{"line":349,"column":0},"end":{"line":349,"column":46}},"349":{"start":{"line":350,"column":0},"end":{"line":350,"column":39}},"351":{"start":{"line":352,"column":0},"end":{"line":352,"column":53}},"352":{"start":{"line":353,"column":0},"end":{"line":353,"column":33}},"355":{"start":{"line":356,"column":0},"end":{"line":356,"column":79}},"356":{"start":{"line":357,"column":0},"end":{"line":357,"column":97}},"357":{"start":{"line":358,"column":0},"end":{"line":358,"column":63}},"358":{"start":{"line":359,"column":0},"end":{"line":359,"column":113}},"359":{"start":{"line":360,"column":0},"end":{"line":360,"column":55}},"360":{"start":{"line":361,"column":0},"end":{"line":361,"column":51}},"362":{"start":{"line":363,"column":0},"end":{"line":363,"column":103}},"363":{"start":{"line":364,"column":0},"end":{"line":364,"column":6}},"365":{"start":{"line":366,"column":0},"end":{"line":366,"column":21}},"366":{"start":{"line":367,"column":0},"end":{"line":367,"column":134}},"367":{"start":{"line":368,"column":0},"end":{"line":368,"column":13}},"368":{"start":{"line":369,"column":0},"end":{"line":369,"column":6}},"370":{"start":{"line":371,"column":0},"end":{"line":371,"column":33}},"371":{"start":{"line":372,"column":0},"end":{"line":372,"column":82}},"372":{"start":{"line":373,"column":0},"end":{"line":373,"column":13}},"373":{"start":{"line":374,"column":0},"end":{"line":374,"column":6}},"375":{"start":{"line":376,"column":0},"end":{"line":376,"column":99}},"376":{"start":{"line":377,"column":0},"end":{"line":377,"column":12}},"377":{"start":{"line":378,"column":0},"end":{"line":378,"column":57}},"378":{"start":{"line":379,"column":0},"end":{"line":379,"column":5}},"379":{"start":{"line":380,"column":0},"end":{"line":380,"column":6}},"380":{"start":{"line":381,"column":0},"end":{"line":381,"column":5}},"381":{"start":{"line":382,"column":0},"end":{"line":382,"column":2}},"383":{"start":{"line":384,"column":0},"end":{"line":384,"column":85}},"389":{"start":{"line":390,"column":0},"end":{"line":390,"column":33}},"390":{"start":{"line":391,"column":0},"end":{"line":391,"column":45}},"392":{"start":{"line":393,"column":0},"end":{"line":393,"column":31}},"393":{"start":{"line":394,"column":0},"end":{"line":394,"column":46}},"394":{"start":{"line":395,"column":0},"end":{"line":395,"column":3}},"396":{"start":{"line":397,"column":0},"end":{"line":397,"column":51}},"397":{"start":{"line":398,"column":0},"end":{"line":398,"column":51}},"398":{"start":{"line":399,"column":0},"end":{"line":399,"column":43}},"401":{"start":{"line":402,"column":0},"end":{"line":402,"column":58}},"402":{"start":{"line":403,"column":0},"end":{"line":403,"column":54}},"403":{"start":{"line":404,"column":0},"end":{"line":404,"column":83}},"404":{"start":{"line":405,"column":0},"end":{"line":405,"column":27}},"405":{"start":{"line":406,"column":0},"end":{"line":406,"column":45}},"406":{"start":{"line":407,"column":0},"end":{"line":407,"column":14}},"407":{"start":{"line":408,"column":0},"end":{"line":408,"column":37}},"408":{"start":{"line":409,"column":0},"end":{"line":409,"column":6}},"410":{"start":{"line":411,"column":0},"end":{"line":411,"column":50}},"411":{"start":{"line":412,"column":0},"end":{"line":412,"column":29}},"413":{"start":{"line":414,"column":0},"end":{"line":414,"column":25}},"414":{"start":{"line":415,"column":0},"end":{"line":415,"column":24}},"416":{"start":{"line":417,"column":0},"end":{"line":417,"column":65}},"418":{"start":{"line":419,"column":0},"end":{"line":419,"column":70}},"419":{"start":{"line":420,"column":0},"end":{"line":420,"column":39}},"420":{"start":{"line":421,"column":0},"end":{"line":421,"column":50}},"421":{"start":{"line":422,"column":0},"end":{"line":422,"column":49}},"422":{"start":{"line":423,"column":0},"end":{"line":423,"column":12}},"424":{"start":{"line":425,"column":0},"end":{"line":425,"column":62}},"425":{"start":{"line":426,"column":0},"end":{"line":426,"column":42}},"427":{"start":{"line":428,"column":0},"end":{"line":428,"column":39}},"428":{"start":{"line":429,"column":0},"end":{"line":429,"column":48}},"429":{"start":{"line":430,"column":0},"end":{"line":430,"column":52}},"430":{"start":{"line":431,"column":0},"end":{"line":431,"column":43}},"431":{"start":{"line":432,"column":0},"end":{"line":432,"column":6}},"432":{"start":{"line":433,"column":0},"end":{"line":433,"column":5}},"434":{"start":{"line":435,"column":0},"end":{"line":435,"column":23}},"435":{"start":{"line":436,"column":0},"end":{"line":436,"column":10}},"436":{"start":{"line":437,"column":0},"end":{"line":437,"column":13}},"437":{"start":{"line":438,"column":0},"end":{"line":438,"column":19}},"438":{"start":{"line":439,"column":0},"end":{"line":439,"column":7}},"440":{"start":{"line":441,"column":0},"end":{"line":441,"column":19}},"441":{"start":{"line":442,"column":0},"end":{"line":442,"column":4}},"442":{"start":{"line":443,"column":0},"end":{"line":443,"column":3}},"444":{"start":{"line":445,"column":0},"end":{"line":445,"column":27}},"445":{"start":{"line":446,"column":0},"end":{"line":446,"column":23}},"447":{"start":{"line":448,"column":0},"end":{"line":448,"column":16}},"448":{"start":{"line":449,"column":0},"end":{"line":449,"column":2}},"450":{"start":{"line":451,"column":0},"end":{"line":451,"column":76}},"451":{"start":{"line":452,"column":0},"end":{"line":452,"column":33}},"452":{"start":{"line":453,"column":0},"end":{"line":453,"column":39}},"454":{"start":{"line":455,"column":0},"end":{"line":455,"column":31}},"455":{"start":{"line":456,"column":0},"end":{"line":456,"column":46}},"456":{"start":{"line":457,"column":0},"end":{"line":457,"column":3}},"458":{"start":{"line":459,"column":0},"end":{"line":459,"column":51}},"459":{"start":{"line":460,"column":0},"end":{"line":460,"column":51}},"460":{"start":{"line":461,"column":0},"end":{"line":461,"column":43}},"464":{"start":{"line":465,"column":0},"end":{"line":465,"column":49}},"467":{"start":{"line":468,"column":0},"end":{"line":468,"column":22}},"469":{"start":{"line":470,"column":0},"end":{"line":470,"column":46}},"470":{"start":{"line":471,"column":0},"end":{"line":471,"column":50}},"472":{"start":{"line":473,"column":0},"end":{"line":473,"column":39}},"474":{"start":{"line":475,"column":0},"end":{"line":475,"column":82}},"475":{"start":{"line":476,"column":0},"end":{"line":476,"column":40}},"477":{"start":{"line":478,"column":0},"end":{"line":478,"column":5}},"479":{"start":{"line":480,"column":0},"end":{"line":480,"column":19}},"480":{"start":{"line":481,"column":0},"end":{"line":481,"column":4}},"481":{"start":{"line":482,"column":0},"end":{"line":482,"column":3}},"488":{"start":{"line":489,"column":0},"end":{"line":489,"column":27}},"489":{"start":{"line":490,"column":0},"end":{"line":490,"column":16}},"490":{"start":{"line":491,"column":0},"end":{"line":491,"column":2}},"492":{"start":{"line":493,"column":0},"end":{"line":493,"column":52}},"493":{"start":{"line":494,"column":0},"end":{"line":494,"column":30}},"494":{"start":{"line":495,"column":0},"end":{"line":495,"column":31}},"496":{"start":{"line":497,"column":0},"end":{"line":497,"column":27}},"497":{"start":{"line":498,"column":0},"end":{"line":498,"column":33}},"498":{"start":{"line":499,"column":0},"end":{"line":499,"column":3}},"500":{"start":{"line":501,"column":0},"end":{"line":501,"column":32}},"501":{"start":{"line":502,"column":0},"end":{"line":502,"column":33}},"502":{"start":{"line":503,"column":0},"end":{"line":503,"column":41}},"503":{"start":{"line":504,"column":0},"end":{"line":504,"column":29}},"504":{"start":{"line":505,"column":0},"end":{"line":505,"column":41}},"505":{"start":{"line":506,"column":0},"end":{"line":506,"column":29}},"506":{"start":{"line":507,"column":0},"end":{"line":507,"column":3}},"508":{"start":{"line":509,"column":0},"end":{"line":509,"column":32}},"509":{"start":{"line":510,"column":0},"end":{"line":510,"column":2}},"511":{"start":{"line":512,"column":0},"end":{"line":512,"column":70}},"512":{"start":{"line":513,"column":0},"end":{"line":513,"column":47}},"513":{"start":{"line":514,"column":0},"end":{"line":514,"column":50}},"514":{"start":{"line":515,"column":0},"end":{"line":515,"column":43}},"515":{"start":{"line":516,"column":0},"end":{"line":516,"column":50}},"517":{"start":{"line":518,"column":0},"end":{"line":518,"column":46}},"519":{"start":{"line":520,"column":0},"end":{"line":520,"column":51}},"520":{"start":{"line":521,"column":0},"end":{"line":521,"column":32}},"521":{"start":{"line":522,"column":0},"end":{"line":522,"column":36}},"522":{"start":{"line":523,"column":0},"end":{"line":523,"column":29}},"523":{"start":{"line":524,"column":0},"end":{"line":524,"column":70}},"526":{"start":{"line":527,"column":0},"end":{"line":527,"column":40}},"527":{"start":{"line":528,"column":0},"end":{"line":528,"column":32}},"529":{"start":{"line":530,"column":0},"end":{"line":530,"column":5}},"530":{"start":{"line":531,"column":0},"end":{"line":531,"column":34}},"531":{"start":{"line":532,"column":0},"end":{"line":532,"column":14}},"532":{"start":{"line":533,"column":0},"end":{"line":533,"column":5}},"533":{"start":{"line":534,"column":0},"end":{"line":534,"column":40}},"534":{"start":{"line":535,"column":0},"end":{"line":535,"column":40}},"535":{"start":{"line":536,"column":0},"end":{"line":536,"column":87}},"536":{"start":{"line":537,"column":0},"end":{"line":537,"column":37}},"537":{"start":{"line":538,"column":0},"end":{"line":538,"column":40}},"538":{"start":{"line":539,"column":0},"end":{"line":539,"column":34}},"539":{"start":{"line":540,"column":0},"end":{"line":540,"column":72}},"540":{"start":{"line":541,"column":0},"end":{"line":541,"column":42}},"541":{"start":{"line":542,"column":0},"end":{"line":542,"column":40}},"542":{"start":{"line":543,"column":0},"end":{"line":543,"column":37}},"543":{"start":{"line":544,"column":0},"end":{"line":544,"column":37}},"544":{"start":{"line":545,"column":0},"end":{"line":545,"column":40}},"545":{"start":{"line":546,"column":0},"end":{"line":546,"column":25}},"546":{"start":{"line":547,"column":0},"end":{"line":547,"column":12}},"548":{"start":{"line":549,"column":0},"end":{"line":549,"column":5}},"566":{"start":{"line":567,"column":0},"end":{"line":567,"column":46}},"568":{"start":{"line":569,"column":0},"end":{"line":569,"column":38}},"569":{"start":{"line":570,"column":0},"end":{"line":570,"column":41}},"570":{"start":{"line":571,"column":0},"end":{"line":571,"column":41}},"571":{"start":{"line":572,"column":0},"end":{"line":572,"column":48}},"572":{"start":{"line":573,"column":0},"end":{"line":573,"column":25}},"573":{"start":{"line":574,"column":0},"end":{"line":574,"column":38}},"574":{"start":{"line":575,"column":0},"end":{"line":575,"column":5}},"575":{"start":{"line":576,"column":0},"end":{"line":576,"column":43}},"577":{"start":{"line":578,"column":0},"end":{"line":578,"column":66}},"578":{"start":{"line":579,"column":0},"end":{"line":579,"column":4}},"579":{"start":{"line":580,"column":0},"end":{"line":580,"column":3}},"581":{"start":{"line":582,"column":0},"end":{"line":582,"column":19}},"582":{"start":{"line":583,"column":0},"end":{"line":583,"column":2}},"663":{"start":{"line":664,"column":0},"end":{"line":664,"column":96}},"666":{"start":{"line":667,"column":0},"end":{"line":667,"column":50}},"674":{"start":{"line":675,"column":0},"end":{"line":675,"column":49}},"675":{"start":{"line":676,"column":0},"end":{"line":676,"column":31}},"676":{"start":{"line":677,"column":0},"end":{"line":677,"column":31}},"677":{"start":{"line":678,"column":0},"end":{"line":678,"column":5}},"679":{"start":{"line":680,"column":0},"end":{"line":680,"column":45}},"680":{"start":{"line":681,"column":0},"end":{"line":681,"column":38}},"682":{"start":{"line":683,"column":0},"end":{"line":683,"column":118}},"688":{"start":{"line":689,"column":0},"end":{"line":689,"column":40}},"689":{"start":{"line":690,"column":0},"end":{"line":690,"column":50}},"690":{"start":{"line":691,"column":0},"end":{"line":691,"column":15}},"691":{"start":{"line":692,"column":0},"end":{"line":692,"column":34}},"692":{"start":{"line":693,"column":0},"end":{"line":693,"column":27}},"693":{"start":{"line":694,"column":0},"end":{"line":694,"column":27}},"694":{"start":{"line":695,"column":0},"end":{"line":695,"column":6}},"695":{"start":{"line":696,"column":0},"end":{"line":696,"column":11}},"696":{"start":{"line":697,"column":0},"end":{"line":697,"column":5}},"697":{"start":{"line":698,"column":0},"end":{"line":698,"column":4}},"700":{"start":{"line":701,"column":0},"end":{"line":701,"column":3}},"701":{"start":{"line":702,"column":0},"end":{"line":702,"column":2}},"702":{"start":{"line":703,"column":0},"end":{"line":703,"column":1}},"704":{"start":{"line":705,"column":0},"end":{"line":705,"column":22}},"706":{"start":{"line":707,"column":0},"end":{"line":707,"column":56}},"708":{"start":{"line":709,"column":0},"end":{"line":709,"column":36}},"709":{"start":{"line":710,"column":0},"end":{"line":710,"column":2}},"711":{"start":{"line":712,"column":0},"end":{"line":712,"column":84}},"712":{"start":{"line":713,"column":0},"end":{"line":713,"column":120}},"713":{"start":{"line":714,"column":0},"end":{"line":714,"column":79}},"716":{"start":{"line":717,"column":0},"end":{"line":717,"column":52}},"718":{"start":{"line":719,"column":0},"end":{"line":719,"column":49}},"720":{"start":{"line":721,"column":0},"end":{"line":721,"column":17}},"721":{"start":{"line":722,"column":0},"end":{"line":722,"column":47}},"722":{"start":{"line":723,"column":0},"end":{"line":723,"column":20}},"723":{"start":{"line":724,"column":0},"end":{"line":724,"column":80}},"724":{"start":{"line":725,"column":0},"end":{"line":725,"column":48}},"725":{"start":{"line":726,"column":0},"end":{"line":726,"column":3}},"726":{"start":{"line":727,"column":0},"end":{"line":727,"column":20}},"732":{"start":{"line":733,"column":0},"end":{"line":733,"column":71}},"734":{"start":{"line":735,"column":0},"end":{"line":735,"column":5}},"735":{"start":{"line":736,"column":0},"end":{"line":736,"column":2}},"736":{"start":{"line":737,"column":0},"end":{"line":737,"column":1}}},"s":{"1":1,"2":1,"6":1,"8":1,"10":1,"12":1,"13":1,"14":1,"18":1,"20":1,"21":22,"22":22,"24":22,"25":22,"26":22,"27":22,"29":22,"30":19,"31":17,"33":17,"34":0,"35":0,"37":17,"38":157,"39":99,"40":99,"41":99,"42":99,"43":99,"44":99,"45":99,"46":99,"47":157,"49":17,"50":17,"52":17,"53":99,"54":99,"56":17,"57":19,"59":22,"60":27,"62":27,"63":26,"64":26,"66":27,"68":27,"69":25,"71":25,"72":25,"73":25,"74":25,"75":25,"76":27,"78":22,"79":197,"80":197,"81":197,"84":197,"85":28,"86":4,"87":4,"88":24,"89":24,"92":197,"93":14,"94":4,"95":4,"96":10,"97":10,"100":197,"101":14,"102":2,"103":2,"104":12,"105":12,"108":141,"109":14,"110":2,"111":2,"112":12,"113":12,"115":127,"116":197,"118":22,"119":99,"121":99,"122":99,"123":99,"124":99,"126":99,"128":99,"129":1,"130":1,"132":99,"134":99,"135":17365,"137":17365,"138":9,"139":9,"141":9,"142":9,"143":9,"144":2,"145":9,"146":7,"147":7,"148":17365,"149":17356,"150":17356,"152":17365,"153":6180,"154":6180,"155":17365,"157":99,"158":99,"160":22,"161":1,"164":1,"166":1,"167":2,"169":2,"170":2,"172":2,"173":2,"175":2,"176":2,"177":2,"178":2,"179":2,"181":2,"183":2,"184":2,"185":0,"186":2,"187":2,"188":2,"189":2,"191":1,"192":1,"194":22,"195":3,"196":3,"198":3,"199":0,"200":0,"202":3,"203":20,"204":20,"205":20,"207":20,"208":20,"210":20,"211":15750,"212":100,"213":100,"214":100,"216":100,"219":100,"221":100,"222":100,"223":100,"224":100,"225":91,"226":91,"227":100,"228":9,"229":9,"230":9,"231":9,"232":9,"233":9,"234":9,"235":9,"236":9,"237":100,"240":100,"241":100,"243":100,"245":100,"246":100,"247":100,"248":100,"249":100,"251":0,"252":0,"254":0,"255":0,"256":0,"257":0,"258":0,"259":0,"261":100,"262":100,"263":100,"264":100,"265":100,"266":100,"267":100,"268":100,"269":100,"270":15750,"271":20,"272":20,"274":3,"275":3,"277":3,"278":3,"280":22,"281":9,"283":9,"284":6395987,"285":6395987,"286":6395987,"287":6395987,"288":6395987,"289":9,"291":0,"292":0,"293":0,"294":0,"295":0,"296":0,"297":0,"298":0,"299":0,"300":0,"301":0,"303":0,"304":0,"306":0,"307":0,"308":0,"309":0,"310":0,"311":0,"312":0,"314":0,"315":0,"316":0,"317":0,"318":0,"319":0,"320":0,"321":0,"323":0,"324":0,"325":0,"326":0,"327":0,"328":0,"329":0,"330":0,"331":0,"332":0,"333":0,"334":0,"335":9,"337":22,"338":100,"340":100,"341":100,"343":100,"345":100,"346":2,"347":100,"348":98,"349":98,"351":0,"352":0,"355":0,"356":0,"357":0,"358":0,"359":0,"360":0,"362":0,"363":0,"365":100,"366":0,"367":0,"368":0,"370":100,"371":0,"372":0,"373":0,"375":100,"376":100,"377":0,"378":0,"379":100,"380":100,"381":100,"383":22,"389":1,"390":1,"392":1,"393":0,"394":0,"396":1,"397":14,"398":14,"401":14,"402":14,"403":14,"404":14,"405":14,"406":14,"407":14,"408":14,"410":14,"411":14,"413":14,"414":14,"416":14,"418":14,"419":14,"420":14,"421":14,"422":14,"424":0,"425":0,"427":0,"428":0,"429":0,"430":0,"431":0,"432":0,"434":14,"435":14,"436":14,"437":14,"438":14,"440":14,"441":14,"442":14,"444":1,"445":1,"447":1,"448":1,"450":22,"451":4,"452":4,"454":4,"455":0,"456":0,"458":4,"459":6,"460":6,"464":6,"467":6,"469":6,"470":6,"472":6,"474":11,"475":11,"477":11,"479":6,"480":6,"481":6,"488":4,"489":4,"490":4,"492":22,"493":154,"494":154,"496":154,"497":0,"498":0,"500":154,"501":0,"502":154,"503":89,"504":114,"505":65,"506":65,"508":0,"509":154,"511":22,"512":6,"513":6,"514":6,"515":6,"517":6,"519":6,"520":3959,"521":3959,"522":3959,"523":3959,"526":3959,"527":344,"529":22,"530":344,"531":190,"532":190,"533":154,"534":344,"535":0,"536":0,"537":0,"538":0,"539":344,"540":154,"541":154,"542":154,"543":154,"544":154,"545":154,"546":154,"548":0,"566":3959,"568":3615,"569":372,"570":3615,"571":372,"572":372,"573":372,"574":372,"575":3243,"577":210,"578":210,"579":3959,"581":6,"582":6,"663":22,"666":6,"674":6,"675":6,"676":6,"677":6,"679":6,"680":385,"682":385,"688":385,"689":673,"690":673,"691":353,"692":353,"693":52,"694":52,"695":353,"696":353,"697":673,"700":385,"701":6,"702":22,"704":20,"706":20,"708":20,"709":20,"711":20,"712":20,"713":20,"716":20,"718":20,"720":20,"721":0,"722":20,"723":20,"724":0,"725":0,"726":20,"732":0,"734":0,"735":0,"736":20},"branchMap":{"0":{"type":"branch","line":21,"loc":{"start":{"line":21,"column":22},"end":{"line":703,"column":1}},"locations":[{"start":{"line":21,"column":22},"end":{"line":703,"column":1}}]},"1":{"type":"branch","line":25,"loc":{"start":{"line":25,"column":1},"end":{"line":28,"column":2}},"locations":[{"start":{"line":25,"column":1},"end":{"line":28,"column":2}}]},"2":{"type":"branch","line":30,"loc":{"start":{"line":30,"column":1},"end":{"line":58,"column":2}},"locations":[{"start":{"line":30,"column":1},"end":{"line":58,"column":2}}]},"3":{"type":"branch","line":31,"loc":{"start":{"line":31,"column":31},"end":{"line":57,"column":16}},"locations":[{"start":{"line":31,"column":31},"end":{"line":57,"column":16}}]},"4":{"type":"branch","line":34,"loc":{"start":{"line":34,"column":30},"end":{"line":36,"column":3}},"locations":[{"start":{"line":34,"column":30},"end":{"line":36,"column":3}}]},"5":{"type":"branch","line":38,"loc":{"start":{"line":38,"column":50},"end":{"line":48,"column":3}},"locations":[{"start":{"line":38,"column":50},"end":{"line":48,"column":3}}]},"6":{"type":"branch","line":39,"loc":{"start":{"line":39,"column":50},"end":{"line":47,"column":4}},"locations":[{"start":{"line":39,"column":50},"end":{"line":47,"column":4}}]},"7":{"type":"branch","line":53,"loc":{"start":{"line":53,"column":35},"end":{"line":55,"column":3}},"locations":[{"start":{"line":53,"column":35},"end":{"line":55,"column":3}}]},"8":{"type":"branch","line":60,"loc":{"start":{"line":60,"column":1},"end":{"line":77,"column":2}},"locations":[{"start":{"line":60,"column":1},"end":{"line":77,"column":2}}]},"9":{"type":"branch","line":63,"loc":{"start":{"line":63,"column":35},"end":{"line":63,"column":78}},"locations":[{"start":{"line":63,"column":35},"end":{"line":63,"column":78}}]},"10":{"type":"branch","line":63,"loc":{"start":{"line":63,"column":78},"end":{"line":65,"column":3}},"locations":[{"start":{"line":63,"column":78},"end":{"line":65,"column":3}}]},"11":{"type":"branch","line":69,"loc":{"start":{"line":69,"column":31},"end":{"line":76,"column":4}},"locations":[{"start":{"line":69,"column":31},"end":{"line":76,"column":4}}]},"12":{"type":"branch","line":79,"loc":{"start":{"line":79,"column":9},"end":{"line":117,"column":2}},"locations":[{"start":{"line":79,"column":9},"end":{"line":117,"column":2}}]},"13":{"type":"branch","line":80,"loc":{"start":{"line":80,"column":27},"end":{"line":80,"column":41}},"locations":[{"start":{"line":80,"column":27},"end":{"line":80,"column":41}}]},"14":{"type":"branch","line":81,"loc":{"start":{"line":81,"column":25},"end":{"line":81,"column":36}},"locations":[{"start":{"line":81,"column":25},"end":{"line":81,"column":36}}]},"15":{"type":"branch","line":82,"loc":{"start":{"line":82,"column":24},"end":{"line":82,"column":34}},"locations":[{"start":{"line":82,"column":24},"end":{"line":82,"column":34}}]},"16":{"type":"branch","line":85,"loc":{"start":{"line":85,"column":33},"end":{"line":90,"column":3}},"locations":[{"start":{"line":85,"column":33},"end":{"line":90,"column":3}}]},"17":{"type":"branch","line":86,"loc":{"start":{"line":86,"column":45},"end":{"line":88,"column":4}},"locations":[{"start":{"line":86,"column":45},"end":{"line":88,"column":4}}]},"18":{"type":"branch","line":88,"loc":{"start":{"line":88,"column":3},"end":{"line":90,"column":3}},"locations":[{"start":{"line":88,"column":3},"end":{"line":90,"column":3}}]},"19":{"type":"branch","line":90,"loc":{"start":{"line":90,"column":2},"end":{"line":93,"column":26}},"locations":[{"start":{"line":90,"column":2},"end":{"line":93,"column":26}}]},"20":{"type":"branch","line":93,"loc":{"start":{"line":93,"column":21},"end":{"line":93,"column":43}},"locations":[{"start":{"line":93,"column":21},"end":{"line":93,"column":43}}]},"21":{"type":"branch","line":93,"loc":{"start":{"line":93,"column":43},"end":{"line":98,"column":3}},"locations":[{"start":{"line":93,"column":43},"end":{"line":98,"column":3}}]},"22":{"type":"branch","line":94,"loc":{"start":{"line":94,"column":29},"end":{"line":94,"column":66}},"locations":[{"start":{"line":94,"column":29},"end":{"line":94,"column":66}}]},"23":{"type":"branch","line":94,"loc":{"start":{"line":94,"column":66},"end":{"line":96,"column":4}},"locations":[{"start":{"line":94,"column":66},"end":{"line":96,"column":4}}]},"24":{"type":"branch","line":96,"loc":{"start":{"line":96,"column":3},"end":{"line":98,"column":3}},"locations":[{"start":{"line":96,"column":3},"end":{"line":98,"column":3}}]},"25":{"type":"branch","line":98,"loc":{"start":{"line":98,"column":2},"end":{"line":101,"column":24}},"locations":[{"start":{"line":98,"column":2},"end":{"line":101,"column":24}}]},"26":{"type":"branch","line":101,"loc":{"start":{"line":101,"column":24},"end":{"line":114,"column":3}},"locations":[{"start":{"line":101,"column":24},"end":{"line":114,"column":3}}]},"27":{"type":"branch","line":101,"loc":{"start":{"line":101,"column":24},"end":{"line":106,"column":3}},"locations":[{"start":{"line":101,"column":24},"end":{"line":106,"column":3}}]},"28":{"type":"branch","line":102,"loc":{"start":{"line":102,"column":36},"end":{"line":104,"column":4}},"locations":[{"start":{"line":102,"column":36},"end":{"line":104,"column":4}}]},"29":{"type":"branch","line":104,"loc":{"start":{"line":104,"column":3},"end":{"line":106,"column":3}},"locations":[{"start":{"line":104,"column":3},"end":{"line":106,"column":3}}]},"30":{"type":"branch","line":109,"loc":{"start":{"line":109,"column":23},"end":{"line":114,"column":3}},"locations":[{"start":{"line":109,"column":23},"end":{"line":114,"column":3}}]},"31":{"type":"branch","line":110,"loc":{"start":{"line":110,"column":46},"end":{"line":112,"column":4}},"locations":[{"start":{"line":110,"column":46},"end":{"line":112,"column":4}}]},"32":{"type":"branch","line":112,"loc":{"start":{"line":112,"column":3},"end":{"line":114,"column":3}},"locations":[{"start":{"line":112,"column":3},"end":{"line":114,"column":3}}]},"33":{"type":"branch","line":114,"loc":{"start":{"line":114,"column":2},"end":{"line":116,"column":14}},"locations":[{"start":{"line":114,"column":2},"end":{"line":116,"column":14}}]},"34":{"type":"branch","line":119,"loc":{"start":{"line":119,"column":1},"end":{"line":159,"column":2}},"locations":[{"start":{"line":119,"column":1},"end":{"line":159,"column":2}}]},"35":{"type":"branch","line":129,"loc":{"start":{"line":129,"column":30},"end":{"line":131,"column":3}},"locations":[{"start":{"line":129,"column":30},"end":{"line":131,"column":3}}]},"36":{"type":"branch","line":135,"loc":{"start":{"line":135,"column":40},"end":{"line":156,"column":3}},"locations":[{"start":{"line":135,"column":40},"end":{"line":156,"column":3}}]},"37":{"type":"branch","line":136,"loc":{"start":{"line":136,"column":25},"end":{"line":136,"column":34}},"locations":[{"start":{"line":136,"column":25},"end":{"line":136,"column":34}}]},"38":{"type":"branch","line":138,"loc":{"start":{"line":138,"column":31},"end":{"line":149,"column":10}},"locations":[{"start":{"line":138,"column":31},"end":{"line":149,"column":10}}]},"39":{"type":"branch","line":139,"loc":{"start":{"line":139,"column":20},"end":{"line":139,"column":48}},"locations":[{"start":{"line":139,"column":20},"end":{"line":139,"column":48}}]},"40":{"type":"branch","line":142,"loc":{"start":{"line":142,"column":37},"end":{"line":142,"column":45}},"locations":[{"start":{"line":142,"column":37},"end":{"line":142,"column":45}}]},"41":{"type":"branch","line":144,"loc":{"start":{"line":144,"column":13},"end":{"line":146,"column":11}},"locations":[{"start":{"line":144,"column":13},"end":{"line":146,"column":11}}]},"42":{"type":"branch","line":146,"loc":{"start":{"line":146,"column":4},"end":{"line":148,"column":5}},"locations":[{"start":{"line":146,"column":4},"end":{"line":148,"column":5}}]},"43":{"type":"branch","line":149,"loc":{"start":{"line":149,"column":3},"end":{"line":151,"column":4}},"locations":[{"start":{"line":149,"column":3},"end":{"line":151,"column":4}}]},"44":{"type":"branch","line":153,"loc":{"start":{"line":153,"column":20},"end":{"line":155,"column":4}},"locations":[{"start":{"line":153,"column":20},"end":{"line":155,"column":4}}]},"45":{"type":"branch","line":143,"loc":{"start":{"line":143,"column":28},"end":{"line":143,"column":113}},"locations":[{"start":{"line":143,"column":28},"end":{"line":143,"column":113}}]},"46":{"type":"branch","line":161,"loc":{"start":{"line":161,"column":1},"end":{"line":193,"column":2}},"locations":[{"start":{"line":161,"column":1},"end":{"line":193,"column":2}}]},"47":{"type":"branch","line":165,"loc":{"start":{"line":165,"column":82},"end":{"line":165,"column":91}},"locations":[{"start":{"line":165,"column":82},"end":{"line":165,"column":91}}]},"48":{"type":"branch","line":167,"loc":{"start":{"line":167,"column":31},"end":{"line":190,"column":3}},"locations":[{"start":{"line":167,"column":31},"end":{"line":190,"column":3}}]},"49":{"type":"branch","line":168,"loc":{"start":{"line":168,"column":29},"end":{"line":168,"column":38}},"locations":[{"start":{"line":168,"column":29},"end":{"line":168,"column":38}}]},"50":{"type":"branch","line":170,"loc":{"start":{"line":170,"column":25},"end":{"line":170,"column":44}},"locations":[{"start":{"line":170,"column":25},"end":{"line":170,"column":44}}]},"51":{"type":"branch","line":171,"loc":{"start":{"line":171,"column":13},"end":{"line":171,"column":22}},"locations":[{"start":{"line":171,"column":13},"end":{"line":171,"column":22}}]},"52":{"type":"branch","line":174,"loc":{"start":{"line":174,"column":14},"end":{"line":174,"column":23}},"locations":[{"start":{"line":174,"column":14},"end":{"line":174,"column":23}}]},"53":{"type":"branch","line":185,"loc":{"start":{"line":185,"column":11},"end":{"line":187,"column":10}},"locations":[{"start":{"line":185,"column":11},"end":{"line":187,"column":10}}]},"54":{"type":"branch","line":195,"loc":{"start":{"line":195,"column":1},"end":{"line":279,"column":2}},"locations":[{"start":{"line":195,"column":1},"end":{"line":279,"column":2}}]},"55":{"type":"branch","line":199,"loc":{"start":{"line":199,"column":30},"end":{"line":201,"column":3}},"locations":[{"start":{"line":199,"column":30},"end":{"line":201,"column":3}}]},"56":{"type":"branch","line":203,"loc":{"start":{"line":203,"column":50},"end":{"line":273,"column":3}},"locations":[{"start":{"line":203,"column":50},"end":{"line":273,"column":3}}]},"57":{"type":"branch","line":211,"loc":{"start":{"line":211,"column":49},"end":{"line":271,"column":5}},"locations":[{"start":{"line":211,"column":49},"end":{"line":271,"column":5}}]},"58":{"type":"branch","line":212,"loc":{"start":{"line":212,"column":113},"end":{"line":270,"column":6}},"locations":[{"start":{"line":212,"column":113},"end":{"line":270,"column":6}}]},"59":{"type":"branch","line":215,"loc":{"start":{"line":215,"column":25},"end":{"line":215,"column":87}},"locations":[{"start":{"line":215,"column":25},"end":{"line":215,"column":87}}]},"60":{"type":"branch","line":225,"loc":{"start":{"line":225,"column":47},"end":{"line":228,"column":13}},"locations":[{"start":{"line":225,"column":47},"end":{"line":228,"column":13}}]},"61":{"type":"branch","line":228,"loc":{"start":{"line":228,"column":6},"end":{"line":237,"column":7}},"locations":[{"start":{"line":228,"column":6},"end":{"line":237,"column":7}}]},"62":{"type":"branch","line":250,"loc":{"start":{"line":250,"column":6},"end":{"line":260,"column":7}},"locations":[{"start":{"line":250,"column":6},"end":{"line":260,"column":7}}]},"63":{"type":"branch","line":281,"loc":{"start":{"line":281,"column":9},"end":{"line":336,"column":2}},"locations":[{"start":{"line":281,"column":9},"end":{"line":336,"column":2}}]},"64":{"type":"branch","line":284,"loc":{"start":{"line":284,"column":55},"end":{"line":289,"column":4}},"locations":[{"start":{"line":284,"column":55},"end":{"line":289,"column":4}}]},"65":{"type":"branch","line":290,"loc":{"start":{"line":290,"column":2},"end":{"line":335,"column":3}},"locations":[{"start":{"line":290,"column":2},"end":{"line":335,"column":3}}]},"66":{"type":"branch","line":338,"loc":{"start":{"line":338,"column":9},"end":{"line":382,"column":2}},"locations":[{"start":{"line":338,"column":9},"end":{"line":382,"column":2}}]},"67":{"type":"branch","line":339,"loc":{"start":{"line":339,"column":21},"end":{"line":381,"column":3}},"locations":[{"start":{"line":339,"column":21},"end":{"line":381,"column":3}}]},"68":{"type":"branch","line":341,"loc":{"start":{"line":341,"column":24},"end":{"line":380,"column":4}},"locations":[{"start":{"line":341,"column":24},"end":{"line":380,"column":4}}]},"69":{"type":"branch","line":346,"loc":{"start":{"line":346,"column":45},"end":{"line":348,"column":16}},"locations":[{"start":{"line":346,"column":45},"end":{"line":348,"column":16}}]},"70":{"type":"branch","line":348,"loc":{"start":{"line":348,"column":5},"end":{"line":364,"column":6}},"locations":[{"start":{"line":348,"column":5},"end":{"line":364,"column":6}}]},"71":{"type":"branch","line":350,"loc":{"start":{"line":350,"column":5},"end":{"line":364,"column":6}},"locations":[{"start":{"line":350,"column":5},"end":{"line":364,"column":6}}]},"72":{"type":"branch","line":366,"loc":{"start":{"line":366,"column":20},"end":{"line":369,"column":6}},"locations":[{"start":{"line":366,"column":20},"end":{"line":369,"column":6}}]},"73":{"type":"branch","line":371,"loc":{"start":{"line":371,"column":32},"end":{"line":374,"column":6}},"locations":[{"start":{"line":371,"column":32},"end":{"line":374,"column":6}}]},"74":{"type":"branch","line":377,"loc":{"start":{"line":377,"column":4},"end":{"line":379,"column":5}},"locations":[{"start":{"line":377,"column":4},"end":{"line":379,"column":5}}]},"75":{"type":"branch","line":384,"loc":{"start":{"line":384,"column":1},"end":{"line":449,"column":2}},"locations":[{"start":{"line":384,"column":1},"end":{"line":449,"column":2}}]},"76":{"type":"branch","line":393,"loc":{"start":{"line":393,"column":30},"end":{"line":395,"column":3}},"locations":[{"start":{"line":393,"column":30},"end":{"line":395,"column":3}}]},"77":{"type":"branch","line":397,"loc":{"start":{"line":397,"column":50},"end":{"line":443,"column":3}},"locations":[{"start":{"line":397,"column":50},"end":{"line":443,"column":3}}]},"78":{"type":"branch","line":423,"loc":{"start":{"line":423,"column":4},"end":{"line":433,"column":5}},"locations":[{"start":{"line":423,"column":4},"end":{"line":433,"column":5}}]},"79":{"type":"branch","line":451,"loc":{"start":{"line":451,"column":1},"end":{"line":491,"column":2}},"locations":[{"start":{"line":451,"column":1},"end":{"line":491,"column":2}}]},"80":{"type":"branch","line":455,"loc":{"start":{"line":455,"column":30},"end":{"line":457,"column":3}},"locations":[{"start":{"line":455,"column":30},"end":{"line":457,"column":3}}]},"81":{"type":"branch","line":459,"loc":{"start":{"line":459,"column":50},"end":{"line":482,"column":3}},"locations":[{"start":{"line":459,"column":50},"end":{"line":482,"column":3}}]},"82":{"type":"branch","line":473,"loc":{"start":{"line":473,"column":38},"end":{"line":478,"column":5}},"locations":[{"start":{"line":473,"column":38},"end":{"line":478,"column":5}}]},"83":{"type":"branch","line":493,"loc":{"start":{"line":493,"column":9},"end":{"line":510,"column":2}},"locations":[{"start":{"line":493,"column":9},"end":{"line":510,"column":2}}]},"84":{"type":"branch","line":497,"loc":{"start":{"line":497,"column":26},"end":{"line":499,"column":3}},"locations":[{"start":{"line":497,"column":26},"end":{"line":499,"column":3}}]},"85":{"type":"branch","line":501,"loc":{"start":{"line":501,"column":14},"end":{"line":501,"column":31}},"locations":[{"start":{"line":501,"column":14},"end":{"line":501,"column":31}}]},"86":{"type":"branch","line":501,"loc":{"start":{"line":501,"column":31},"end":{"line":503,"column":13}},"locations":[{"start":{"line":501,"column":31},"end":{"line":503,"column":13}}]},"87":{"type":"branch","line":503,"loc":{"start":{"line":503,"column":21},"end":{"line":503,"column":40}},"locations":[{"start":{"line":503,"column":21},"end":{"line":503,"column":40}}]},"88":{"type":"branch","line":503,"loc":{"start":{"line":503,"column":40},"end":{"line":507,"column":3}},"locations":[{"start":{"line":503,"column":40},"end":{"line":507,"column":3}}]},"89":{"type":"branch","line":503,"loc":{"start":{"line":503,"column":40},"end":{"line":505,"column":13}},"locations":[{"start":{"line":503,"column":40},"end":{"line":505,"column":13}}]},"90":{"type":"branch","line":505,"loc":{"start":{"line":505,"column":2},"end":{"line":507,"column":3}},"locations":[{"start":{"line":505,"column":2},"end":{"line":507,"column":3}}]},"91":{"type":"branch","line":507,"loc":{"start":{"line":507,"column":2},"end":{"line":509,"column":32}},"locations":[{"start":{"line":507,"column":2},"end":{"line":509,"column":32}}]},"92":{"type":"branch","line":512,"loc":{"start":{"line":512,"column":1},"end":{"line":583,"column":2}},"locations":[{"start":{"line":512,"column":1},"end":{"line":583,"column":2}}]},"93":{"type":"branch","line":520,"loc":{"start":{"line":520,"column":50},"end":{"line":580,"column":3}},"locations":[{"start":{"line":520,"column":50},"end":{"line":580,"column":3}}]},"94":{"type":"branch","line":523,"loc":{"start":{"line":523,"column":14},"end":{"line":523,"column":27}},"locations":[{"start":{"line":523,"column":14},"end":{"line":523,"column":27}}]},"95":{"type":"branch","line":523,"loc":{"start":{"line":523,"column":22},"end":{"line":523,"column":29}},"locations":[{"start":{"line":523,"column":22},"end":{"line":523,"column":29}}]},"96":{"type":"branch","line":524,"loc":{"start":{"line":524,"column":14},"end":{"line":524,"column":27}},"locations":[{"start":{"line":524,"column":14},"end":{"line":524,"column":27}}]},"97":{"type":"branch","line":524,"loc":{"start":{"line":524,"column":22},"end":{"line":524,"column":70}},"locations":[{"start":{"line":524,"column":22},"end":{"line":524,"column":70}}]},"98":{"type":"branch","line":527,"loc":{"start":{"line":527,"column":39},"end":{"line":567,"column":14}},"locations":[{"start":{"line":527,"column":39},"end":{"line":567,"column":14}}]},"99":{"type":"branch","line":528,"loc":{"start":{"line":528,"column":31},"end":{"line":530,"column":5}},"locations":[{"start":{"line":528,"column":31},"end":{"line":530,"column":5}}]},"100":{"type":"branch","line":531,"loc":{"start":{"line":531,"column":33},"end":{"line":533,"column":5}},"locations":[{"start":{"line":531,"column":33},"end":{"line":533,"column":5}}]},"101":{"type":"branch","line":533,"loc":{"start":{"line":533,"column":4},"end":{"line":535,"column":39}},"locations":[{"start":{"line":533,"column":4},"end":{"line":535,"column":39}}]},"102":{"type":"branch","line":535,"loc":{"start":{"line":535,"column":39},"end":{"line":540,"column":15}},"locations":[{"start":{"line":535,"column":39},"end":{"line":540,"column":15}}]},"103":{"type":"branch","line":540,"loc":{"start":{"line":540,"column":4},"end":{"line":549,"column":5}},"locations":[{"start":{"line":540,"column":4},"end":{"line":549,"column":5}}]},"104":{"type":"branch","line":540,"loc":{"start":{"line":540,"column":35},"end":{"line":540,"column":71}},"locations":[{"start":{"line":540,"column":35},"end":{"line":540,"column":71}}]},"105":{"type":"branch","line":547,"loc":{"start":{"line":547,"column":4},"end":{"line":549,"column":5}},"locations":[{"start":{"line":547,"column":4},"end":{"line":549,"column":5}}]},"106":{"type":"branch","line":567,"loc":{"start":{"line":567,"column":3},"end":{"line":579,"column":4}},"locations":[{"start":{"line":567,"column":3},"end":{"line":579,"column":4}}]},"107":{"type":"branch","line":567,"loc":{"start":{"line":567,"column":45},"end":{"line":569,"column":14}},"locations":[{"start":{"line":567,"column":45},"end":{"line":569,"column":14}}]},"108":{"type":"branch","line":569,"loc":{"start":{"line":569,"column":37},"end":{"line":571,"column":14}},"locations":[{"start":{"line":569,"column":37},"end":{"line":571,"column":14}}]},"109":{"type":"branch","line":571,"loc":{"start":{"line":571,"column":3},"end":{"line":579,"column":4}},"locations":[{"start":{"line":571,"column":3},"end":{"line":579,"column":4}}]},"110":{"type":"branch","line":571,"loc":{"start":{"line":571,"column":40},"end":{"line":576,"column":14}},"locations":[{"start":{"line":571,"column":40},"end":{"line":576,"column":14}}]},"111":{"type":"branch","line":576,"loc":{"start":{"line":576,"column":3},"end":{"line":579,"column":4}},"locations":[{"start":{"line":576,"column":3},"end":{"line":579,"column":4}}]},"112":{"type":"branch","line":576,"loc":{"start":{"line":576,"column":42},"end":{"line":579,"column":4}},"locations":[{"start":{"line":576,"column":42},"end":{"line":579,"column":4}}]},"113":{"type":"branch","line":664,"loc":{"start":{"line":664,"column":1},"end":{"line":702,"column":2}},"locations":[{"start":{"line":664,"column":1},"end":{"line":702,"column":2}}]},"114":{"type":"branch","line":680,"loc":{"start":{"line":680,"column":44},"end":{"line":701,"column":3}},"locations":[{"start":{"line":680,"column":44},"end":{"line":701,"column":3}}]},"115":{"type":"branch","line":681,"loc":{"start":{"line":681,"column":29},"end":{"line":681,"column":38}},"locations":[{"start":{"line":681,"column":29},"end":{"line":681,"column":38}}]},"116":{"type":"branch","line":689,"loc":{"start":{"line":689,"column":39},"end":{"line":698,"column":4}},"locations":[{"start":{"line":689,"column":39},"end":{"line":698,"column":4}}]},"117":{"type":"branch","line":691,"loc":{"start":{"line":691,"column":14},"end":{"line":697,"column":5}},"locations":[{"start":{"line":691,"column":14},"end":{"line":697,"column":5}}]},"118":{"type":"branch","line":693,"loc":{"start":{"line":693,"column":26},"end":{"line":695,"column":6}},"locations":[{"start":{"line":693,"column":26},"end":{"line":695,"column":6}}]},"119":{"type":"branch","line":705,"loc":{"start":{"line":705,"column":0},"end":{"line":737,"column":1}},"locations":[{"start":{"line":705,"column":0},"end":{"line":737,"column":1}}]},"120":{"type":"branch","line":712,"loc":{"start":{"line":712,"column":37},"end":{"line":712,"column":84}},"locations":[{"start":{"line":712,"column":37},"end":{"line":712,"column":84}}]},"121":{"type":"branch","line":717,"loc":{"start":{"line":717,"column":31},"end":{"line":717,"column":52}},"locations":[{"start":{"line":717,"column":31},"end":{"line":717,"column":52}}]},"122":{"type":"branch","line":719,"loc":{"start":{"line":719,"column":42},"end":{"line":719,"column":49}},"locations":[{"start":{"line":719,"column":42},"end":{"line":719,"column":49}}]},"123":{"type":"branch","line":721,"loc":{"start":{"line":721,"column":16},"end":{"line":723,"column":12}},"locations":[{"start":{"line":721,"column":16},"end":{"line":723,"column":12}}]},"124":{"type":"branch","line":724,"loc":{"start":{"line":724,"column":79},"end":{"line":726,"column":3}},"locations":[{"start":{"line":724,"column":79},"end":{"line":726,"column":3}}]},"125":{"type":"branch","line":727,"loc":{"start":{"line":727,"column":1},"end":{"line":736,"column":2}},"locations":[{"start":{"line":727,"column":1},"end":{"line":736,"column":2}}]}},"b":{"0":[22],"1":[22],"2":[19],"3":[17],"4":[0],"5":[157],"6":[99],"7":[99],"8":[27],"9":[26],"10":[26],"11":[25],"12":[197],"13":[23],"14":[23],"15":[23],"16":[28],"17":[4],"18":[24],"19":[169],"20":[28],"21":[14],"22":[10],"23":[4],"24":[10],"25":[155],"26":[141],"27":[14],"28":[2],"29":[12],"30":[14],"31":[2],"32":[12],"33":[127],"34":[99],"35":[1],"36":[17365],"37":[0],"38":[9],"39":[0],"40":[7],"41":[2],"42":[7],"43":[17356],"44":[6180],"45":[2],"46":[1],"47":[0],"48":[2],"49":[0],"50":[0],"51":[0],"52":[0],"53":[0],"54":[3],"55":[0],"56":[20],"57":[15750],"58":[100],"59":[0],"60":[91],"61":[9],"62":[0],"63":[9],"64":[6395987],"65":[0],"66":[100],"67":[100],"68":[100],"69":[2],"70":[98],"71":[0],"72":[0],"73":[0],"74":[0],"75":[1],"76":[0],"77":[14],"78":[0],"79":[4],"80":[0],"81":[6],"82":[11],"83":[154],"84":[0],"85":[89],"86":[0],"87":[89],"88":[114],"89":[89],"90":[65],"91":[0],"92":[6],"93":[3959],"94":[2657],"95":[1302],"96":[2657],"97":[3405],"98":[344],"99":[22],"100":[190],"101":[154],"102":[0],"103":[154],"104":[65],"105":[0],"106":[3615],"107":[0],"108":[372],"109":[3243],"110":[372],"111":[2871],"112":[210],"113":[6],"114":[385],"115":[0],"116":[673],"117":[353],"118":[52],"119":[20],"120":[0],"121":[0],"122":[0],"123":[0],"124":[0],"125":[0]},"fnMap":{"0":{"name":"<instance_members_initializer>","decl":{"start":{"line":21,"column":22},"end":{"line":703,"column":1}},"loc":{"start":{"line":21,"column":22},"end":{"line":703,"column":1}},"line":21},"1":{"name":"PDFParse","decl":{"start":{"line":25,"column":1},"end":{"line":28,"column":2}},"loc":{"start":{"line":25,"column":1},"end":{"line":28,"column":2}},"line":25},"2":{"name":"getText","decl":{"start":{"line":30,"column":1},"end":{"line":58,"column":2}},"loc":{"start":{"line":30,"column":1},"end":{"line":58,"column":2}},"line":30},"3":{"name":"load","decl":{"start":{"line":60,"column":1},"end":{"line":77,"column":2}},"loc":{"start":{"line":60,"column":1},"end":{"line":77,"column":2}},"line":60},"4":{"name":"shouldParse","decl":{"start":{"line":79,"column":9},"end":{"line":117,"column":2}},"loc":{"start":{"line":79,"column":9},"end":{"line":117,"column":2}},"line":79},"5":{"name":"getPageText","decl":{"start":{"line":119,"column":1},"end":{"line":159,"column":2}},"loc":{"start":{"line":119,"column":1},"end":{"line":159,"column":2}},"line":119},"6":{"name":"getHyperlinks","decl":{"start":{"line":161,"column":1},"end":{"line":193,"column":2}},"loc":{"start":{"line":161,"column":1},"end":{"line":193,"column":2}},"line":161},"7":{"name":"getImage","decl":{"start":{"line":195,"column":1},"end":{"line":279,"column":2}},"loc":{"start":{"line":195,"column":1},"end":{"line":279,"column":2}},"line":195},"8":{"name":"convertToRGBA","decl":{"start":{"line":281,"column":9},"end":{"line":336,"column":2}},"loc":{"start":{"line":281,"column":9},"end":{"line":336,"column":2}},"line":281},"9":{"name":"resolveEmbeddedImage","decl":{"start":{"line":338,"column":9},"end":{"line":382,"column":2}},"loc":{"start":{"line":338,"column":9},"end":{"line":382,"column":2}},"line":338},"10":{"name":"pageToImage","decl":{"start":{"line":384,"column":1},"end":{"line":449,"column":2}},"loc":{"start":{"line":384,"column":1},"end":{"line":449,"column":2}},"line":384},"11":{"name":"getTable","decl":{"start":{"line":451,"column":1},"end":{"line":491,"column":2}},"loc":{"start":{"line":451,"column":1},"end":{"line":491,"column":2}},"line":451},"12":{"name":"getPathGeometry","decl":{"start":{"line":493,"column":9},"end":{"line":510,"column":2}},"loc":{"start":{"line":493,"column":9},"end":{"line":510,"column":2}},"line":493},"13":{"name":"getPageTables","decl":{"start":{"line":512,"column":1},"end":{"line":583,"column":2}},"loc":{"start":{"line":512,"column":1},"end":{"line":583,"column":2}},"line":512},"14":{"name":"fillPageTables","decl":{"start":{"line":664,"column":1},"end":{"line":702,"column":2}},"loc":{"start":{"line":664,"column":1},"end":{"line":702,"column":2}},"line":664},"15":{"name":"initPDFJS","decl":{"start":{"line":705,"column":0},"end":{"line":737,"column":1}},"loc":{"start":{"line":705,"column":0},"end":{"line":737,"column":1}},"line":705}},"f":{"0":22,"1":22,"2":19,"3":27,"4":197,"5":99,"6":1,"7":3,"8":9,"9":100,"10":1,"11":4,"12":154,"13":6,"14":6,"15":20}}
,"/home/runner/work/pdf-parse/pdf-parse/src/PageToImageResult.ts": {"path":"/home/runner/work/pdf-parse/pdf-parse/src/PageToImageResult.ts","all":false,"statementMap":{"12":{"start":{"line":13,"column":0},"end":{"line":13,"column":54}},"13":{"start":{"line":14,"column":0},"end":{"line":14,"column":32}},"14":{"start":{"line":15,"column":0},"end":{"line":15,"column":19}},"15":{"start":{"line":16,"column":0},"end":{"line":16,"column":27}},"16":{"start":{"line":17,"column":0},"end":{"line":17,"column":33}},"18":{"start":{"line":19,"column":0},"end":{"line":19,"column":32}},"19":{"start":{"line":20,"column":0},"end":{"line":20,"column":28}},"20":{"start":{"line":21,"column":0},"end":{"line":21,"column":2}},"21":{"start":{"line":22,"column":0},"end":{"line":22,"column":1}}},"s":{"12":1,"13":1,"14":1,"15":1,"16":1,"18":1,"19":1,"20":1,"21":1},"branchMap":{"0":{"type":"branch","line":13,"loc":{"start":{"line":13,"column":53},"end":{"line":22,"column":1}},"locations":[{"start":{"line":13,"column":53},"end":{"line":22,"column":1}}]},"1":{"type":"branch","line":19,"loc":{"start":{"line":19,"column":1},"end":{"line":21,"column":2}},"locations":[{"start":{"line":19,"column":1},"end":{"line":21,"column":2}}]}},"b":{"0":[1],"1":[1]},"fnMap":{"0":{"name":"<instance_members_initializer>","decl":{"start":{"line":13,"column":53},"end":{"line":22,"column":1}},"loc":{"start":{"line":13,"column":53},"end":{"line":22,"column":1}},"line":13},"1":{"name":"PageToImageResult","decl":{"start":{"line":19,"column":1},"end":{"line":21,"column":2}},"loc":{"start":{"line":19,"column":1},"end":{"line":21,"column":2}},"line":19}},"f":{"0":1,"1":1}}
,"/home/runner/work/pdf-parse/pdf-parse/src/ParseParameters.ts": {"path":"/home/runner/work/pdf-parse/pdf-parse/src/ParseParameters.ts","all":true,"statementMap":{},"s":{},"branchMap":{"0":{"type":"branch","line":1,"loc":{"start":{"line":1,"column":2220},"end":{"line":53,"column":1}},"locations":[{"start":{"line":1,"column":2220},"end":{"line":53,"column":1}}]}},"b":{"0":[1]},"fnMap":{"0":{"name":"(empty-report)","decl":{"start":{"line":1,"column":2220},"end":{"line":53,"column":1}},"loc":{"start":{"line":1,"column":2220},"end":{"line":53,"column":1}},"line":1}},"f":{"0":1}}
,"/home/runner/work/pdf-parse/pdf-parse/src/PathGeometry.ts": {"path":"/home/runner/work/pdf-parse/pdf-parse/src/PathGeometry.ts","all":false,"statementMap":{"2":{"start":{"line":3,"column":0},"end":{"line":3,"column":26}},"3":{"start":{"line":4,"column":0},"end":{"line":4,"column":15}},"4":{"start":{"line":5,"column":0},"end":{"line":5,"column":11}},"5":{"start":{"line":6,"column":0},"end":{"line":6,"column":11}},"6":{"start":{"line":7,"column":0},"end":{"line":7,"column":15}},"9":{"start":{"line":10,"column":0},"end":{"line":10,"column":21}},"10":{"start":{"line":11,"column":0},"end":{"line":11,"column":12}},"11":{"start":{"line":12,"column":0},"end":{"line":12,"column":12}},"12":{"start":{"line":13,"column":0},"end":{"line":13,"column":13}},"13":{"start":{"line":14,"column":0},"end":{"line":14,"column":15}},"14":{"start":{"line":15,"column":0},"end":{"line":15,"column":15}}},"s":{"2":1,"3":1,"4":1,"5":1,"6":1,"9":1,"10":1,"11":1,"12":1,"13":1,"14":1},"branchMap":{"0":{"type":"branch","line":3,"loc":{"start":{"line":3,"column":7},"end":{"line":3,"column":26}},"locations":[{"start":{"line":3,"column":7},"end":{"line":3,"column":26}}]},"1":{"type":"branch","line":10,"loc":{"start":{"line":10,"column":7},"end":{"line":10,"column":21}},"locations":[{"start":{"line":10,"column":7},"end":{"line":10,"column":21}}]}},"b":{"0":[20],"1":[20]},"fnMap":{},"f":{}}
,"/home/runner/work/pdf-parse/pdf-parse/src/TableResult.ts": {"path":"/home/runner/work/pdf-parse/pdf-parse/src/TableResult.ts","all":false,"statementMap":{"7":{"start":{"line":8,"column":0},"end":{"line":8,"column":48}},"8":{"start":{"line":9,"column":0},"end":{"line":9,"column":36}},"9":{"start":{"line":10,"column":0},"end":{"line":10,"column":41}},"10":{"start":{"line":11,"column":0},"end":{"line":11,"column":19}},"11":{"start":{"line":12,"column":0},"end":{"line":12,"column":27}},"12":{"start":{"line":13,"column":0},"end":{"line":13,"column":33}},"14":{"start":{"line":15,"column":0},"end":{"line":15,"column":32}},"15":{"start":{"line":16,"column":0},"end":{"line":16,"column":28}},"16":{"start":{"line":17,"column":0},"end":{"line":17,"column":2}},"17":{"start":{"line":18,"column":0},"end":{"line":18,"column":1}}},"s":{"7":1,"8":4,"9":4,"10":4,"11":4,"12":4,"14":4,"15":4,"16":4,"17":4},"branchMap":{"0":{"type":"branch","line":8,"loc":{"start":{"line":8,"column":47},"end":{"line":18,"column":1}},"locations":[{"start":{"line":8,"column":47},"end":{"line":18,"column":1}}]},"1":{"type":"branch","line":15,"loc":{"start":{"line":15,"column":1},"end":{"line":17,"column":2}},"locations":[{"start":{"line":15,"column":1},"end":{"line":17,"column":2}}]}},"b":{"0":[4],"1":[4]},"fnMap":{"0":{"name":"<instance_members_initializer>","decl":{"start":{"line":8,"column":47},"end":{"line":18,"column":1}},"loc":{"start":{"line":8,"column":47},"end":{"line":18,"column":1}},"line":8},"1":{"name":"TableResult","decl":{"start":{"line":15,"column":1},"end":{"line":17,"column":2}},"loc":{"start":{"line":15,"column":1},"end":{"line":17,"column":2}},"line":15}},"f":{"0":4,"1":4}}
,"/home/runner/work/pdf-parse/pdf-parse/src/TableUtil.ts": {"path":"/home/runner/work/pdf-parse/pdf-parse/src/TableUtil.ts","all":true,"statementMap":{"2":{"start":{"line":3,"column":0},"end":{"line":3,"column":25}},"3":{"start":{"line":4,"column":0},"end":{"line":4,"column":10}},"4":{"start":{"line":5,"column":0},"end":{"line":5,"column":6}},"5":{"start":{"line":6,"column":0},"end":{"line":6,"column":7}},"6":{"start":{"line":7,"column":0},"end":{"line":7,"column":5}},"7":{"start":{"line":8,"column":0},"end":{"line":8,"column":8}},"10":{"start":{"line":11,"column":0},"end":{"line":11,"column":24}},"11":{"start":{"line":12,"column":0},"end":{"line":12,"column":19}},"12":{"start":{"line":13,"column":0},"end":{"line":13,"column":18}},"13":{"start":{"line":14,"column":0},"end":{"line":14,"column":18}},"14":{"start":{"line":15,"column":0},"end":{"line":15,"column":22}},"15":{"start":{"line":16,"column":0},"end":{"line":16,"column":23}},"16":{"start":{"line":17,"column":0},"end":{"line":17,"column":19}},"17":{"start":{"line":18,"column":0},"end":{"line":18,"column":19}},"18":{"start":{"line":19,"column":0},"end":{"line":19,"column":21}},"20":{"start":{"line":21,"column":0},"end":{"line":21,"column":79}},"21":{"start":{"line":22,"column":0},"end":{"line":22,"column":15}},"22":{"start":{"line":23,"column":0},"end":{"line":23,"column":13}},"23":{"start":{"line":24,"column":0},"end":{"line":24,"column":13}},"24":{"start":{"line":25,"column":0},"end":{"line":25,"column":21}},"25":{"start":{"line":26,"column":0},"end":{"line":26,"column":23}},"26":{"start":{"line":27,"column":0},"end":{"line":27,"column":22}},"27":{"start":{"line":28,"column":0},"end":{"line":28,"column":23}},"28":{"start":{"line":29,"column":0},"end":{"line":29,"column":17}},"29":{"start":{"line":30,"column":0},"end":{"line":30,"column":2}},"31":{"start":{"line":32,"column":0},"end":{"line":32,"column":28}},"32":{"start":{"line":33,"column":0},"end":{"line":33,"column":35}},"33":{"start":{"line":34,"column":0},"end":{"line":34,"column":2}},"35":{"start":{"line":36,"column":0},"end":{"line":36,"column":36}},"36":{"start":{"line":37,"column":0},"end":{"line":37,"column":30}},"37":{"start":{"line":38,"column":0},"end":{"line":38,"column":30}},"39":{"start":{"line":40,"column":0},"end":{"line":40,"column":78}},"41":{"start":{"line":42,"column":0},"end":{"line":42,"column":17}},"42":{"start":{"line":43,"column":0},"end":{"line":43,"column":58}},"43":{"start":{"line":44,"column":0},"end":{"line":44,"column":16}},"44":{"start":{"line":45,"column":0},"end":{"line":45,"column":4}},"46":{"start":{"line":47,"column":0},"end":{"line":47,"column":56}},"47":{"start":{"line":48,"column":0},"end":{"line":48,"column":15}},"48":{"start":{"line":49,"column":0},"end":{"line":49,"column":3}},"49":{"start":{"line":50,"column":0},"end":{"line":50,"column":15}},"50":{"start":{"line":51,"column":0},"end":{"line":51,"column":2}},"52":{"start":{"line":53,"column":0},"end":{"line":53,"column":80}},"53":{"start":{"line":54,"column":0},"end":{"line":54,"column":61}},"55":{"start":{"line":56,"column":0},"end":{"line":56,"column":66}},"56":{"start":{"line":57,"column":0},"end":{"line":57,"column":51}},"58":{"start":{"line":59,"column":0},"end":{"line":59,"column":24}},"59":{"start":{"line":60,"column":0},"end":{"line":60,"column":56}},"60":{"start":{"line":61,"column":0},"end":{"line":61,"column":46}},"62":{"start":{"line":63,"column":0},"end":{"line":63,"column":57}},"63":{"start":{"line":64,"column":0},"end":{"line":64,"column":48}},"64":{"start":{"line":65,"column":0},"end":{"line":65,"column":3}},"66":{"start":{"line":67,"column":0},"end":{"line":67,"column":63}},"67":{"start":{"line":68,"column":0},"end":{"line":68,"column":51}},"69":{"start":{"line":70,"column":0},"end":{"line":70,"column":23}},"70":{"start":{"line":71,"column":0},"end":{"line":71,"column":55}},"71":{"start":{"line":72,"column":0},"end":{"line":72,"column":44}},"73":{"start":{"line":74,"column":0},"end":{"line":74,"column":58}},"74":{"start":{"line":75,"column":0},"end":{"line":75,"column":50}},"75":{"start":{"line":76,"column":0},"end":{"line":76,"column":3}},"77":{"start":{"line":78,"column":0},"end":{"line":78,"column":16}},"78":{"start":{"line":79,"column":0},"end":{"line":79,"column":2}},"79":{"start":{"line":80,"column":0},"end":{"line":80,"column":1}},"83":{"start":{"line":84,"column":0},"end":{"line":84,"column":20}},"84":{"start":{"line":85,"column":0},"end":{"line":85,"column":30}},"85":{"start":{"line":86,"column":0},"end":{"line":86,"column":47}},"86":{"start":{"line":87,"column":0},"end":{"line":87,"column":47}},"87":{"start":{"line":88,"column":0},"end":{"line":88,"column":47}},"88":{"start":{"line":89,"column":0},"end":{"line":89,"column":47}},"90":{"start":{"line":91,"column":0},"end":{"line":91,"column":31}},"91":{"start":{"line":92,"column":0},"end":{"line":92,"column":23}},"92":{"start":{"line":93,"column":0},"end":{"line":93,"column":2}},"94":{"start":{"line":95,"column":0},"end":{"line":95,"column":33}},"96":{"start":{"line":97,"column":0},"end":{"line":97,"column":33}},"97":{"start":{"line":98,"column":0},"end":{"line":98,"column":29}},"98":{"start":{"line":99,"column":0},"end":{"line":99,"column":26}},"99":{"start":{"line":100,"column":0},"end":{"line":100,"column":3}},"101":{"start":{"line":102,"column":0},"end":{"line":102,"column":32}},"102":{"start":{"line":103,"column":0},"end":{"line":103,"column":33}},"103":{"start":{"line":104,"column":0},"end":{"line":104,"column":3}},"105":{"start":{"line":106,"column":0},"end":{"line":106,"column":25}},"106":{"start":{"line":107,"column":0},"end":{"line":107,"column":2}},"108":{"start":{"line":109,"column":0},"end":{"line":109,"column":29}},"109":{"start":{"line":110,"column":0},"end":{"line":110,"column":43}},"110":{"start":{"line":111,"column":0},"end":{"line":111,"column":2}},"112":{"start":{"line":113,"column":0},"en
[...]
:[{"start":{"line":139,"column":9},"end":{"line":158,"column":2}}]},"34":{"type":"branch","line":147,"loc":{"start":{"line":147,"column":41},"end":{"line":155,"column":3}},"locations":[{"start":{"line":147,"column":41},"end":{"line":155,"column":3}}]},"35":{"type":"branch","line":160,"loc":{"start":{"line":160,"column":8},"end":{"line":192,"column":2}},"locations":[{"start":{"line":160,"column":8},"end":{"line":192,"column":2}}]},"36":{"type":"branch","line":169,"loc":{"start":{"line":169,"column":33},"end":{"line":176,"column":3}},"locations":[{"start":{"line":169,"column":33},"end":{"line":176,"column":3}}]},"37":{"type":"branch","line":171,"loc":{"start":{"line":171,"column":14},"end":{"line":171,"column":23}},"locations":[{"start":{"line":171,"column":14},"end":{"line":171,"column":23}}]},"38":{"type":"branch","line":182,"loc":{"start":{"line":182,"column":33},"end":{"line":189,"column":3}},"locations":[{"start":{"line":182,"column":33},"end":{"line":189,"column":3}}]},"39":{"type":"branch","line":184,"loc":{"start":{"line":184,"column":14},"end":{"line":184,"column":23}},"locations":[{"start":{"line":184,"column":14},"end":{"line":184,"column":23}}]},"40":{"type":"branch","line":161,"loc":{"start":{"line":161,"column":35},"end":{"line":161,"column":68}},"locations":[{"start":{"line":161,"column":35},"end":{"line":161,"column":68}}]},"41":{"type":"branch","line":162,"loc":{"start":{"line":162,"column":35},"end":{"line":162,"column":68}},"locations":[{"start":{"line":162,"column":35},"end":{"line":162,"column":68}}]},"42":{"type":"branch","line":164,"loc":{"start":{"line":164,"column":19},"end":{"line":164,"column":52}},"locations":[{"start":{"line":164,"column":19},"end":{"line":164,"column":52}}]},"43":{"type":"branch","line":165,"loc":{"start":{"line":165,"column":19},"end":{"line":165,"column":52}},"locations":[{"start":{"line":165,"column":19},"end":{"line":165,"column":52}}]},"44":{"type":"branch","line":236,"loc":{"start":{"line":236,"column":9},"end":{"line":244,"column":2}},"locations":[{"start":{"line":236,"column":9},"end":{"line":244,"column":2}}]},"45":{"type":"branch","line":237,"loc":{"start":{"line":237,"column":53},"end":{"line":242,"column":3}},"locations":[{"start":{"line":237,"column":53},"end":{"line":242,"column":3}}]},"46":{"type":"branch","line":239,"loc":{"start":{"line":239,"column":23},"end":{"line":239,"column":57}},"locations":[{"start":{"line":239,"column":23},"end":{"line":239,"column":57}}]},"47":{"type":"branch","line":239,"loc":{"start":{"line":239,"column":57},"end":{"line":241,"column":4}},"locations":[{"start":{"line":239,"column":57},"end":{"line":241,"column":4}}]},"48":{"type":"branch","line":242,"loc":{"start":{"line":242,"column":2},"end":{"line":243,"column":12}},"locations":[{"start":{"line":242,"column":2},"end":{"line":243,"column":12}}]},"49":{"type":"branch","line":246,"loc":{"start":{"line":246,"column":9},"end":{"line":257,"column":2}},"locations":[{"start":{"line":246,"column":9},"end":{"line":257,"column":2}}]},"50":{"type":"branch","line":249,"loc":{"start":{"line":249,"column":47},"end":{"line":254,"column":3}},"locations":[{"start":{"line":249,"column":47},"end":{"line":254,"column":3}}]},"51":{"type":"branch","line":251,"loc":{"start":{"line":251,"column":23},"end":{"line":251,"column":59}},"locations":[{"start":{"line":251,"column":23},"end":{"line":251,"column":59}}]},"52":{"type":"branch","line":251,"loc":{"start":{"line":251,"column":48},"end":{"line":251,"column":89}},"locations":[{"start":{"line":251,"column":48},"end":{"line":251,"column":89}}]},"53":{"type":"branch","line":251,"loc":{"start":{"line":251,"column":89},"end":{"line":253,"column":4}},"locations":[{"start":{"line":251,"column":89},"end":{"line":253,"column":4}}]},"54":{"type":"branch","line":259,"loc":{"start":{"line":259,"column":9},"end":{"line":294,"column":2}},"locations":[{"start":{"line":259,"column":9},"end":{"line":294,"column":2}}]},"55":{"type":"branch","line":265,"loc":{"start":{"line":265,"column":48},"end":{"line":291,"column":3}},"locations":[{"start":{"line":265,"column":48},"end":{"line":291,"column":3}}]},"56":{"type":"branch","line":283,"loc":{"start":{"line":283,"column":20},"end":{"line":285,"column":4}},"locations":[{"start":{"line":283,"column":20},"end":{"line":285,"column":4}}]},"57":{"type":"branch","line":286,"loc":{"start":{"line":286,"column":20},"end":{"line":288,"column":4}},"locations":[{"start":{"line":286,"column":20},"end":{"line":288,"column":4}}]},"58":{"type":"branch","line":296,"loc":{"start":{"line":296,"column":8},"end":{"line":314,"column":2}},"locations":[{"start":{"line":296,"column":8},"end":{"line":314,"column":2}}]},"59":{"type":"branch","line":305,"loc":{"start":{"line":305,"column":50},"end":{"line":311,"column":3}},"locations":[{"start":{"line":305,"column":50},"end":{"line":311,"column":3}}]}},"b":{"0":[14],"1":[14],"2":[0],"3":[14],"4":[14],"5":[100],"6":[86],"7":[14],"8":[67],"9":[53],"10":[253],"11":[153],"12":[86],"13":[67],"14":[100],"15":[253],"16":[0],"17":[140],"18":[692],"19":[420],"20":[113],"21":[115],"22":[68],"23":[100],"24":[572],"25":[0],"26":[0],"27":[67],"28":[129],"29":[0],"30":[0],"31":[100],"32":[0],"33":[67],"34":[0],"35":[14],"36":[100],"37":[0],"38":[67],"39":[0],"40":[100],"41":[67],"42":[86],"43":[55],"44":[335],"45":[337],"46":[335],"47":[335],"48":[0],"49":[86],"50":[424],"51":[423],"52":[423],"53":[421],"54":[86],"55":[335],"56":[1],"57":[2],"58":[14],"59":[86]},"fnMap":{"0":{"name":"<instance_members_initializer>","decl":{"start":{"line":6,"column":19},"end":{"line":315,"column":1}},"loc":{"start":{"line":6,"column":19},"end":{"line":315,"column":1}},"line":6},"1":{"name":"Table","decl":{"start":{"line":10,"column":1},"end":{"line":16,"column":2}},"loc":{"start":{"line":10,"column":1},"end":{"line":16,"column":2}},"line":10},"2":{"name":"get isValid","decl":{"start":{"line":18,"column":1},"end":{"line":20,"column":2}},"loc":{"start":{"line":18,"column":1},"end":{"line":20,"column":2}},"line":18},"3":{"name":"get rowPivots","decl":{"start":{"line":22,"column":1},"end":{"line":30,"column":2}},"loc":{"start":{"line":22,"column":1},"end":{"line":30,"column":2}},"line":22},"4":{"name":"get colPivots","decl":{"start":{"line":32,"column":1},"end":{"line":40,"column":2}},"loc":{"start":{"line":32,"column":1},"end":{"line":40,"column":2}},"line":32},"5":{"name":"add","decl":{"start":{"line":42,"column":8},"end":{"line":56,"column":2}},"loc":{"start":{"line":42,"column":8},"end":{"line":56,"column":2}},"line":42},"6":{"name":"intersection","decl":{"start":{"line":58,"column":9},"end":{"line":78,"column":2}},"loc":{"start":{"line":58,"column":9},"end":{"line":78,"column":2}},"line":58},"7":{"name":"getSameHorizontal","decl":{"start":{"line":80,"column":9},"end":{"line":97,"column":2}},"loc":{"start":{"line":80,"column":9},"end":{"line":97,"column":2}},"line":80},"8":{"name":"getSameVertical","decl":{"start":{"line":99,"column":9},"end":{"line":116,"column":2}},"loc":{"start":{"line":99,"column":9},"end":{"line":116,"column":2}},"line":99},"9":{"name":"mergeHorizontalLines","decl":{"start":{"line":118,"column":9},"end":{"line":137,"column":2}},"loc":{"start":{"line":118,"column":9},"end":{"line":137,"column":2}},"line":118},"10":{"name":"mergeVerticalLines","decl":{"start":{"line":139,"column":9},"end":{"line":158,"column":2}},"loc":{"start":{"line":139,"column":9},"end":{"line":158,"column":2}},"line":139},"11":{"name":"normalize","decl":{"start":{"line":160,"column":8},"end":{"line":192,"column":2}},"loc":{"start":{"line":160,"column":8},"end":{"line":192,"column":2}},"line":160},"12":{"name":"verticalExists","decl":{"start":{"line":194,"column":8},"end":{"line":213,"column":2}},"loc":{"start":{"line":194,"column":8},"end":{"line":213,"column":2}},"line":194},"13":{"name":"horizontalExists","decl":{"start":{"line":215,"column":8},"end":{"line":234,"column":2}},"loc":{"start":{"line":215,"column":8},"end":{"line":234,"column":2}},"line":215},"14":{"name":"findBottomLineIndex","decl":{"start":{"line":236,"column":9},"end":{"line":244,"column":2}},"loc":{"start":{"line":236,"column":9},"end":{"line":244,"column":2}},"line":236},"15":{"name":"findVerticalLineIndexs","decl":{"start":{"line":246,"column":9},"end":{"line":257,"column":2}},"loc":{"start":{"line":246,"column":9},"end":{"line":257,"column":2}},"line":246},"16":{"name":"getRow","decl":{"start":{"line":259,"column":9},"end":{"line":294,"column":2}},"loc":{"start":{"line":259,"column":9},"end":{"line":294,"column":2}},"line":259},"17":{"name":"toData","decl":{"start":{"line":296,"column":8},"end":{"line":314,"column":2}},"loc":{"start":{"line":296,"column":8},"end":{"line":314,"column":2}},"line":296}},"f":{"0":14,"1":14,"2":14,"3":14,"4":14,"5":253,"6":253,"7":100,"8":67,"9":100,"10":67,"11":14,"12":0,"13":0,"14":335,"15":86,"16":86,"17":14}}
,"/home/runner/work/pdf-parse/pdf-parse/src/geometry/TableData.ts": {"path":"/home/runner/work/pdf-parse/pdf-parse/src/geometry/TableData.ts","all":false,"statementMap":{"14":{"start":{"line":15,"column":0},"end":{"line":15,"column":24}},"15":{"start":{"line":16,"column":0},"end":{"line":16,"column":21}},"16":{"start":{"line":17,"column":0},"end":{"line":17,"column":21}},"17":{"start":{"line":18,"column":0},"end":{"line":18,"column":30}},"18":{"start":{"line":19,"column":0},"end":{"line":19,"column":34}},"19":{"start":{"line":20,"column":0},"end":{"line":20,"column":34}},"21":{"start":{"line":22,"column":0},"end":{"line":22,"column":94}},"22":{"start":{"line":23,"column":0},"end":{"line":23,"column":21}},"23":{"start":{"line":24,"column":0},"end":{"line":24,"column":21}},"24":{"start":{"line":25,"column":0},"end":{"line":25,"column":17}},"25":{"start":{"line":26,"column":0},"end":{"line":26,"column":29}},"26":{"start":{"line":27,"column":0},"end":{"line":27,"column":29}},"27":{"start":{"line":28,"column":0},"end":{"line":28,"column":2}},"29":{"start":{"line":30,"column":0},"end":{"line":30,"column":63}},"30":{"start":{"line":31,"column":0},"end":{"line":31,"column":89}},"31":{"start":{"line":32,"column":0},"end":{"line":32,"column":33}},"32":{"start":{"line":33,"column":0},"end":{"line":33,"column":29}},"33":{"start":{"line":34,"column":0},"end":{"line":34,"column":92}},"34":{"start":{"line":35,"column":0},"end":{"line":35,"column":18}},"35":{"start":{"line":36,"column":0},"end":{"line":36,"column":6}},"36":{"start":{"line":37,"column":0},"end":{"line":37,"column":5}},"37":{"start":{"line":38,"column":0},"end":{"line":38,"column":4}},"38":{"start":{"line":39,"column":0},"end":{"line":39,"column":3}},"40":{"start":{"line":41,"column":0},"end":{"line":41,"column":19}},"41":{"start":{"line":42,"column":0},"end":{"line":42,"column":2}},"43":{"start":{"line":44,"column":0},"end":{"line":44,"column":25}},"44":{"start":{"line":45,"column":0},"end":{"line":45,"column":61}},"45":{"start":{"line":46,"column":0},"end":{"line":46,"column":2}},"47":{"start":{"line":48,"column":0},"end":{"line":48,"column":24}},"48":{"start":{"line":49,"column":0},"end":{"line":49,"column":26}},"49":{"start":{"line":50,"column":0},"end":{"line":50,"column":2}},"51":{"start":{"line":52,"column":0},"end":{"line":52,"column":26}},"68":{"start":{"line":69,"column":0},"end":{"line":69,"column":85}},"69":{"start":{"line":70,"column":0},"end":{"line":70,"column":23}},"71":{"start":{"line":72,"column":0},"end":{"line":72,"column":32}},"72":{"start":{"line":73,"column":0},"end":{"line":73,"column":28}},"73":{"start":{"line":74,"column":0},"end":{"line":74,"column":60}},"74":{"start":{"line":75,"column":0},"end":{"line":75,"column":26}},"75":{"start":{"line":76,"column":0},"end":{"line":76,"column":4}},"76":{"start":{"line":77,"column":0},"end":{"line":77,"column":3}},"78":{"start":{"line":79,"column":0},"end":{"line":79,"column":42}},"79":{"start":{"line":80,"column":0},"end":{"line":80,"column":16}},"80":{"start":{"line":81,"column":0},"end":{"line":81,"column":3}},"82":{"start":{"line":83,"column":0},"end":{"line":83,"column":14}},"83":{"start":{"line":84,"column":0},"end":{"line":84,"column":2}},"85":{"start":{"line":86,"column":0},"end":{"line":86,"column":31}},"86":{"start":{"line":87,"column":0},"end":{"line":87,"column":34}},"87":{"start":{"line":88,"column":0},"end":{"line":88,"column":32}},"88":{"start":{"line":89,"column":0},"end":{"line":89,"column":31}},"89":{"start":{"line":90,"column":0},"end":{"line":90,"column":28}},"90":{"start":{"line":91,"column":0},"end":{"line":91,"column":34}},"91":{"start":{"line":92,"column":0},"end":{"line":92,"column":46}},"92":{"start":{"line":93,"column":0},"end":{"line":93,"column":23}},"93":{"start":{"line":94,"column":0},"end":{"line":94,"column":22}},"94":{"start":{"line":95,"column":0},"end":{"line":95,"column":4}},"95":{"start":{"line":96,"column":0},"end":{"line":96,"column":25}},"96":{"start":{"line":97,"column":0},"end":{"line":97,"column":3}},"97":{"start":{"line":98,"column":0},"end":{"line":98,"column":18}},"98":{"start":{"line":99,"column":0},"end":{"line":99,"column":2}},"99":{"start":{"line":100,"column":0},"end":{"line":100,"column":1}}},"s":{"14":1,"15":14,"16":14,"17":14,"18":14,"19":14,"21":14,"22":14,"23":14,"24":14,"25":14,"26":14,"27":14,"29":14,"30":673,"31":353,"32":2021,"33":7431,"34":353,"35":353,"36":7431,"37":1668,"38":0,"40":320,"41":673,"43":14,"44":3,"45":3,"47":14,"48":3,"49":3,"51":14,"68":3,"69":3,"71":3,"72":8,"73":23,"74":23,"75":23,"76":8,"78":3,"79":0,"80":0,"82":3,"83":3,"85":14,"86":11,"87":11,"88":78,"89":78,"90":312,"91":312,"92":312,"93":312,"94":312,"95":78,"96":78,"97":11,"98":11,"99":14},"branchMap":{"0":{"type":"branch","line":15,"loc":{"start":{"line":15,"column":23},"end":{"line":100,"column":1}},"locations":[{"start":{"line":15,"column":23},"end":{"line":100,"column":1}}]},"1":{"type":"branch","line":22,"loc":{"start":{"line":22,"column":1},"end":{"line":28,"column":2}},"locations":[{"start":{"line":22,"column":1},"end":{"line":28,"column":2}}]},"2":{"type":"branch","line":30,"loc":{"start":{"line":30,"column":8},"end":{"line":42,"column":2}},"locations":[{"start":{"line":30,"column":8},"end":{"line":42,"column":2}}]},"3":{"type":"branch","line":31,"loc":{"start":{"line":31,"column":43},"end":{"line":31,"column":69}},"locations":[{"start":{"line":31,"column":43},"end":{"line":31,"column":69}}]},"4":{"type":"branch","line":31,"loc":{"start":{"line":31,"column":64},"end":{"line":31,"column":88}},"locations":[{"start":{"line":31,"column":64},"end":{"line":31,"column":88}}]},"5":{"type":"branch","line":31,"loc":{"start":{"line":31,"column":88},"end":{"line":39,"column":3}},"locations":[{"start":{"line":31,"column":88},"end":{"line":39,"column":3}}]},"6":{"type":"branch","line":32,"loc":{"start":{"line":32,"column":32},"end":{"line":38,"column":4}},"locations":[{"start":{"line":32,"column":32},"end":{"line":38,"column":4}}]},"7":{"type":"branch","line":33,"loc":{"start":{"line":33,"column":28},"end":{"line":37,"column":5}},"locations":[{"start":{"line":33,"column":28},"end":{"line":37,"column":5}}]},"8":{"type":"branch","line":34,"loc":{"start":{"line":34,"column":25},"end":{"line":34,"column":51}},"locations":[{"start":{"line":34,"column":25},"end":{"line":34,"column":51}}]},"9":{"type":"branch","line":34,"loc":{"start":{"line":34,"column":46},"end":{"line":34,"column":72}},"locations":[{"start":{"line":34,"column":46},"end":{"line":34,"column":72}}]},"10":{"type":"branch","line":34,"loc":{"start":{"line":34,"column":67},"end":{"line":34,"column":91}},"locations":[{"start":{"line":34,"column":67},"end":{"line":34,"column":91}}]},"11":{"type":"branch","line":34,"loc":{"start":{"line":34,"column":91},"end":{"line":36,"column":6}},"locations":[{"start":{"line":34,"column":91},"end":{"line":36,"column":6}}]},"12":{"type":"branch","line":37,"loc":{"start":{"line":37,"column":4},"end":{"line":38,"column":4}},"locations":[{"start":{"line":37,"column":4},"end":{"line":38,"column":4}}]},"13":{"type":"branch","line":38,"loc":{"start":{"line":38,"column":3},"end":{"line":39,"column":3}},"locations":[{"start":{"line":38,"column":3},"end":{"line":39,"column":3}}]},"14":{"type":"branch","line":39,"loc":{"start":{"line":39,"column":2},"end":{"line":41,"column":19}},"locations":[{"start":{"line":39,"column":2},"end":{"line":41,"column":19}}]},"15":{"type":"branch","line":44,"loc":{"start":{"line":44,"column":1},"end":{"line":46,"column":2}},"locations":[{"start":{"line":44,"column":1},"end":{"line":46,"column":2}}]},"16":{"type":"branch","line":45,"loc":{"start":{"line":45,"column":26},"end":{"line":45,"column":58}},"locations":[{"start":{"line":45,"column":26},"end":{"line":45,"column":58}}]},"17":{"type":"branch","line":48,"loc":{"start":{"line":48,"column":1},"end":{"line":50,"column":2}},"locations":[{"start":{"line":48,"column":1},"end":{"line":50,"column":2}}]},"18":{"type":"branch","line":52,"loc":{"start":{"line":52,"column":8},"end":{"line":84,"column":2}},"locations":[{"start":{"line":52,"column":8},"end":{"line":84,"column":2}}]},"19":{"type":"branch","line":72,"loc":{"start":{"line":72,"column":31},"end":{"line":77,"column":3}},"locations":[{"start":{"line":72,"column":31},"end":{"line":77,"column":3}}]},"20":{"type":"branch","line":73,"loc":{"start":{"line":73,"column":27},"end":{"line":76,"column":4}},"locations":[{"start":{"line":73,"column":27},"end":{"line":76,"column":4}}]},"21":{"type":"branch","line":74,"loc":{"start":{"line":74,"column":24},"end":{"line":74,"column":41}},"locations":[{"start":{"line":74,"column":24},"end":{"line":74,"column":41}}]},"22":{"type":"branch","line":74,"loc":{"start":{"line":74,"column":46},"end":{"line":74,"column":60}},"locations":[{"start":{"line":74,"column":46},"end":{"line":74,"column":60}}]},"23":{"type":"branch","line":79,"loc":{"start":{"line":79,"column":41},"end":{"line":81,"column":3}},"locations":[{"start":{"line":79,"column":41},"end":{"line":81,"column":3}}]},"24":{"type":"branch","line":86,"loc":{"start":{"line":86,"column":8},"end":{"line":99,"column":2}},"locations":[{"start":{"line":86,"column":8},"end":{"line":99,"column":2}}]},"25":{"type":"branch","line":88,"loc":{"start":{"line":88,"column":31},"end":{"line":97,"column":3}},"locations":[{"start":{"line":88,"column":31},"end":{"line":97,"column":3}}]},"26":{"type":"branch","line":90,"loc":{"start":{"line":90,"column":27},"end":{"line":95,"column":4}},"locations":[{"start":{"line":90,"column":27},"end":{"line":95,"column":4}}]}},"b":{"0":[14],"1":[14],"2":[673],"3":[625],"4":[625],"5":[353],"6":[2021],"7":[7431],"8":[4321],"9":[4321],"10":[2021],"11":[353],"12":[1668],"13":[0],"14":[320],"15":[3],"16":[8],"17":[3],"18":[3],"19":[8],"20":[23],"21":[22],"22":[21],"23":[0],"24":[11],"25":[78],"26":[312]},"fnMap":{"0":{"name":"<instance_members_initializer>","decl":{"start":{"line":15,"column":23},"end":{"line":100,"column":1}},"loc":{"start":{"line":15,"column":23},"end":{"line":100,"column":1}},"line":15},"1":{"name":"TableData","decl":{"start":{"line":22,"column":1},"end":{"line":28,"column":2}},"loc":{"start":{"line":22,"column":1},"end":{"line":28,"column":2}},"line":22},"2":{"name":"findCell","decl":{"start":{"line":30,"column":8},"end":{"line":42,"column":2}},"loc":{"start":{"line":30,"column":8},"end":{"line":42,"column":2}},"line":30},"3":{"name":"get cellCount","decl":{"start":{"line":44,"column":1},"end":{"line":46,"column":2}},"loc":{"start":{"line":44,"column":1},"end":{"line":46,"column":2}},"line":44},"4":{"name":"get rowCount","decl":{"start":{"line":48,"column":1},"end":{"line":50,"column":2}},"loc":{"start":{"line":48,"column":1},"end":{"line":50,"column":2}},"line":48},"5":{"name":"check","decl":{"start":{"line":52,"column":8},"end":{"line":84,"column":2}},"loc":{"start":{"line":52,"column":8},"end":{"line":84,"column":2}},"line":52},"6":{"name":"toArray","decl":{"start":{"line":86,"column":8},"end":{"line":99,"column":2}},"loc":{"start":{"line":86,"column":8},"end":{"line":99,"column":2}},"line":86}},"f":{"0":14,"1":14,"2":673,"3":3,"4":3,"5":3,"6":11}}
}
