{"total": {"lines":{"total":1376,"covered":989,"skipped":0,"pct":71.87},"statements":{"total":1376,"covered":989,"skipped":0,"pct":71.87},"functions":{"total":86,"covered":79,"skipped":0,"pct":91.86},"branches":{"total":327,"covered":268,"skipped":0,"pct":81.95},"branchesTrue":{"total":0,"covered":0,"skipped":0,"pct":100}}
,"/home/runner/work/pdf-parse/pdf-parse/src/DocumentInitParameters.ts": {"lines":{"total":0,"covered":0,"skipped":0,"pct":0},"functions":{"total":1,"covered":1,"skipped":0,"pct":0},"statements":{"total":0,"covered":0,"skipped":0,"pct":0},"branches":{"total":1,"covered":1,"skipped":0,"pct":0}}
,"/home/runner/work/pdf-parse/pdf-parse/src/ImageResult.ts": {"lines":{"total":19,"covered":17,"skipped":0,"pct":89.47},"functions":{"total":3,"covered":3,"skipped":0,"pct":100},"statements":{"total":19,"covered":17,"skipped":0,"pct":89.47},"branches":{"total":5,"covered":3,"skipped":0,"pct":60}}
,"/home/runner/work/pdf-parse/pdf-parse/src/InfoResult.ts": {"lines":{"total":0,"covered":0,"skipped":0,"pct":0},"functions":{"total":1,"covered":1,"skipped":0,"pct":0},"statements":{"total":0,"covered":0,"skipped":0,"pct":0},"branches":{"total":1,"covered":1,"skipped":0,"pct":0}}
,"/home/runner/work/pdf-parse/pdf-parse/src/PDFParse.ts": {"lines":{"total":443,"covered":352,"skipped":0,"pct":79.45},"functions":{"total":17,"covered":16,"skipped":0,"pct":94.11},"statements":{"total":443,"covered":352,"skipped":0,"pct":79.45},"branches":{"total":116,"covered":89,"skipped":0,"pct":76.72}}
,"/home/runner/work/pdf-parse/pdf-parse/src/PageToImageResult.ts": {"lines":{"total":7,"covered":7,"skipped":0,"pct":100},"functions":{"total":2,"covered":2,"skipped":0,"pct":100},"statements":{"total":7,"covered":7,"skipped":0,"pct":100},"branches":{"total":2,"covered":2,"skipped":0,"pct":100}}
,"/home/runner/work/pdf-parse/pdf-parse/src/ParseParameters.ts": {"lines":{"total":0,"covered":0,"skipped":0,"pct":0},"functions":{"total":1,"covered":1,"skipped":0,"pct":0},"statements":{"total":0,"covered":0,"skipped":0,"pct":0},"branches":{"total":1,"covered":1,"skipped":0,"pct":0}}
,"/home/runner/work/pdf-parse/pdf-parse/src/PathGeometry.ts": {"lines":{"total":11,"covered":11,"skipped":0,"pct":100},"functions":{"total":0,"covered":0,"skipped":0,"pct":100},"statements":{"total":11,"covered":11,"skipped":0,"pct":100},"branches":{"total":2,"covered":2,"skipped":0,"pct":100}}
,"/home/runner/work/pdf-parse/pdf-parse/src/TableResult.ts": {"lines":{"total":8,"covered":8,"skipped":0,"pct":100},"functions":{"total":2,"covered":2,"skipped":0,"pct":100},"statements":{"total":8,"covered":8,"skipped":0,"pct":100},"branches":{"total":2,"covered":2,"skipped":0,"pct":100}}
,"/home/runner/work/pdf-parse/pdf-parse/src/TableUtil.ts": {"lines":{"total":170,"covered":0,"skipped":0,"pct":0},"functions":{"total":1,"covered":1,"skipped":0,"pct":100},"statements":{"total":170,"covered":0,"skipped":0,"pct":0},"branches":{"total":1,"covered":1,"skipped":0,"pct":100}}
,"/home/runner/work/pdf-parse/pdf-parse/src/TextResult.ts": {"lines":{"total":14,"covered":13,"skipped":0,"pct":92.85},"functions":{"total":3,"covered":3,"skipped":0,"pct":100},"statements":{"total":14,"covered":13,"skipped":0,"pct":92.85},"branches":{"total":6,"covered":5,"skipped":0,"pct":83.33}}
,"/home/runner/work/pdf-parse/pdf-parse/src/index.ts": {"lines":{"total":11,"covered":10,"skipped":0,"pct":90.9},"functions":{"total":1,"covered":1,"skipped":0,"pct":100},"statements":{"total":11,"covered":10,"skipped":0,"pct":90.9},"branches":{"total":2,"covered":1,"skipped":0,"pct":50}}
,"/home/runner/work/pdf-parse/pdf-parse/src/geometry/Geometry.ts": {"lines":{"total":6,"covered":6,"skipped":0,"pct":100},"functions":{"total":0,"covered":0,"skipped":0,"pct":100},"statements":{"total":6,"covered":6,"skipped":0,"pct":100},"branches":{"total":0,"covered":0,"skipped":0,"pct":100}}
,"/home/runner/work/pdf-parse/pdf-parse/src/geometry/Line.ts": {"lines":{"total":119,"covered":103,"skipped":0,"pct":86.55},"functions":{"total":10,"covered":8,"skipped":0,"pct":80},"statements":{"total":119,"covered":103,"skipped":0,"pct":86.55},"branches":{"total":30,"covered":26,"skipped":0,"pct":86.66}}
,"/home/runner/work/pdf-parse/pdf-parse/src/geometry/LineStore.ts": {"lines":{"total":196,"covered":179,"skipped":0,"pct":91.32},"functions":{"total":12,"covered":11,"skipped":0,"pct":91.66},"statements":{"total":196,"covered":179,"skipped":0,"pct":91.32},"branches":{"total":63,"covered":53,"skipped":0,"pct":84.12}}
,"/home/runner/work/pdf-parse/pdf-parse/src/geometry/Point.ts": {"lines":{"total":19,"covered":19,"skipped":0,"pct":100},"functions":{"total":4,"covered":4,"skipped":0,"pct":100},"statements":{"total":19,"covered":19,"skipped":0,"pct":100},"branches":{"total":5,"covered":5,"skipped":0,"pct":100}}
,"/home/runner/work/pdf-parse/pdf-parse/src/geometry/Rectangle.ts": {"lines":{"total":39,"covered":4,"skipped":0,"pct":10.25},"functions":{"total":1,"covered":0,"skipped":0,"pct":0},"statements":{"total":39,"covered":4,"skipped":0,"pct":10.25},"branches":{"total":1,"covered":0,"skipped":0,"pct":0}}
,"/home/runner/work/pdf-parse/pdf-parse/src/geometry/Shape.ts": {"lines":{"total":8,"covered":8,"skipped":0,"pct":100},"functions":{"total":2,"covered":2,"skipped":0,"pct":100},"statements":{"total":8,"covered":8,"skipped":0,"pct":100},"branches":{"total":2,"covered":2,"skipped":0,"pct":100}}
,"/home/runner/work/pdf-parse/pdf-parse/src/geometry/Table.ts": {"lines":{"total":246,"covered":195,"skipped":0,"pct":79.26},"functions":{"total":18,"covered":16,"skipped":0,"pct":88.88},"statements":{"total":246,"covered":195,"skipped":0,"pct":79.26},"branches":{"total":60,"covered":49,"skipped":0,"pct":81.66}}
,"/home/runner/work/pdf-parse/pdf-parse/src/geometry/TableData.ts": {"lines":{"total":60,"covered":57,"skipped":0,"pct":95},"functions":{"total":7,"covered":7,"skipped":0,"pct":100},"statements":{"total":60,"covered":57,"skipped":0,"pct":95},"branches":{"total":27,"covered":25,"skipped":0,"pct":92.59}}
}
