TN:
SF:src/DocumentInitParameters.ts
FN:1,(empty-report)
FNF:1
FNH:1
FNDA:1,(empty-report)
LF:0
LH:0
BRDA:1,0,0,1
BRF:1
BRH:1
end_of_record
TN:
SF:src/ImageResult.ts
FN:15,<instance_members_initializer>
FN:19,getPageImage
FN:32,ImageResult
FNF:3
FNH:3
FNDA:3,<instance_members_initializer>
FNDA:2,getPageImage
FNDA:3,ImageResult
DA:15,1
DA:16,3
DA:17,3
DA:19,3
DA:20,2
DA:21,2
DA:22,2
DA:23,2
DA:24,2
DA:25,2
DA:26,2
DA:27,0
DA:28,2
DA:29,0
DA:30,2
DA:32,3
DA:33,3
DA:34,3
DA:35,3
LF:19
LH:17
BRDA:15,0,0,3
BRDA:19,1,0,2
BRDA:26,2,0,0
BRDA:28,3,0,0
BRDA:32,4,0,3
BRF:5
BRH:3
end_of_record
TN:
SF:src/InfoResult.ts
FN:97,<instance_members_initializer>
FN:140,getDateNode
FN:200,parseISODateString
FN:211,InfoResult
FNF:4
FNH:4
FNDA:9,<instance_members_initializer>
FNDA:2,getDateNode
FNDA:6,parseISODateString
FNDA:9,InfoResult
DA:1,1
DA:4,1
DA:97,1
DA:99,9
DA:107,9
DA:111,9
DA:117,9
DA:124,9
DA:130,9
DA:133,9
DA:140,9
DA:141,2
DA:145,2
DA:147,2
DA:148,2
DA:149,2
DA:152,2
DA:154,2
DA:155,1
DA:156,1
DA:159,2
DA:160,1
DA:161,1
DA:166,2
DA:167,6
DA:168,6
DA:170,6
DA:171,6
DA:172,1
DA:173,1
DA:174,6
DA:175,1
DA:176,1
DA:177,6
DA:178,1
DA:179,1
DA:180,6
DA:181,1
DA:182,1
DA:183,6
DA:184,1
DA:185,1
DA:186,6
DA:187,1
DA:188,1
DA:189,6
DA:190,6
DA:192,1
DA:193,2
DA:200,9
DA:201,6
DA:203,3
DA:204,3
DA:205,3
DA:206,3
DA:208,0
DA:209,6
DA:211,9
DA:212,9
DA:213,9
DA:214,9
LF:61
LH:60
BRDA:97,0,0,9
BRDA:140,1,0,2
BRDA:154,2,0,1
BRDA:159,3,0,1
BRDA:166,4,0,6
BRDA:171,5,0,1
BRDA:174,6,0,1
BRDA:177,7,0,1
BRDA:180,8,0,1
BRDA:183,9,0,1
BRDA:186,10,0,1
BRDA:190,11,0,1
BRDA:200,12,0,6
BRDA:201,13,0,3
BRDA:206,14,0,0
BRDA:211,15,0,9
BRF:16
BRH:15
end_of_record
TN:
SF:src/PDFParse.ts
FN:17,<instance_members_initializer>
FN:21,PDFParse
FN:33,destroy
FN:40,get isNodeJS
FN:51,setWorker
FN:73,getInfo
FN:102,getPageLinks
FN:129,getText
FN:152,load
FN:161,shouldParse
FN:201,getPageText
FN:281,getHyperlinks
FN:315,getImage
FN:394,convertToRGBA
FN:451,resolveEmbeddedImage
FN:497,getScreenshot
FN:561,getTable
FN:602,getPathGeometry
FN:621,getPageTables
FN:773,fillPageTables
FNF:20
FNH:20
FNDA:32,<instance_members_initializer>
FNDA:32,PDFParse
FNDA:1,destroy
FNDA:26,get isNodeJS
FNDA:26,setWorker
FNDA:9,getInfo
FNDA:17,getPageLinks
FNDA:25,getText
FNDA:42,load
FNDA:256,shouldParse
FNDA:130,getPageText
FNDA:10,getHyperlinks
FNDA:3,getImage
FNDA:9,convertToRGBA
FNDA:100,resolveEmbeddedImage
FNDA:1,getScreenshot
FNDA:4,getTable
FNDA:154,getPathGeometry
FNDA:6,getPageTables
FNDA:6,fillPageTables
DA:2,1
DA:7,1
DA:9,1
DA:10,1
DA:12,1
DA:13,1
DA:14,1
DA:15,1
DA:17,1
DA:18,32
DA:19,32
DA:21,32
DA:22,32
DA:23,32
DA:24,32
DA:26,32
DA:27,21
DA:28,21
DA:30,32
DA:31,32
DA:33,32
DA:34,1
DA:35,1
DA:36,1
DA:37,1
DA:38,1
DA:40,32
DA:41,26
DA:42,26
DA:43,26
DA:44,26
DA:46,26
DA:48,26
DA:49,26
DA:51,32
DA:53,26
DA:55,26
DA:56,26
DA:58,26
DA:60,26
DA:61,0
DA:62,0
DA:63,0
DA:65,26
DA:66,0
DA:67,0
DA:68,0
DA:70,26
DA:71,26
DA:73,32
DA:74,9
DA:75,9
DA:77,9
DA:78,9
DA:79,9
DA:81,9
DA:82,9
DA:83,9
DA:84,9
DA:86,9
DA:87,4
DA:88,17
DA:89,17
DA:91,17
DA:92,17
DA:93,17
DA:94,17
DA:95,17
DA:96,17
DA:97,4
DA:99,9
DA:100,9
DA:102,32
DA:103,17
DA:105,17
DA:106,17
DA:107,17
DA:108,17
DA:109,17
DA:110,17
DA:113,17
DA:115,17
DA:116,127
DA:118,127
DA:119,127
DA:121,127
DA:123,127
DA:124,127
DA:126,17
DA:127,17
DA:129,32
DA:130,25
DA:131,23
DA:133,23
DA:134,199
DA:135,130
DA:136,130
DA:137,130
DA:138,130
DA:139,130
DA:140,130
DA:141,130
DA:142,130
DA:143,199
DA:145,23
DA:146,130
DA:147,130
DA:149,23
DA:150,25
DA:152,32
DA:153,42
DA:154,32
DA:155,32
DA:156,30
DA:158,40
DA:159,42
DA:161,32
DA:162,256
DA:163,256
DA:164,256
DA:167,256
DA:168,41
DA:169,6
DA:170,6
DA:171,35
DA:172,35
DA:175,256
DA:176,14
DA:177,4
DA:178,4
DA:179,10
DA:180,10
DA:183,243
DA:184,14
DA:185,2
DA:186,2
DA:187,12
DA:188,12
DA:191,187
DA:192,14
DA:193,2
DA:194,2
DA:195,12
DA:196,12
DA:198,173
DA:199,256
DA:201,32
DA:202,130
DA:204,130
DA:205,130
DA:206,130
DA:207,130
DA:208,130
DA:210,130
DA:211,130
DA:212,130
DA:213,130
DA:215,130
DA:217,130
DA:218,10
DA:219,10
DA:221,130
DA:223,130
DA:224,130
DA:226,130
DA:227,25211
DA:229,25211
DA:230,25211
DA:232,25211
DA:233,2418
DA:234,2418
DA:235,2418
DA:236,7
DA:237,7
DA:238,2418
DA:240,25211
DA:241,25211
DA:242,8694
DA:243,8694
DA:245,8694
DA:246,40
DA:247,40
DA:248,8694
DA:249,25211
DA:251,25211
DA:252,25211
DA:253,16387
DA:254,444
DA:255,444
DA:256,16387
DA:257,25211
DA:259,25211
DA:260,25211
DA:261,25211
DA:263,25211
DA:264,8679
DA:265,8679
DA:266,25211
DA:268,130
DA:269,130
DA:270,130
DA:271,130
DA:272,130
DA:274,130
DA:275,0
DA:276,0
DA:278,130
DA:279,130
DA:281,32
DA:282,10
DA:285,10
DA:287,10
DA:288,119
DA:290,119
DA:291,119
DA:293,27
DA:294,27
DA:296,27
DA:297,27
DA:298,27
DA:299,27
DA:300,27
DA:302,27
DA:304,27
DA:305,119
DA:306,1
DA:307,119
DA:308,26
DA:309,26
DA:310,119
DA:312,10
DA:313,10
DA:315,32
DA:316,3
DA:317,3
DA:319,3
DA:320,20
DA:321,20
DA:322,20
DA:324,20
DA:325,20
DA:327,20
DA:328,15750
DA:329,100
DA:330,100
DA:331,100
DA:333,100
DA:336,100
DA:338,100
DA:339,100
DA:340,100
DA:341,100
DA:342,91
DA:343,91
DA:344,100
DA:345,9
DA:346,9
DA:347,9
DA:348,9
DA:349,9
DA:350,9
DA:351,9
DA:352,9
DA:353,9
DA:354,100
DA:357,100
DA:358,100
DA:360,100
DA:362,100
DA:363,100
DA:364,100
DA:365,100
DA:366,100
DA:368,0
DA:369,0
DA:371,0
DA:372,0
DA:373,0
DA:374,0
DA:375,0
DA:376,0
DA:378,100
DA:379,100
DA:380,100
DA:381,100
DA:382,100
DA:383,100
DA:384,100
DA:385,100
DA:386,100
DA:387,15750
DA:388,20
DA:389,20
DA:391,3
DA:392,3
DA:394,32
DA:395,9
DA:397,9
DA:398,6395987
DA:399,6395987
DA:400,6395987
DA:401,6395987
DA:402,6395987
DA:403,9
DA:405,0
DA:406,0
DA:407,0
DA:408,0
DA:409,0
DA:410,0
DA:411,0
DA:412,0
DA:413,0
DA:414,0
DA:415,0
DA:417,0
DA:418,0
DA:420,0
DA:421,0
DA:422,0
DA:423,0
DA:424,0
DA:425,0
DA:426,0
DA:428,0
DA:429,0
DA:430,0
DA:431,0
DA:432,0
DA:433,0
DA:434,0
DA:435,0
DA:437,0
DA:438,0
DA:439,0
DA:440,0
DA:441,0
DA:442,0
DA:443,0
DA:444,0
DA:445,0
DA:446,0
DA:447,0
DA:448,0
DA:449,9
DA:451,32
DA:452,100
DA:454,100
DA:455,100
DA:457,100
DA:459,100
DA:460,2
DA:461,100
DA:462,98
DA:463,98
DA:465,0
DA:466,0
DA:469,0
DA:470,0
DA:471,0
DA:472,0
DA:473,0
DA:474,0
DA:476,0
DA:477,0
DA:479,100
DA:480,0
DA:481,0
DA:482,0
DA:484,100
DA:485,0
DA:486,0
DA:487,0
DA:489,100
DA:490,100
DA:491,0
DA:492,0
DA:493,100
DA:494,100
DA:495,100
DA:497,32
DA:503,1
DA:504,1
DA:506,1
DA:507,0
DA:508,0
DA:510,1
DA:511,14
DA:512,14
DA:515,14
DA:516,14
DA:517,14
DA:518,14
DA:519,14
DA:520,14
DA:521,14
DA:522,14
DA:524,14
DA:525,14
DA:527,14
DA:528,14
DA:530,14
DA:532,14
DA:533,14
DA:534,14
DA:535,14
DA:536,14
DA:538,0
DA:539,0
DA:541,0
DA:542,0
DA:543,0
DA:544,0
DA:545,0
DA:546,0
DA:548,14
DA:549,14
DA:550,14
DA:551,14
DA:552,14
DA:554,14
DA:555,14
DA:556,14
DA:558,1
DA:559,1
DA:561,32
DA:562,4
DA:563,4
DA:565,4
DA:566,0
DA:567,0
DA:569,4
DA:570,6
DA:571,6
DA:575,6
DA:578,6
DA:580,6
DA:581,6
DA:583,6
DA:585,11
DA:586,11
DA:588,11
DA:590,6
DA:591,6
DA:592,6
DA:599,4
DA:600,4
DA:602,32
DA:603,154
DA:604,154
DA:606,154
DA:607,0
DA:608,0
DA:610,154
DA:611,0
DA:612,154
DA:613,89
DA:614,114
DA:615,65
DA:616,65
DA:618,0
DA:619,154
DA:621,32
DA:622,6
DA:623,6
DA:624,6
DA:625,6
DA:627,6
DA:629,6
DA:630,3959
DA:631,3959
DA:632,3959
DA:633,3959
DA:636,3959
DA:637,344
DA:639,22
DA:640,344
DA:641,190
DA:642,190
DA:643,154
DA:644,344
DA:645,0
DA:646,0
DA:647,0
DA:648,0
DA:649,344
DA:650,154
DA:651,154
DA:652,154
DA:653,154
DA:654,154
DA:655,154
DA:656,154
DA:658,0
DA:676,3959
DA:678,3615
DA:679,372
DA:680,3615
DA:681,372
DA:682,372
DA:683,372
DA:684,372
DA:685,3243
DA:687,210
DA:688,210
DA:689,3959
DA:691,6
DA:692,6
DA:773,32
DA:776,6
DA:784,6
DA:785,6
DA:786,6
DA:787,6
DA:789,6
DA:790,385
DA:792,385
DA:798,385
DA:799,673
DA:800,673
DA:801,353
DA:802,353
DA:803,52
DA:804,52
DA:805,353
DA:806,353
DA:807,673
DA:810,385
DA:811,6
DA:812,32
DA:814,1
LF:531
LH:436
BRDA:17,0,0,32
BRDA:21,1,0,32
BRDA:26,2,0,21
BRDA:33,3,0,1
BRDA:40,4,0,26
BRDA:46,5,0,0
BRDA:46,6,0,0
BRDA:51,7,0,26
BRDA:58,8,0,0
BRDA:60,9,0,0
BRDA:65,10,0,0
BRDA:73,11,0,9
BRDA:86,12,0,4
BRDA:87,13,0,17
BRDA:92,14,0,14
BRDA:102,15,0,17
BRDA:113,16,0,0
BRDA:115,17,0,127
BRDA:116,18,0,0
BRDA:118,19,0,96
BRDA:119,20,0,95
BRDA:119,21,0,32
BRDA:121,22,0,0
BRDA:129,23,0,25
BRDA:130,24,0,23
BRDA:133,25,0,199
BRDA:134,26,0,130
BRDA:145,27,0,130
BRDA:152,28,0,42
BRDA:153,29,0,32
BRDA:155,30,0,30
BRDA:156,31,0,40
BRDA:161,32,0,256
BRDA:162,33,0,31
BRDA:163,34,0,33
BRDA:164,35,0,33
BRDA:167,36,0,41
BRDA:168,37,0,6
BRDA:170,38,0,35
BRDA:172,39,0,243
BRDA:172,40,0,215
BRDA:175,41,0,28
BRDA:175,42,0,243
BRDA:175,43,0,14
BRDA:176,44,0,10
BRDA:176,45,0,4
BRDA:178,46,0,10
BRDA:180,47,0,201
BRDA:183,48,0,14
BRDA:184,49,0,2
BRDA:186,50,0,12
BRDA:188,51,0,187
BRDA:191,52,0,14
BRDA:192,53,0,2
BRDA:194,54,0,12
BRDA:196,55,0,173
BRDA:201,56,0,130
BRDA:204,57,0,23
BRDA:205,58,0,23
BRDA:206,59,0,22
BRDA:207,60,0,22
BRDA:208,61,0,23
BRDA:217,62,0,10
BRDA:226,63,0,25211
BRDA:227,64,0,0
BRDA:229,65,0,0
BRDA:232,66,0,2418
BRDA:233,67,0,2411
BRDA:235,68,0,7
BRDA:241,69,0,25081
BRDA:241,70,0,8694
BRDA:242,71,0,0
BRDA:243,72,0,1976
BRDA:245,73,0,2016
BRDA:245,74,0,40
BRDA:252,75,0,25081
BRDA:252,76,0,16387
BRDA:253,77,0,444
BRDA:263,78,0,8679
BRDA:274,79,0,0
BRDA:234,80,0,7
BRDA:281,81,0,10
BRDA:285,82,0,0
BRDA:287,83,0,119
BRDA:288,84,0,0
BRDA:290,85,0,92
BRDA:291,86,0,92
BRDA:291,87,0,27
BRDA:294,88,0,0
BRDA:294,89,0,27
BRDA:305,90,0,1
BRDA:307,91,0,26
BRDA:315,92,0,3
BRDA:319,93,0,20
BRDA:327,94,0,15750
BRDA:328,95,0,100
BRDA:331,96,0,0
BRDA:341,97,0,91
BRDA:344,98,0,9
BRDA:366,99,0,0
BRDA:394,100,0,9
BRDA:397,101,0,6395987
BRDA:403,102,0,0
BRDA:451,103,0,100
BRDA:452,104,0,100
BRDA:454,105,0,100
BRDA:459,106,0,2
BRDA:461,107,0,98
BRDA:463,108,0,0
BRDA:479,109,0,0
BRDA:484,110,0,0
BRDA:490,111,0,0
BRDA:497,112,0,1
BRDA:506,113,0,0
BRDA:510,114,0,14
BRDA:536,115,0,0
BRDA:561,116,0,4
BRDA:565,117,0,0
BRDA:569,118,0,6
BRDA:583,119,0,11
BRDA:602,120,0,154
BRDA:606,121,0,0
BRDA:610,122,0,89
BRDA:610,123,0,0
BRDA:612,124,0,89
BRDA:612,125,0,114
BRDA:612,126,0,89
BRDA:614,127,0,65
BRDA:616,128,0,0
BRDA:621,129,0,6
BRDA:629,130,0,3959
BRDA:632,131,0,2657
BRDA:632,132,0,1302
BRDA:633,133,0,2657
BRDA:633,134,0,3405
BRDA:636,135,0,344
BRDA:637,136,0,22
BRDA:640,137,0,190
BRDA:642,138,0,154
BRDA:644,139,0,0
BRDA:649,140,0,154
BRDA:649,141,0,65
BRDA:656,142,0,0
BRDA:676,143,0,3615
BRDA:676,144,0,0
BRDA:678,145,0,372
BRDA:680,146,0,3243
BRDA:680,147,0,372
BRDA:685,148,0,2871
BRDA:685,149,0,210
BRDA:773,150,0,6
BRDA:789,151,0,385
BRDA:790,152,0,0
BRDA:798,153,0,673
BRDA:800,154,0,353
BRDA:802,155,0,52
BRF:156
BRH:124
end_of_record
TN:
SF:src/ParseParameters.ts
FN:1,(empty-report)
FNF:1
FNH:1
FNDA:1,(empty-report)
LF:0
LH:0
BRDA:1,0,0,1
BRF:1
BRH:1
end_of_record
TN:
SF:src/PathGeometry.ts
FNF:0
FNH:0
DA:3,1
DA:4,1
DA:5,1
DA:6,1
DA:7,1
DA:10,1
DA:11,1
DA:12,1
DA:13,1
DA:14,1
DA:15,1
LF:11
LH:11
BRDA:3,0,0,26
BRDA:10,1,0,26
BRF:2
BRH:2
end_of_record
TN:
SF:src/ScreenshotResult.ts
FN:11,<instance_members_initializer>
FN:15,ScreenshotResult
FNF:2
FNH:2
FNDA:1,<instance_members_initializer>
FNDA:1,ScreenshotResult
DA:11,1
DA:12,1
DA:13,1
DA:15,1
DA:16,1
DA:17,1
DA:18,1
LF:7
LH:7
BRDA:11,0,0,1
BRDA:15,1,0,1
BRF:2
BRH:2
end_of_record
TN:
SF:src/TableResult.ts
FN:6,<instance_members_initializer>
FN:11,TableResult
FNF:2
FNH:2
FNDA:4,<instance_members_initializer>
FNDA:4,TableResult
DA:6,1
DA:7,4
DA:8,4
DA:9,4
DA:11,4
DA:12,4
DA:13,4
DA:14,4
LF:8
LH:8
BRDA:6,0,0,4
BRDA:11,1,0,4
BRF:2
BRH:2
end_of_record
TN:
SF:src/TableUtil.ts
FN:11,<instance_members_initializer>
FN:21,Rectangle
FN:32,toString
FN:36,tryAddText
FN:53,isNeighbour
FN:84,<instance_members_initializer>
FN:91,Table
FN:97,get cellCount
FN:109,get width
FN:113,get height
FN:117,tryAddText
FN:133,addRectangle
FN:167,getTableArray
FN:179,initMinMax
FN:200,isInside
FN:207,toString
FNF:16
FNH:13
FNDA:13,<instance_members_initializer>
FNDA:13,Rectangle
FNDA:0,toString
FNDA:3,tryAddText
FNDA:6,isNeighbour
FNDA:4,<instance_members_initializer>
FNDA:4,Table
FNDA:2,get cellCount
FNDA:0,get width
FNDA:0,get height
FNDA:1,tryAddText
FNDA:4,addRectangle
FNDA:1,getTableArray
FNDA:1,initMinMax
FNDA:2,isInside
FNDA:1,toString
DA:3,1
DA:4,1
DA:5,1
DA:6,1
DA:7,1
DA:8,1
DA:11,1
DA:12,13
DA:13,13
DA:14,13
DA:15,13
DA:16,13
DA:17,13
DA:18,13
DA:19,13
DA:21,13
DA:22,13
DA:23,13
DA:24,13
DA:25,13
DA:26,13
DA:27,13
DA:28,13
DA:29,13
DA:30,13
DA:32,13
DA:33,0
DA:34,0
DA:36,13
DA:37,3
DA:38,3
DA:40,3
DA:42,3
DA:43,2
DA:44,0
DA:45,0
DA:47,2
DA:48,2
DA:49,2
DA:50,1
DA:51,3
DA:53,13
DA:54,6
DA:56,6
DA:57,6
DA:59,6
DA:60,3
DA:61,3
DA:63,2
DA:64,2
DA:65,3
DA:67,3
DA:68,3
DA:70,6
DA:71,3
DA:72,3
DA:74,2
DA:75,2
DA:76,3
DA:78,0
DA:79,6
DA:80,13
DA:84,1
DA:85,4
DA:86,4
DA:87,4
DA:88,4
DA:89,4
DA:91,4
DA:92,4
DA:93,4
DA:95,4
DA:97,4
DA:98,2
DA:99,0
DA:100,0
DA:102,2
DA:103,2
DA:104,2
DA:106,2
DA:107,2
DA:109,4
DA:110,0
DA:111,0
DA:113,4
DA:114,0
DA:115,0
DA:117,4
DA:118,1
DA:119,1
DA:120,0
DA:121,0
DA:122,0
DA:123,0
DA:124,0
DA:125,0
DA:126,0
DA:127,0
DA:128,1
DA:130,1
DA:131,1
DA:133,4
DA:134,4
DA:135,2
DA:136,2
DA:137,2
DA:138,2
DA:139,2
DA:141,2
DA:142,1
DA:143,1
DA:144,1
DA:146,1
DA:147,1
DA:148,1
DA:149,1
DA:150,1
DA:151,1
DA:152,1
DA:153,1
DA:155,2
DA:158,0
DA:159,2
DA:160,0
DA:161,0
DA:163,2
DA:164,2
DA:165,4
DA:167,4
DA:168,1
DA:169,1
DA:170,2
DA:171,2
DA:172,3
DA:173,3
DA:174,2
DA:175,2
DA:176,1
DA:177,1
DA:179,4
DA:180,1
DA:181,1
DA:183,1
DA:184,0
DA:185,0
DA:187,1
DA:188,1
DA:190,1
DA:191,0
DA:192,0
DA:194,1
DA:195,1
DA:196,1
DA:197,1
DA:198,1
DA:200,4
DA:201,2
DA:202,2
DA:204,2
DA:205,2
DA:207,4
DA:208,1
DA:210,1
DA:211,2
DA:212,2
DA:213,2
DA:215,1
DA:216,1
DA:217,4
LF:169
LH:143
BRDA:3,0,0,1
BRDA:11,1,0,13
BRDA:21,2,0,13
BRDA:36,3,0,3
BRDA:40,4,0,2
BRDA:42,5,0,2
BRDA:43,6,0,1
BRDA:43,7,0,0
BRDA:47,8,0,1
BRDA:47,9,0,1
BRDA:49,10,0,1
BRDA:53,11,0,6
BRDA:59,12,0,3
BRDA:61,13,0,1
BRDA:61,14,0,2
BRDA:70,15,0,3
BRDA:72,16,0,1
BRDA:72,17,0,2
BRDA:76,18,0,0
BRDA:84,19,0,4
BRDA:91,20,0,4
BRDA:97,21,0,2
BRDA:98,22,0,0
BRDA:117,23,0,1
BRDA:119,24,0,0
BRDA:133,25,0,4
BRDA:134,26,0,2
BRDA:141,27,0,1
BRDA:153,28,0,0
BRDA:155,29,0,0
BRDA:159,30,0,0
BRDA:167,31,0,1
BRDA:169,32,0,2
BRDA:171,33,0,3
BRDA:179,34,0,1
BRDA:183,35,0,0
BRDA:190,36,0,0
BRDA:200,37,0,2
BRDA:204,38,0,1
BRDA:207,39,0,1
BRDA:210,40,0,2
BRDA:211,41,0,3
BRF:42
BRH:33
end_of_record
TN:
SF:src/TextResult.ts
FN:8,<instance_members_initializer>
FN:13,getPageText
FN:20,TextResult
FNF:3
FNH:3
FNDA:23,<instance_members_initializer>
FNDA:24,getPageText
FNDA:23,TextResult
DA:8,1
DA:9,23
DA:10,23
DA:11,23
DA:13,23
DA:14,24
DA:15,97
DA:16,97
DA:17,1
DA:18,24
DA:20,23
DA:21,23
DA:22,23
DA:23,23
LF:14
LH:14
BRDA:8,0,0,23
BRDA:13,1,0,24
BRDA:14,2,0,97
BRDA:15,3,0,23
BRDA:16,4,0,1
BRDA:20,5,0,23
BRF:6
BRH:6
end_of_record
TN:
SF:src/index.ts
FNF:0
FNH:0
DA:1,1
LF:1
LH:1
BRF:0
BRH:0
end_of_record
TN:
SF:src/geometry/Geometry.ts
FNF:0
FNH:0
DA:1,1
DA:2,1
DA:3,1
DA:4,1
DA:5,1
DA:6,1
LF:6
LH:6
BRF:0
BRH:0
end_of_record
TN:
SF:src/geometry/Line.ts
FN:10,<instance_members_initializer>
FN:18,Line
FN:25,init
FN:55,get valid
FN:62,get normalized
FN:71,addGap
FN:75,containsPoint
FN:95,addIntersectionPoint
FN:102,intersection
FN:149,transform
FNF:10
FNH:9
FNDA:3345,<instance_members_initializer>
FNDA:3345,Line
FNDA:3653,init
FNDA:3196,get valid
FNDA:2626,get normalized
FNDA:2,addGap
FNDA:0,containsPoint
FNDA:2004,addIntersectionPoint
FNDA:1313,intersection
FNDA:308,transform
DA:1,1
DA:2,1
DA:4,1
DA:5,1
DA:6,1
DA:7,1
DA:10,1
DA:11,3345
DA:12,3345
DA:13,3345
DA:14,3345
DA:15,3345
DA:16,3345
DA:18,3345
DA:19,3345
DA:20,3345
DA:21,3345
DA:22,3345
DA:23,3345
DA:25,3345
DA:26,3653
DA:27,3653
DA:29,3653
DA:30,1903
DA:31,1903
DA:32,1903
DA:33,0
DA:34,0
DA:35,0
DA:36,0
DA:37,1903
DA:38,3653
DA:39,1750
DA:40,1750
DA:41,1750
DA:42,1
DA:43,1
DA:44,1
DA:45,1
DA:46,1750
DA:47,1750
DA:49,3653
DA:50,3653
DA:51,3653
DA:53,3345
DA:55,3345
DA:56,3196
DA:57,656
DA:58,656
DA:59,3196
DA:60,3196
DA:62,3345
DA:63,2626
DA:64,1313
DA:65,1313
DA:66,1313
DA:67,1313
DA:68,0
DA:69,2626
DA:71,3345
DA:72,2
DA:73,2
DA:75,3345
DA:76,0
DA:77,0
DA:78,0
DA:79,0
DA:80,0
DA:81,0
DA:82,0
DA:95,3345
DA:96,2004
DA:97,7225
DA:98,7225
DA:99,1960
DA:100,2004
DA:102,3345
DA:103,1313
DA:105,1313
DA:106,0
DA:107,0
DA:109,1313
DA:110,1313
DA:112,1313
DA:113,1162
DA:114,1162
DA:115,1162
DA:117,1162
DA:118,887
DA:119,887
DA:120,887
DA:121,887
DA:122,887
DA:123,1313
DA:124,151
DA:125,151
DA:126,151
DA:128,151
DA:129,104
DA:130,104
DA:131,104
DA:132,104
DA:133,104
DA:134,151
DA:146,1313
DA:147,1313
DA:149,3345
DA:150,308
DA:151,308
DA:153,308
DA:154,308
DA:156,308
DA:157,308
DA:159,308
DA:160,308
DA:161,308
DA:162,308
DA:163,308
DA:164,3345
LF:119
LH:105
BRDA:4,0,0,30
BRDA:10,1,0,3345
BRDA:18,2,0,3345
BRDA:25,3,0,3653
BRDA:29,4,0,1903
BRDA:32,5,0,0
BRDA:38,6,0,1750
BRDA:41,7,0,1
BRDA:55,8,0,3196
BRDA:56,9,0,656
BRDA:62,10,0,2626
BRDA:63,11,0,1313
BRDA:67,12,0,0
BRDA:71,13,0,2
BRDA:95,14,0,2004
BRDA:96,15,0,7225
BRDA:97,16,0,44
BRDA:98,17,0,1960
BRDA:102,18,0,1313
BRDA:105,19,0,0
BRDA:112,20,0,1162
BRDA:112,21,0,1162
BRDA:115,22,0,1158
BRDA:115,23,0,1158
BRDA:115,24,0,1158
BRDA:117,25,0,887
BRDA:123,26,0,151
BRDA:126,27,0,149
BRDA:126,28,0,147
BRDA:126,29,0,104
BRDA:128,30,0,104
BRDA:149,31,0,308
BRF:32
BRH:29
end_of_record
TN:
SF:src/geometry/LineStore.ts
FN:8,<instance_members_initializer>
FN:12,add
FN:22,addRectangle
FN:28,getTableData
FN:43,getTables
FN:79,normalize
FN:84,normalizeHorizontal
FN:110,normalizeVertical
FN:136,fillTable
FN:156,tryFill
FN:166,margeHorizontalLines
FN:206,margeVerticalLines
FNF:12
FNH:11
FNDA:25,<instance_members_initializer>
FNDA:217,add
FNDA:0,addRectangle
FNDA:6,getTableData
FNDA:9,getTables
FNDA:15,normalize
FNDA:19,normalizeHorizontal
FNDA:19,normalizeVertical
FNDA:15,fillTable
FNDA:15,tryFill
FNDA:108,margeHorizontalLines
FNDA:58,margeVerticalLines
DA:1,1
DA:2,1
DA:4,1
DA:5,1
DA:8,1
DA:9,25
DA:10,25
DA:12,25
DA:13,217
DA:14,217
DA:15,120
DA:16,157
DA:17,97
DA:18,97
DA:19,217
DA:20,217
DA:22,25
DA:23,0
DA:24,0
DA:25,0
DA:26,0
DA:28,25
DA:29,6
DA:31,6
DA:33,6
DA:34,11
DA:35,11
DA:36,11
DA:37,11
DA:38,11
DA:40,6
DA:41,6
DA:43,25
DA:44,9
DA:46,9
DA:47,14
DA:48,14
DA:50,14
DA:51,14
DA:53,14
DA:54,14
DA:55,14
DA:56,14
DA:58,9
DA:59,1
DA:60,1
DA:62,1
DA:63,1
DA:65,0
DA:66,0
DA:67,0
DA:68,0
DA:70,9
DA:72,9
DA:73,14
DA:74,14
DA:76,9
DA:77,9
DA:79,25
DA:80,15
DA:81,15
DA:82,15
DA:84,25
DA:85,19
DA:87,19
DA:89,19
DA:90,19
DA:91,119
DA:92,16
DA:93,119
DA:94,11
DA:95,103
DA:96,92
DA:97,92
DA:98,92
DA:99,92
DA:100,119
DA:102,19
DA:103,16
DA:104,16
DA:105,16
DA:107,19
DA:108,19
DA:110,25
DA:111,19
DA:113,19
DA:115,19
DA:116,19
DA:117,96
DA:118,16
DA:119,96
DA:120,38
DA:121,42
DA:122,42
DA:123,42
DA:124,42
DA:125,42
DA:126,96
DA:128,19
DA:129,16
DA:130,16
DA:131,16
DA:133,19
DA:134,19
DA:136,25
DA:137,15
DA:138,15
DA:140,15
DA:141,112
DA:142,46
DA:143,46
DA:144,112
DA:146,15
DA:147,131
DA:148,45
DA:149,45
DA:150,131
DA:152,15
DA:153,15
DA:154,15
DA:156,25
DA:157,15
DA:158,10
DA:159,1
DA:160,1
DA:161,1
DA:162,10
DA:163,14
DA:164,15
DA:166,25
DA:167,108
DA:168,108
DA:170,108
DA:171,108
DA:173,108
DA:174,108
DA:176,108
DA:177,119
DA:178,11
DA:179,0
DA:180,0
DA:181,11
DA:182,7
DA:183,7
DA:184,119
DA:185,108
DA:186,0
DA:187,0
DA:188,108
DA:189,108
DA:190,108
DA:191,119
DA:193,108
DA:195,108
DA:196,0
DA:197,0
DA:198,0
DA:199,108
DA:200,108
DA:201,108
DA:203,108
DA:204,108
DA:206,25
DA:207,58
DA:208,58
DA:210,58
DA:211,58
DA:213,58
DA:214,58
DA:216,58
DA:217,96
DA:218,21
DA:219,0
DA:220,0
DA:221,21
DA:222,17
DA:223,17
DA:224,96
DA:225,75
DA:226,17
DA:227,17
DA:228,75
DA:229,75
DA:230,75
DA:231,96
DA:233,58
DA:235,58
DA:236,7
DA:237,7
DA:238,7
DA:239,58
DA:240,51
DA:241,51
DA:243,58
DA:244,58
DA:245,25
LF:196
LH:179
BRDA:8,0,0,25
BRDA:12,1,0,217
BRDA:14,2,0,157
BRDA:14,3,0,120
BRDA:16,4,0,97
BRDA:28,5,0,6
BRDA:33,6,0,11
BRDA:43,7,0,9
BRDA:46,8,0,14
BRDA:48,9,0,0
BRDA:51,10,0,0
BRDA:58,11,0,1
BRDA:60,12,0,0
BRDA:63,13,0,0
BRDA:72,14,0,14
BRDA:70,15,0,14
BRDA:79,16,0,15
BRDA:84,17,0,19
BRDA:90,18,0,119
BRDA:91,19,0,16
BRDA:93,20,0,103
BRDA:93,21,0,11
BRDA:95,22,0,92
BRDA:102,23,0,16
BRDA:85,24,0,107
BRDA:110,25,0,19
BRDA:116,26,0,96
BRDA:117,27,0,16
BRDA:119,28,0,80
BRDA:119,29,0,42
BRDA:119,30,0,38
BRDA:128,31,0,16
BRDA:111,32,0,169
BRDA:136,33,0,15
BRDA:140,34,0,112
BRDA:141,35,0,46
BRDA:146,36,0,131
BRDA:147,37,0,45
BRDA:156,38,0,15
BRDA:157,39,0,14
BRDA:157,40,0,10
BRDA:158,41,0,1
BRDA:166,42,0,108
BRDA:171,43,0,0
BRDA:176,44,0,119
BRDA:177,45,0,11
BRDA:178,46,0,0
BRDA:181,47,0,7
BRDA:184,48,0,108
BRDA:185,49,0,0
BRDA:195,50,0,0
BRDA:168,51,0,11
BRDA:206,52,0,58
BRDA:211,53,0,0
BRDA:216,54,0,96
BRDA:217,55,0,21
BRDA:218,56,0,0
BRDA:221,57,0,17
BRDA:224,58,0,75
BRDA:225,59,0,17
BRDA:235,60,0,7
BRDA:239,61,0,51
BRDA:208,62,0,38
BRF:63
BRH:53
end_of_record
TN:
SF:src/geometry/Point.ts
FN:3,<instance_members_initializer>
FN:7,Point
FN:13,equal
FN:17,transform
FNF:4
FNH:4
FNDA:9037,<instance_members_initializer>
FNDA:9037,Point
FNDA:7231,equal
FNDA:616,transform
DA:1,1
DA:3,1
DA:4,9037
DA:5,9037
DA:7,9037
DA:8,9037
DA:9,9037
DA:10,9037
DA:11,9037
DA:13,9037
DA:14,7231
DA:15,7231
DA:17,9037
DA:18,616
DA:19,616
DA:20,616
DA:21,616
DA:22,616
DA:23,9037
LF:19
LH:19
BRDA:3,0,0,9037
BRDA:7,1,0,9037
BRDA:13,2,0,7231
BRDA:14,3,0,5367
BRDA:17,4,0,616
BRF:5
BRH:5
end_of_record
TN:
SF:src/geometry/Rectangle.ts
FN:5,<instance_members_initializer>
FN:10,Rectangle
FN:17,get to
FN:21,getLines
FN:33,transform
FNF:5
FNH:5
FNDA:20,<instance_members_initializer>
FNDA:20,Rectangle
FNDA:11,get to
FNDA:5,getLines
FNDA:9,transform
DA:1,1
DA:2,1
DA:3,1
DA:5,1
DA:6,20
DA:7,20
DA:8,20
DA:10,20
DA:11,20
DA:12,20
DA:13,20
DA:14,20
DA:15,20
DA:17,20
DA:18,11
DA:19,11
DA:21,20
DA:22,5
DA:24,5
DA:25,5
DA:26,5
DA:27,5
DA:28,5
DA:29,5
DA:30,5
DA:31,5
DA:33,20
DA:34,9
DA:35,9
DA:37,9
DA:38,9
DA:40,9
DA:41,9
DA:43,9
DA:44,9
DA:45,9
DA:46,9
DA:47,9
DA:48,20
LF:39
LH:39
BRDA:5,0,0,20
BRDA:10,1,0,20
BRDA:17,2,0,11
BRDA:21,3,0,5
BRDA:30,4,0,20
BRDA:33,5,0,9
BRF:6
BRH:6
end_of_record
TN:
SF:src/geometry/Shape.ts
FN:1,<static_initializer>
FN:5,applyTransform
FNF:2
FNH:2
FNDA:30,<static_initializer>
FNDA:634,applyTransform
DA:1,1
DA:2,30
DA:5,30
DA:6,634
DA:7,634
DA:8,634
DA:9,634
DA:10,30
LF:8
LH:8
BRDA:1,0,0,30
BRDA:5,1,0,634
BRF:2
BRH:2
end_of_record
TN:
SF:src/geometry/Table.ts
FN:6,<instance_members_initializer>
FN:10,Table
FN:18,get isValid
FN:22,get rowPivots
FN:32,get colPivots
FN:42,add
FN:58,intersection
FN:80,getSameHorizontal
FN:99,getSameVertical
FN:118,mergeHorizontalLines
FN:139,mergeVerticalLines
FN:160,normalize
FN:194,verticalExists
FN:215,horizontalExists
FN:236,findBottomLineIndex
FN:246,findVerticalLineIndexs
FN:259,getRow
FN:296,toData
FNF:18
FNH:18
FNDA:50,<instance_members_initializer>
FNDA:50,Table
FNDA:19,get isValid
FNDA:25,get rowPivots
FNDA:24,get colPivots
FNDA:307,add
FNDA:307,intersection
FNDA:108,getSameHorizontal
FNDA:73,getSameVertical
FNDA:108,mergeHorizontalLines
FNDA:73,mergeVerticalLines
FNDA:19,normalize
FNDA:5,verticalExists
FNDA:5,horizontalExists
FNDA:337,findBottomLineIndex
FNDA:87,findVerticalLineIndexs
FNDA:87,getRow
FNDA:17,toData
DA:1,1
DA:2,1
DA:3,1
DA:4,1
DA:6,1
DA:7,50
DA:8,50
DA:10,50
DA:11,50
DA:12,33
DA:13,50
DA:14,17
DA:15,17
DA:16,50
DA:18,50
DA:19,19
DA:20,19
DA:22,50
DA:23,25
DA:25,25
DA:26,120
DA:27,120
DA:29,25
DA:30,25
DA:32,50
DA:33,24
DA:35,24
DA:36,87
DA:37,87
DA:39,24
DA:40,24
DA:42,50
DA:43,307
DA:45,307
DA:46,199
DA:47,108
DA:48,108
DA:49,199
DA:50,91
DA:51,91
DA:52,91
DA:53,199
DA:55,108
DA:56,307
DA:58,50
DA:59,307
DA:60,307
DA:62,307
DA:63,167
DA:64,722
DA:65,722
DA:66,450
DA:67,450
DA:68,722
DA:69,217
DA:70,137
DA:71,151
DA:72,151
DA:73,104
DA:74,104
DA:75,151
DA:76,137
DA:77,304
DA:78,307
DA:80,50
DA:81,108
DA:82,108
DA:84,108
DA:85,576
DA:86,576
DA:88,576
DA:89,0
DA:90,576
DA:91,576
DA:92,576
DA:93,576
DA:95,108
DA:96,108
DA:97,108
DA:99,50
DA:100,73
DA:101,73
DA:103,73
DA:104,135
DA:105,135
DA:107,135
DA:108,0
DA:109,135
DA:110,135
DA:111,135
DA:112,135
DA:114,73
DA:115,73
DA:116,73
DA:118,50
DA:119,108
DA:121,108
DA:122,108
DA:124,108
DA:126,108
DA:127,0
DA:128,0
DA:130,0
DA:131,0
DA:132,0
DA:133,0
DA:134,0
DA:136,108
DA:137,108
DA:139,50
DA:140,73
DA:142,73
DA:143,73
DA:145,73
DA:147,73
DA:148,0
DA:149,0
DA:151,0
DA:152,0
DA:153,0
DA:154,0
DA:155,0
DA:157,73
DA:158,73
DA:160,50
DA:161,19
DA:162,19
DA:164,19
DA:165,19
DA:167,19
DA:169,19
DA:170,108
DA:171,108
DA:173,108
DA:174,108
DA:175,108
DA:176,108
DA:178,19
DA:180,19
DA:182,19
DA:183,73
DA:184,73
DA:186,73
DA:187,73
DA:188,73
DA:189,73
DA:191,19
DA:192,19
DA:194,50
DA:195,5
DA:196,1
DA:197,1
DA:199,5
DA:200,1
DA:201,1
DA:203,5
DA:204,2
DA:205,1
DA:206,1
DA:207,1
DA:208,1
DA:209,1
DA:210,1
DA:212,1
DA:213,5
DA:215,50
DA:216,5
DA:217,1
DA:218,1
DA:220,5
DA:221,1
DA:222,1
DA:224,5
DA:225,2
DA:226,1
DA:227,1
DA:228,1
DA:229,1
DA:230,1
DA:231,1
DA:233,1
DA:234,5
DA:236,50
DA:237,337
DA:238,339
DA:239,339
DA:240,337
DA:241,337
DA:242,339
DA:243,0
DA:244,337
DA:246,50
DA:247,87
DA:249,87
DA:250,427
DA:251,427
DA:252,424
DA:253,424
DA:254,427
DA:256,87
DA:257,87
DA:259,50
DA:260,87
DA:262,87
DA:263,87
DA:265,87
DA:266,337
DA:267,337
DA:268,337
DA:269,337
DA:270,337
DA:273,337
DA:274,337
DA:275,337
DA:276,337
DA:277,337
DA:278,337
DA:279,337
DA:280,337
DA:281,337
DA:283,337
DA:284,1
DA:285,1
DA:286,337
DA:287,2
DA:288,2
DA:290,337
DA:291,337
DA:293,87
DA:294,87
DA:296,50
DA:297,17
DA:298,17
DA:300,17
DA:301,17
DA:303,17
DA:305,17
DA:306,87
DA:307,87
DA:308,87
DA:309,87
DA:310,87
DA:311,87
DA:313,17
DA:314,17
DA:315,50
LF:246
LH:229
BRDA:6,0,0,50
BRDA:10,1,0,50
BRDA:11,2,0,33
BRDA:13,3,0,17
BRDA:18,4,0,19
BRDA:22,5,0,25
BRDA:25,6,0,120
BRDA:29,7,0,96
BRDA:32,8,0,24
BRDA:35,9,0,87
BRDA:39,10,0,67
BRDA:42,11,0,307
BRDA:45,12,0,199
BRDA:46,13,0,108
BRDA:49,14,0,91
BRDA:53,15,0,108
BRDA:58,16,0,307
BRDA:60,17,0,3
BRDA:60,18,0,304
BRDA:62,19,0,217
BRDA:62,20,0,167
BRDA:63,21,0,722
BRDA:65,22,0,450
BRDA:69,23,0,137
BRDA:70,24,0,151
BRDA:72,25,0,104
BRDA:76,26,0,304
BRDA:80,27,0,108
BRDA:84,28,0,576
BRDA:86,29,0,0
BRDA:88,30,0,0
BRDA:99,31,0,73
BRDA:103,32,0,135
BRDA:105,33,0,0
BRDA:107,34,0,0
BRDA:118,35,0,108
BRDA:126,36,0,0
BRDA:139,37,0,73
BRDA:147,38,0,0
BRDA:160,39,0,19
BRDA:169,40,0,108
BRDA:171,41,0,0
BRDA:182,42,0,73
BRDA:184,43,0,0
BRDA:161,44,0,108
BRDA:162,45,0,80
BRDA:164,46,0,91
BRDA:165,47,0,61
BRDA:194,48,0,5
BRDA:195,49,0,1
BRDA:197,50,0,4
BRDA:199,51,0,1
BRDA:201,52,0,3
BRDA:203,53,0,2
BRDA:204,54,0,1
BRDA:210,55,0,1
BRDA:215,56,0,5
BRDA:216,57,0,1
BRDA:218,58,0,4
BRDA:220,59,0,1
BRDA:222,60,0,3
BRDA:224,61,0,2
BRDA:225,62,0,1
BRDA:231,63,0,1
BRDA:236,64,0,337
BRDA:237,65,0,339
BRDA:239,66,0,337
BRDA:239,67,0,337
BRDA:242,68,0,0
BRDA:246,69,0,87
BRDA:249,70,0,427
BRDA:251,71,0,426
BRDA:251,72,0,426
BRDA:251,73,0,424
BRDA:259,74,0,87
BRDA:265,75,0,337
BRDA:283,76,0,1
BRDA:286,77,0,2
BRDA:296,78,0,17
BRDA:305,79,0,87
BRF:80
BRH:71
end_of_record
TN:
SF:src/geometry/TableData.ts
FN:15,<instance_members_initializer>
FN:22,TableData
FN:30,findCell
FN:44,get cellCount
FN:48,get rowCount
FN:52,check
FN:86,toArray
FNF:7
FNH:7
FNDA:17,<instance_members_initializer>
FNDA:17,TableData
FNDA:673,findCell
FNDA:3,get cellCount
FNDA:3,get rowCount
FNDA:3,check
FNDA:11,toArray
DA:15,1
DA:16,17
DA:17,17
DA:18,17
DA:19,17
DA:20,17
DA:22,17
DA:23,17
DA:24,17
DA:25,17
DA:26,17
DA:27,17
DA:28,17
DA:30,17
DA:31,673
DA:32,353
DA:33,2021
DA:34,7431
DA:35,353
DA:36,353
DA:37,7431
DA:38,1668
DA:39,0
DA:41,320
DA:42,673
DA:44,17
DA:45,3
DA:46,3
DA:48,17
DA:49,3
DA:50,3
DA:52,17
DA:69,3
DA:70,3
DA:72,3
DA:73,8
DA:74,23
DA:75,23
DA:76,23
DA:77,8
DA:79,3
DA:80,0
DA:81,0
DA:83,3
DA:84,3
DA:86,17
DA:87,11
DA:88,11
DA:89,78
DA:90,78
DA:91,312
DA:92,312
DA:93,312
DA:94,312
DA:95,312
DA:96,78
DA:97,78
DA:98,11
DA:99,11
DA:100,17
LF:60
LH:57
BRDA:15,0,0,17
BRDA:22,1,0,17
BRDA:30,2,0,673
BRDA:31,3,0,625
BRDA:31,4,0,625
BRDA:31,5,0,353
BRDA:32,6,0,2021
BRDA:33,7,0,7431
BRDA:34,8,0,4321
BRDA:34,9,0,4321
BRDA:34,10,0,2021
BRDA:34,11,0,353
BRDA:37,12,0,1668
BRDA:38,13,0,0
BRDA:39,14,0,320
BRDA:44,15,0,3
BRDA:45,16,0,8
BRDA:48,17,0,3
BRDA:52,18,0,3
BRDA:72,19,0,8
BRDA:73,20,0,23
BRDA:74,21,0,22
BRDA:74,22,0,21
BRDA:79,23,0,0
BRDA:86,24,0,11
BRDA:88,25,0,78
BRDA:90,26,0,312
BRF:27
BRH:25
end_of_record
