TN:
SF:src/DocumentInitParameters.ts
FN:1,(empty-report)
FNF:1
FNH:1
FNDA:1,(empty-report)
LF:0
LH:0
BRDA:1,0,0,1
BRF:1
BRH:1
end_of_record
TN:
SF:src/ImageResult.ts
FN:16,<instance_members_initializer>
FN:22,getPageImage
FN:35,ImageResult
FNF:3
FNH:3
FNDA:3,<instance_members_initializer>
FNDA:2,getPageImage
FNDA:3,ImageResult
DA:16,1
DA:17,3
DA:18,3
DA:19,3
DA:20,3
DA:22,3
DA:23,2
DA:24,2
DA:25,2
DA:26,2
DA:27,2
DA:28,2
DA:29,2
DA:30,0
DA:31,2
DA:32,0
DA:33,2
DA:35,3
DA:36,3
DA:37,3
DA:38,3
LF:21
LH:19
BRDA:16,0,0,3
BRDA:22,1,0,2
BRDA:29,2,0,0
BRDA:31,3,0,0
BRDA:35,4,0,3
BRF:5
BRH:3
end_of_record
TN:
SF:src/InfoResult.ts
FN:1,(empty-report)
FNF:1
FNH:1
FNDA:1,(empty-report)
LF:0
LH:0
BRDA:1,0,0,1
BRF:1
BRH:1
end_of_record
TN:
SF:src/PDFParse.ts
FN:20,<instance_members_initializer>
FN:24,PDFParse
FN:29,getText
FN:59,load
FN:82,shouldParse
FN:122,getPageText
FN:177,getHyperlinks
FN:210,getImage
FN:278,convertToRGBA
FN:303,resolveEmbeddedImage
FN:317,pageToImage
FN:370,getTable
FN:414,getPathGeometry
FN:433,getPageTables
FN:506,getPageGeometry
FN:585,fillPageTables
FN:627,initPDFJS
FNF:17
FNH:16
FNDA:22,<instance_members_initializer>
FNDA:22,PDFParse
FNDA:19,getText
FNDA:27,load
FNDA:197,shouldParse
FNDA:99,getPageText
FNDA:1,getHyperlinks
FNDA:3,getImage
FNDA:9,convertToRGBA
FNDA:100,resolveEmbeddedImage
FNDA:1,pageToImage
FNDA:4,getTable
FNDA:154,getPathGeometry
FNDA:6,getPageTables
FNDA:0,getPageGeometry
FNDA:6,fillPageTables
FNDA:20,initPDFJS
DA:2,1
DA:3,1
DA:6,1
DA:8,1
DA:10,1
DA:12,1
DA:13,1
DA:14,1
DA:18,1
DA:20,1
DA:21,22
DA:22,22
DA:24,22
DA:25,22
DA:26,22
DA:27,22
DA:29,22
DA:30,19
DA:31,17
DA:33,17
DA:34,0
DA:35,0
DA:37,17
DA:38,157
DA:39,99
DA:40,99
DA:41,99
DA:42,99
DA:43,99
DA:44,99
DA:45,99
DA:46,99
DA:47,157
DA:49,17
DA:50,17
DA:52,17
DA:53,99
DA:54,99
DA:56,17
DA:57,19
DA:59,22
DA:60,27
DA:62,27
DA:63,26
DA:64,26
DA:70,27
DA:72,27
DA:73,25
DA:75,25
DA:76,25
DA:77,25
DA:78,25
DA:79,25
DA:80,27
DA:82,22
DA:83,197
DA:84,197
DA:85,197
DA:88,197
DA:89,28
DA:90,4
DA:91,4
DA:92,24
DA:93,24
DA:96,197
DA:97,14
DA:98,4
DA:99,4
DA:100,10
DA:101,10
DA:104,197
DA:105,14
DA:106,2
DA:107,2
DA:108,12
DA:109,12
DA:112,141
DA:113,14
DA:114,2
DA:115,2
DA:116,12
DA:117,12
DA:119,127
DA:120,197
DA:122,22
DA:123,99
DA:136,99
DA:137,99
DA:138,99
DA:139,99
DA:141,99
DA:143,99
DA:144,1
DA:145,1
DA:147,99
DA:149,99
DA:150,17365
DA:152,17365
DA:153,9
DA:154,9
DA:158,9
DA:159,9
DA:160,9
DA:161,2
DA:162,9
DA:163,7
DA:164,7
DA:165,17365
DA:166,17356
DA:167,17356
DA:169,17365
DA:170,6180
DA:171,6180
DA:172,17365
DA:174,99
DA:175,99
DA:177,22
DA:178,1
DA:180,1
DA:182,1
DA:183,2
DA:185,2
DA:186,2
DA:188,2
DA:189,2
DA:191,2
DA:192,2
DA:193,2
DA:194,2
DA:195,2
DA:197,2
DA:199,2
DA:200,2
DA:201,0
DA:202,2
DA:203,2
DA:204,2
DA:205,2
DA:207,1
DA:208,1
DA:210,22
DA:211,3
DA:212,3
DA:214,3
DA:215,0
DA:216,0
DA:218,3
DA:219,20
DA:220,20
DA:221,20
DA:223,20
DA:224,20
DA:226,20
DA:227,15750
DA:228,100
DA:229,100
DA:230,100
DA:232,100
DA:235,100
DA:237,100
DA:238,100
DA:239,100
DA:240,100
DA:241,91
DA:242,91
DA:243,100
DA:244,9
DA:245,9
DA:246,9
DA:247,9
DA:248,9
DA:249,9
DA:250,9
DA:251,9
DA:252,9
DA:253,100
DA:254,100
DA:256,100
DA:257,100
DA:259,100
DA:260,100
DA:261,100
DA:262,100
DA:263,100
DA:264,100
DA:265,100
DA:266,100
DA:267,100
DA:268,15750
DA:269,20
DA:270,20
DA:272,3
DA:273,3
DA:275,3
DA:276,3
DA:278,22
DA:279,9
DA:280,9
DA:281,6395987
DA:282,6395987
DA:283,6395987
DA:284,6395987
DA:285,6395987
DA:286,9
DA:288,0
DA:289,0
DA:290,0
DA:291,0
DA:292,0
DA:293,0
DA:294,0
DA:295,0
DA:296,0
DA:297,0
DA:298,0
DA:299,0
DA:300,0
DA:301,9
DA:303,22
DA:304,100
DA:306,100
DA:307,100
DA:308,100
DA:309,100
DA:310,100
DA:311,0
DA:312,0
DA:313,100
DA:314,100
DA:315,100
DA:317,22
DA:323,1
DA:324,1
DA:326,1
DA:327,0
DA:328,0
DA:330,1
DA:331,14
DA:335,14
DA:338,14
DA:339,14
DA:340,14
DA:341,14
DA:342,14
DA:343,14
DA:344,14
DA:345,14
DA:347,14
DA:348,14
DA:350,14
DA:351,14
DA:352,14
DA:354,14
DA:355,14
DA:356,14
DA:357,14
DA:358,14
DA:360,14
DA:361,14
DA:362,14
DA:364,1
DA:365,1
DA:367,1
DA:368,1
DA:370,22
DA:371,4
DA:372,4
DA:374,4
DA:375,0
DA:376,0
DA:378,4
DA:379,6
DA:380,6
DA:381,6
DA:385,6
DA:389,6
DA:391,6
DA:392,6
DA:394,6
DA:396,11
DA:397,11
DA:399,11
DA:401,6
DA:402,6
DA:403,6
DA:410,4
DA:411,4
DA:412,4
DA:414,22
DA:415,154
DA:416,154
DA:418,154
DA:419,0
DA:420,0
DA:422,154
DA:423,0
DA:424,154
DA:425,89
DA:426,114
DA:427,65
DA:428,65
DA:430,0
DA:431,154
DA:433,22
DA:434,6
DA:435,6
DA:436,6
DA:437,6
DA:439,6
DA:441,6
DA:442,3959
DA:443,3959
DA:444,3959
DA:445,3959
DA:448,3959
DA:449,344
DA:451,22
DA:452,344
DA:453,190
DA:454,190
DA:455,154
DA:456,344
DA:457,0
DA:458,0
DA:459,0
DA:460,0
DA:461,344
DA:462,154
DA:463,154
DA:464,154
DA:465,154
DA:466,154
DA:467,154
DA:468,154
DA:469,0
DA:470,0
DA:488,3959
DA:489,0
DA:490,3615
DA:491,372
DA:492,3615
DA:493,372
DA:494,372
DA:495,372
DA:496,372
DA:497,3243
DA:499,210
DA:500,210
DA:501,3959
DA:503,6
DA:504,6
DA:506,22
DA:507,0
DA:508,0
DA:510,0
DA:512,0
DA:513,0
DA:515,0
DA:516,0
DA:518,0
DA:519,0
DA:520,0
DA:522,0
DA:523,0
DA:524,0
DA:526,0
DA:528,0
DA:529,0
DA:530,0
DA:531,0
DA:532,0
DA:534,0
DA:536,0
DA:537,0
DA:539,0
DA:540,0
DA:543,0
DA:544,0
DA:545,0
DA:546,0
DA:547,0
DA:548,0
DA:549,0
DA:552,0
DA:553,0
DA:554,0
DA:555,0
DA:563,0
DA:565,0
DA:566,0
DA:567,0
DA:568,0
DA:569,0
DA:570,0
DA:571,0
DA:572,0
DA:573,0
DA:574,0
DA:575,0
DA:576,0
DA:578,0
DA:579,0
DA:580,0
DA:582,0
DA:583,0
DA:585,22
DA:588,6
DA:596,6
DA:597,6
DA:598,6
DA:599,6
DA:601,6
DA:602,385
DA:604,385
DA:611,385
DA:612,673
DA:613,673
DA:614,353
DA:615,353
DA:616,52
DA:617,52
DA:618,353
DA:619,353
DA:620,673
DA:623,385
DA:624,6
DA:625,22
DA:627,20
DA:629,20
DA:631,20
DA:632,20
DA:634,20
DA:635,20
DA:638,20
DA:640,20
DA:642,20
DA:643,0
DA:644,20
DA:645,20
DA:646,0
DA:647,0
DA:648,20
DA:649,20
LF:443
LH:352
BRDA:20,0,0,22
BRDA:24,1,0,22
BRDA:29,2,0,19
BRDA:30,3,0,17
BRDA:33,4,0,0
BRDA:37,5,0,157
BRDA:38,6,0,99
BRDA:52,7,0,99
BRDA:59,8,0,27
BRDA:62,9,0,26
BRDA:62,10,0,26
BRDA:72,11,0,25
BRDA:82,12,0,197
BRDA:83,13,0,23
BRDA:84,14,0,23
BRDA:85,15,0,23
BRDA:88,16,0,28
BRDA:89,17,0,4
BRDA:91,18,0,24
BRDA:93,19,0,169
BRDA:96,20,0,28
BRDA:96,21,0,14
BRDA:97,22,0,10
BRDA:97,23,0,4
BRDA:99,24,0,10
BRDA:101,25,0,155
BRDA:104,26,0,14
BRDA:105,27,0,2
BRDA:107,28,0,12
BRDA:109,29,0,141
BRDA:112,30,0,14
BRDA:113,31,0,2
BRDA:115,32,0,12
BRDA:117,33,0,127
BRDA:122,34,0,99
BRDA:143,35,0,1
BRDA:149,36,0,17365
BRDA:150,37,0,0
BRDA:152,38,0,9
BRDA:153,39,0,0
BRDA:158,40,0,7
BRDA:160,41,0,2
BRDA:162,42,0,7
BRDA:165,43,0,17356
BRDA:169,44,0,6180
BRDA:159,45,0,2
BRDA:177,46,0,1
BRDA:180,47,0,0
BRDA:182,48,0,2
BRDA:183,49,0,0
BRDA:185,50,0,0
BRDA:186,51,0,0
BRDA:189,52,0,0
BRDA:200,53,0,0
BRDA:210,54,0,3
BRDA:214,55,0,0
BRDA:218,56,0,20
BRDA:226,57,0,15750
BRDA:227,58,0,100
BRDA:230,59,0,0
BRDA:240,60,0,91
BRDA:243,61,0,9
BRDA:278,62,0,9
BRDA:280,63,0,6395987
BRDA:286,64,0,0
BRDA:303,65,0,100
BRDA:304,66,0,100
BRDA:306,67,0,100
BRDA:310,68,0,0
BRDA:317,69,0,1
BRDA:326,70,0,0
BRDA:330,71,0,14
BRDA:370,72,0,4
BRDA:374,73,0,0
BRDA:378,74,0,6
BRDA:394,75,0,11
BRDA:414,76,0,154
BRDA:418,77,0,0
BRDA:422,78,0,89
BRDA:422,79,0,0
BRDA:424,80,0,89
BRDA:424,81,0,114
BRDA:424,82,0,89
BRDA:426,83,0,65
BRDA:428,84,0,0
BRDA:433,85,0,6
BRDA:441,86,0,3959
BRDA:444,87,0,2657
BRDA:444,88,0,1302
BRDA:445,89,0,2657
BRDA:445,90,0,3405
BRDA:448,91,0,344
BRDA:449,92,0,22
BRDA:452,93,0,190
BRDA:454,94,0,154
BRDA:456,95,0,0
BRDA:461,96,0,154
BRDA:461,97,0,65
BRDA:468,98,0,0
BRDA:488,99,0,3615
BRDA:488,100,0,0
BRDA:490,101,0,372
BRDA:492,102,0,3243
BRDA:492,103,0,372
BRDA:497,104,0,2871
BRDA:497,105,0,210
BRDA:585,106,0,6
BRDA:601,107,0,385
BRDA:602,108,0,0
BRDA:611,109,0,673
BRDA:613,110,0,353
BRDA:615,111,0,52
BRDA:627,112,0,20
BRDA:634,113,0,0
BRDA:638,114,0,0
BRDA:640,115,0,0
BRDA:642,116,0,0
BRDA:645,117,0,0
BRF:118
BRH:91
end_of_record
TN:
SF:src/PageToImageResult.ts
FN:13,<instance_members_initializer>
FN:19,PageToImageResult
FNF:2
FNH:2
FNDA:1,<instance_members_initializer>
FNDA:1,PageToImageResult
DA:13,1
DA:14,1
DA:15,1
DA:16,1
DA:17,1
DA:19,1
DA:20,1
DA:21,1
DA:22,1
LF:9
LH:9
BRDA:13,0,0,1
BRDA:19,1,0,1
BRF:2
BRH:2
end_of_record
TN:
SF:src/ParseParameters.ts
FN:1,(empty-report)
FNF:1
FNH:1
FNDA:1,(empty-report)
LF:0
LH:0
BRDA:1,0,0,1
BRF:1
BRH:1
end_of_record
TN:
SF:src/PathGeometry.ts
FNF:0
FNH:0
DA:3,1
DA:4,1
DA:5,1
DA:6,1
DA:7,1
DA:10,1
DA:11,1
DA:12,1
DA:13,1
DA:14,1
DA:15,1
LF:11
LH:11
BRDA:3,0,0,20
BRDA:10,1,0,20
BRF:2
BRH:2
end_of_record
TN:
SF:src/TableResult.ts
FN:8,<instance_members_initializer>
FN:15,TableResult
FNF:2
FNH:2
FNDA:4,<instance_members_initializer>
FNDA:4,TableResult
DA:8,1
DA:9,4
DA:10,4
DA:11,4
DA:12,4
DA:13,4
DA:15,4
DA:16,4
DA:17,4
DA:18,4
LF:10
LH:10
BRDA:8,0,0,4
BRDA:15,1,0,4
BRF:2
BRH:2
end_of_record
TN:
SF:src/TableUtil.ts
FN:1,(empty-report)
FNF:1
FNH:1
FNDA:1,(empty-report)
DA:3,0
DA:4,0
DA:5,0
DA:6,0
DA:7,0
DA:8,0
DA:11,0
DA:12,0
DA:13,0
DA:14,0
DA:15,0
DA:16,0
DA:17,0
DA:18,0
DA:19,0
DA:21,0
DA:22,0
DA:23,0
DA:24,0
DA:25,0
DA:26,0
DA:27,0
DA:28,0
DA:29,0
DA:30,0
DA:32,0
DA:33,0
DA:34,0
DA:36,0
DA:37,0
DA:38,0
DA:40,0
DA:42,0
DA:43,0
DA:44,0
DA:45,0
DA:47,0
DA:48,0
DA:49,0
DA:50,0
DA:51,0
DA:53,0
DA:54,0
DA:56,0
DA:57,0
DA:59,0
DA:60,0
DA:61,0
DA:63,0
DA:64,0
DA:65,0
DA:67,0
DA:68,0
DA:70,0
DA:71,0
DA:72,0
DA:74,0
DA:75,0
DA:76,0
DA:78,0
DA:79,0
DA:80,0
DA:84,0
DA:85,0
DA:86,0
DA:87,0
DA:88,0
DA:89,0
DA:91,0
DA:92,0
DA:93,0
DA:95,0
DA:97,0
DA:98,0
DA:99,0
DA:100,0
DA:102,0
DA:103,0
DA:104,0
DA:106,0
DA:107,0
DA:109,0
DA:110,0
DA:111,0
DA:113,0
DA:114,0
DA:115,0
DA:117,0
DA:118,0
DA:119,0
DA:120,0
DA:121,0
DA:122,0
DA:123,0
DA:124,0
DA:125,0
DA:126,0
DA:127,0
DA:128,0
DA:130,0
DA:131,0
DA:133,0
DA:134,0
DA:135,0
DA:136,0
DA:137,0
DA:138,0
DA:139,0
DA:141,0
DA:142,0
DA:143,0
DA:144,0
DA:146,0
DA:147,0
DA:148,0
DA:149,0
DA:150,0
DA:151,0
DA:152,0
DA:153,0
DA:155,0
DA:157,0
DA:158,0
DA:159,0
DA:160,0
DA:161,0
DA:163,0
DA:164,0
DA:165,0
DA:167,0
DA:168,0
DA:169,0
DA:170,0
DA:171,0
DA:172,0
DA:173,0
DA:174,0
DA:175,0
DA:176,0
DA:177,0
DA:179,0
DA:180,0
DA:181,0
DA:183,0
DA:184,0
DA:185,0
DA:187,0
DA:188,0
DA:190,0
DA:191,0
DA:192,0
DA:194,0
DA:195,0
DA:196,0
DA:197,0
DA:198,0
DA:200,0
DA:201,0
DA:202,0
DA:204,0
DA:205,0
DA:207,0
DA:208,0
DA:210,0
DA:211,0
DA:212,0
DA:213,0
DA:215,0
DA:216,0
DA:217,0
LF:170
LH:0
BRDA:1,0,0,1
BRF:1
BRH:1
end_of_record
TN:
SF:src/TextResult.ts
FN:8,<instance_members_initializer>
FN:15,getPageText
FN:22,TextResult
FNF:3
FNH:3
FNDA:17,<instance_members_initializer>
FNDA:16,getPageText
FNDA:17,TextResult
DA:8,1
DA:9,17
DA:10,17
DA:11,17
DA:12,17
DA:13,17
DA:15,17
DA:16,16
DA:17,45
DA:18,45
DA:19,1
DA:20,16
DA:22,17
DA:23,17
DA:24,17
DA:25,17
LF:16
LH:16
BRDA:8,0,0,17
BRDA:15,1,0,16
BRDA:16,2,0,45
BRDA:17,3,0,15
BRDA:18,4,0,1
BRDA:22,5,0,17
BRF:6
BRH:6
end_of_record
TN:
SF:src/index.ts
FN:23,pdf
FNF:1
FNH:1
FNDA:1,pdf
DA:2,1
DA:23,1
DA:24,1
DA:25,1
DA:26,0
DA:27,1
DA:28,1
DA:29,1
DA:31,1
DA:32,1
DA:33,1
LF:11
LH:10
BRDA:23,0,0,1
BRDA:25,1,0,0
BRF:2
BRH:1
end_of_record
TN:
SF:src/geometry/Geometry.ts
FNF:0
FNH:0
DA:1,1
DA:2,1
DA:3,1
DA:4,1
DA:5,1
DA:6,1
LF:6
LH:6
BRF:0
BRH:0
end_of_record
TN:
SF:src/geometry/Line.ts
FN:10,<instance_members_initializer>
FN:18,Line
FN:25,init
FN:55,get valid
FN:62,get normalized
FN:71,addGap
FN:75,containsPoint
FN:95,addIntersectionPoint
FN:102,intersection
FN:149,transform
FNF:10
FNH:8
FNDA:3049,<instance_members_initializer>
FNDA:3049,Line
FNDA:3357,init
FNDA:2958,get valid
FNDA:2466,get normalized
FNDA:0,addGap
FNDA:0,containsPoint
FNDA:1822,addIntersectionPoint
FNDA:1233,intersection
FNDA:308,transform
DA:1,1
DA:2,1
DA:4,1
DA:5,1
DA:6,1
DA:7,1
DA:10,1
DA:11,3049
DA:12,3049
DA:13,3049
DA:14,3049
DA:15,3049
DA:16,3049
DA:18,3049
DA:19,3049
DA:20,3049
DA:21,3049
DA:22,3049
DA:23,3049
DA:25,3049
DA:26,3357
DA:27,3357
DA:29,3357
DA:30,1748
DA:31,1748
DA:32,1748
DA:33,0
DA:34,0
DA:35,0
DA:36,0
DA:37,1748
DA:38,3357
DA:39,1609
DA:40,1609
DA:41,1609
DA:42,1
DA:43,1
DA:44,1
DA:45,1
DA:46,1609
DA:47,1609
DA:49,3357
DA:50,3357
DA:51,3357
DA:53,3049
DA:55,3049
DA:56,2958
DA:57,563
DA:58,563
DA:59,2958
DA:60,2958
DA:62,3049
DA:63,2466
DA:64,1233
DA:65,1233
DA:66,1233
DA:67,1233
DA:68,0
DA:69,2466
DA:71,3049
DA:72,0
DA:73,0
DA:75,3049
DA:76,0
DA:77,0
DA:78,0
DA:79,0
DA:80,0
DA:81,0
DA:82,0
DA:95,3049
DA:96,1822
DA:97,7058
DA:98,7058
DA:99,1822
DA:100,1822
DA:102,3049
DA:103,1233
DA:105,1233
DA:106,0
DA:107,0
DA:109,1233
DA:110,1233
DA:112,1233
DA:113,1118
DA:114,1118
DA:115,1118
DA:117,1118
DA:118,843
DA:119,843
DA:120,843
DA:121,843
DA:122,843
DA:123,1233
DA:124,115
DA:125,115
DA:126,115
DA:128,115
DA:129,68
DA:130,68
DA:131,68
DA:132,68
DA:133,68
DA:134,115
DA:146,1233
DA:147,1233
DA:149,3049
DA:150,308
DA:151,308
DA:153,308
DA:154,308
DA:156,308
DA:157,308
DA:159,308
DA:160,308
DA:161,308
DA:162,308
DA:163,308
DA:164,3049
LF:119
LH:103
BRDA:4,0,0,22
BRDA:10,1,0,3049
BRDA:18,2,0,3049
BRDA:25,3,0,3357
BRDA:29,4,0,1748
BRDA:32,5,0,0
BRDA:38,6,0,1609
BRDA:41,7,0,1
BRDA:55,8,0,2958
BRDA:56,9,0,563
BRDA:62,10,0,2466
BRDA:63,11,0,1233
BRDA:67,12,0,0
BRDA:95,13,0,1822
BRDA:96,14,0,7058
BRDA:97,15,0,0
BRDA:102,16,0,1233
BRDA:105,17,0,0
BRDA:112,18,0,1118
BRDA:112,19,0,1118
BRDA:115,20,0,1114
BRDA:115,21,0,1114
BRDA:115,22,0,1114
BRDA:117,23,0,843
BRDA:123,24,0,115
BRDA:126,25,0,113
BRDA:126,26,0,111
BRDA:126,27,0,68
BRDA:128,28,0,68
BRDA:149,29,0,308
BRF:30
BRH:26
end_of_record
TN:
SF:src/geometry/LineStore.ts
FN:8,<instance_members_initializer>
FN:12,add
FN:22,addRectangle
FN:28,getTableData
FN:43,getTables
FN:79,normalize
FN:84,normalizeHorizontal
FN:110,normalizeVertical
FN:136,fillTable
FN:156,tryFill
FN:166,margeHorizontalLines
FN:206,margeVerticalLines
FNF:12
FNH:11
FNDA:25,<instance_members_initializer>
FNDA:217,add
FNDA:0,addRectangle
FNDA:6,getTableData
FNDA:9,getTables
FNDA:15,normalize
FNDA:19,normalizeHorizontal
FNDA:19,normalizeVertical
FNDA:15,fillTable
FNDA:15,tryFill
FNDA:108,margeHorizontalLines
FNDA:58,margeVerticalLines
DA:1,1
DA:2,1
DA:4,1
DA:5,1
DA:8,1
DA:9,25
DA:10,25
DA:12,25
DA:13,217
DA:14,217
DA:15,120
DA:16,157
DA:17,97
DA:18,97
DA:19,217
DA:20,217
DA:22,25
DA:23,0
DA:24,0
DA:25,0
DA:26,0
DA:28,25
DA:29,6
DA:31,6
DA:33,6
DA:34,11
DA:35,11
DA:36,11
DA:37,11
DA:38,11
DA:40,6
DA:41,6
DA:43,25
DA:44,9
DA:46,9
DA:47,14
DA:48,14
DA:50,14
DA:51,14
DA:53,14
DA:54,14
DA:55,14
DA:56,14
DA:58,9
DA:59,1
DA:60,1
DA:62,1
DA:63,1
DA:65,0
DA:66,0
DA:67,0
DA:68,0
DA:70,9
DA:72,9
DA:73,14
DA:74,14
DA:76,9
DA:77,9
DA:79,25
DA:80,15
DA:81,15
DA:82,15
DA:84,25
DA:85,19
DA:87,19
DA:89,19
DA:90,19
DA:91,119
DA:92,16
DA:93,119
DA:94,11
DA:95,103
DA:96,92
DA:97,92
DA:98,92
DA:99,92
DA:100,119
DA:102,19
DA:103,16
DA:104,16
DA:105,16
DA:107,19
DA:108,19
DA:110,25
DA:111,19
DA:113,19
DA:115,19
DA:116,19
DA:117,96
DA:118,16
DA:119,96
DA:120,38
DA:121,42
DA:122,42
DA:123,42
DA:124,42
DA:125,42
DA:126,96
DA:128,19
DA:129,16
DA:130,16
DA:131,16
DA:133,19
DA:134,19
DA:136,25
DA:137,15
DA:138,15
DA:140,15
DA:141,112
DA:142,46
DA:143,46
DA:144,112
DA:146,15
DA:147,131
DA:148,45
DA:149,45
DA:150,131
DA:152,15
DA:153,15
DA:154,15
DA:156,25
DA:157,15
DA:158,10
DA:159,1
DA:160,1
DA:161,1
DA:162,10
DA:163,14
DA:164,15
DA:166,25
DA:167,108
DA:168,108
DA:170,108
DA:171,108
DA:173,108
DA:174,108
DA:176,108
DA:177,119
DA:178,11
DA:179,0
DA:180,0
DA:181,11
DA:182,7
DA:183,7
DA:184,119
DA:185,108
DA:186,0
DA:187,0
DA:188,108
DA:189,108
DA:190,108
DA:191,119
DA:193,108
DA:195,108
DA:196,0
DA:197,0
DA:198,0
DA:199,108
DA:200,108
DA:201,108
DA:203,108
DA:204,108
DA:206,25
DA:207,58
DA:208,58
DA:210,58
DA:211,58
DA:213,58
DA:214,58
DA:216,58
DA:217,96
DA:218,21
DA:219,0
DA:220,0
DA:221,21
DA:222,17
DA:223,17
DA:224,96
DA:225,75
DA:226,17
DA:227,17
DA:228,75
DA:229,75
DA:230,75
DA:231,96
DA:233,58
DA:235,58
DA:236,7
DA:237,7
DA:238,7
DA:239,58
DA:240,51
DA:241,51
DA:243,58
DA:244,58
DA:245,25
LF:196
LH:179
BRDA:8,0,0,25
BRDA:12,1,0,217
BRDA:14,2,0,157
BRDA:14,3,0,120
BRDA:16,4,0,97
BRDA:28,5,0,6
BRDA:33,6,0,11
BRDA:43,7,0,9
BRDA:46,8,0,14
BRDA:48,9,0,0
BRDA:51,10,0,0
BRDA:58,11,0,1
BRDA:60,12,0,0
BRDA:63,13,0,0
BRDA:72,14,0,14
BRDA:70,15,0,14
BRDA:79,16,0,15
BRDA:84,17,0,19
BRDA:90,18,0,119
BRDA:91,19,0,16
BRDA:93,20,0,103
BRDA:93,21,0,11
BRDA:95,22,0,92
BRDA:102,23,0,16
BRDA:85,24,0,107
BRDA:110,25,0,19
BRDA:116,26,0,96
BRDA:117,27,0,16
BRDA:119,28,0,80
BRDA:119,29,0,42
BRDA:119,30,0,38
BRDA:128,31,0,16
BRDA:111,32,0,169
BRDA:136,33,0,15
BRDA:140,34,0,112
BRDA:141,35,0,46
BRDA:146,36,0,131
BRDA:147,37,0,45
BRDA:156,38,0,15
BRDA:157,39,0,10
BRDA:158,40,0,1
BRDA:162,41,0,14
BRDA:166,42,0,108
BRDA:171,43,0,0
BRDA:176,44,0,119
BRDA:177,45,0,11
BRDA:178,46,0,0
BRDA:181,47,0,7
BRDA:184,48,0,108
BRDA:185,49,0,0
BRDA:195,50,0,0
BRDA:168,51,0,11
BRDA:206,52,0,58
BRDA:211,53,0,0
BRDA:216,54,0,96
BRDA:217,55,0,21
BRDA:218,56,0,0
BRDA:221,57,0,17
BRDA:224,58,0,75
BRDA:225,59,0,17
BRDA:235,60,0,7
BRDA:239,61,0,51
BRDA:208,62,0,38
BRF:63
BRH:53
end_of_record
TN:
SF:src/geometry/Point.ts
FN:3,<instance_members_initializer>
FN:7,Point
FN:13,equal
FN:17,transform
FNF:4
FNH:4
FNDA:8331,<instance_members_initializer>
FNDA:8331,Point
FNDA:7064,equal
FNDA:616,transform
DA:1,1
DA:3,1
DA:4,8331
DA:5,8331
DA:7,8331
DA:8,8331
DA:9,8331
DA:10,8331
DA:11,8331
DA:13,8331
DA:14,7064
DA:15,7064
DA:17,8331
DA:18,616
DA:19,616
DA:20,616
DA:21,616
DA:22,616
DA:23,8331
LF:19
LH:19
BRDA:3,0,0,8331
BRDA:7,1,0,8331
BRDA:13,2,0,7064
BRDA:14,3,0,5275
BRDA:17,4,0,616
BRF:5
BRH:5
end_of_record
TN:
SF:src/geometry/Rectangle.ts
FN:5,<instance_members_initializer>
FNF:1
FNH:0
FNDA:0,<instance_members_initializer>
DA:1,1
DA:2,1
DA:3,1
DA:5,1
DA:6,0
DA:7,0
DA:8,0
DA:10,0
DA:11,0
DA:12,0
DA:13,0
DA:14,0
DA:15,0
DA:17,0
DA:18,0
DA:19,0
DA:21,0
DA:22,0
DA:24,0
DA:25,0
DA:26,0
DA:27,0
DA:28,0
DA:29,0
DA:30,0
DA:31,0
DA:33,0
DA:34,0
DA:35,0
DA:37,0
DA:38,0
DA:40,0
DA:41,0
DA:43,0
DA:44,0
DA:45,0
DA:46,0
DA:47,0
DA:48,0
LF:39
LH:4
BRF:0
BRH:0
end_of_record
TN:
SF:src/geometry/Shape.ts
FN:1,<static_initializer>
FN:5,applyTransform
FNF:2
FNH:2
FNDA:22,<static_initializer>
FNDA:616,applyTransform
DA:1,1
DA:2,22
DA:5,22
DA:6,616
DA:7,616
DA:8,616
DA:9,616
DA:10,22
LF:8
LH:8
BRDA:1,0,0,22
BRDA:5,1,0,616
BRF:2
BRH:2
end_of_record
TN:
SF:src/geometry/Table.ts
FN:6,<instance_members_initializer>
FN:10,Table
FN:18,get isValid
FN:22,get rowPivots
FN:32,get colPivots
FN:42,add
FN:58,intersection
FN:80,getSameHorizontal
FN:99,getSameVertical
FN:118,mergeHorizontalLines
FN:139,mergeVerticalLines
FN:160,normalize
FN:194,verticalExists
FN:215,horizontalExists
FN:236,findBottomLineIndex
FN:246,findVerticalLineIndexs
FN:259,getRow
FN:296,toData
FNF:18
FNH:16
FNDA:14,<instance_members_initializer>
FNDA:14,Table
FNDA:14,get isValid
FNDA:14,get rowPivots
FNDA:14,get colPivots
FNDA:253,add
FNDA:253,intersection
FNDA:100,getSameHorizontal
FNDA:67,getSameVertical
FNDA:100,mergeHorizontalLines
FNDA:67,mergeVerticalLines
FNDA:14,normalize
FNDA:0,verticalExists
FNDA:0,horizontalExists
FNDA:335,findBottomLineIndex
FNDA:86,findVerticalLineIndexs
FNDA:86,getRow
FNDA:14,toData
DA:1,1
DA:2,1
DA:3,1
DA:4,1
DA:6,1
DA:7,14
DA:8,14
DA:10,14
DA:11,14
DA:12,14
DA:13,14
DA:14,0
DA:15,0
DA:16,14
DA:18,14
DA:19,14
DA:20,14
DA:22,14
DA:23,14
DA:25,14
DA:26,100
DA:27,100
DA:29,14
DA:30,14
DA:32,14
DA:33,14
DA:35,14
DA:36,67
DA:37,67
DA:39,14
DA:40,14
DA:42,14
DA:43,253
DA:45,253
DA:46,153
DA:47,86
DA:48,86
DA:49,153
DA:50,67
DA:51,67
DA:52,67
DA:53,153
DA:55,100
DA:56,253
DA:58,14
DA:59,253
DA:60,253
DA:62,253
DA:63,140
DA:64,692
DA:65,692
DA:66,420
DA:67,420
DA:68,692
DA:69,253
DA:70,113
DA:71,115
DA:72,115
DA:73,68
DA:74,68
DA:75,115
DA:76,113
DA:77,253
DA:78,253
DA:80,14
DA:81,100
DA:82,100
DA:84,100
DA:85,572
DA:86,572
DA:88,572
DA:89,0
DA:90,572
DA:91,572
DA:92,572
DA:93,572
DA:95,100
DA:96,100
DA:97,100
DA:99,14
DA:100,67
DA:101,67
DA:103,67
DA:104,129
DA:105,129
DA:107,129
DA:108,0
DA:109,129
DA:110,129
DA:111,129
DA:112,129
DA:114,67
DA:115,67
DA:116,67
DA:118,14
DA:119,100
DA:121,100
DA:122,100
DA:124,100
DA:126,100
DA:127,0
DA:128,0
DA:130,0
DA:131,0
DA:132,0
DA:133,0
DA:134,0
DA:136,100
DA:137,100
DA:139,14
DA:140,67
DA:142,67
DA:143,67
DA:145,67
DA:147,67
DA:148,0
DA:149,0
DA:151,0
DA:152,0
DA:153,0
DA:154,0
DA:155,0
DA:157,67
DA:158,67
DA:160,14
DA:161,14
DA:162,14
DA:164,14
DA:165,14
DA:167,14
DA:169,14
DA:170,100
DA:171,100
DA:173,100
DA:174,100
DA:175,100
DA:176,100
DA:178,14
DA:180,14
DA:182,14
DA:183,67
DA:184,67
DA:186,67
DA:187,67
DA:188,67
DA:189,67
DA:191,14
DA:192,14
DA:194,14
DA:195,0
DA:196,0
DA:197,0
DA:199,0
DA:200,0
DA:201,0
DA:203,0
DA:204,0
DA:205,0
DA:206,0
DA:207,0
DA:208,0
DA:209,0
DA:210,0
DA:212,0
DA:213,0
DA:215,14
DA:216,0
DA:217,0
DA:218,0
DA:220,0
DA:221,0
DA:222,0
DA:224,0
DA:225,0
DA:226,0
DA:227,0
DA:228,0
DA:229,0
DA:230,0
DA:231,0
DA:233,0
DA:234,0
DA:236,14
DA:237,335
DA:238,337
DA:239,337
DA:240,335
DA:241,335
DA:242,337
DA:243,0
DA:244,335
DA:246,14
DA:247,86
DA:249,86
DA:250,424
DA:251,424
DA:252,421
DA:253,421
DA:254,424
DA:256,86
DA:257,86
DA:259,14
DA:260,86
DA:262,86
DA:263,86
DA:265,86
DA:266,335
DA:267,335
DA:268,335
DA:269,335
DA:270,335
DA:273,335
DA:274,335
DA:275,335
DA:276,335
DA:277,335
DA:278,335
DA:279,335
DA:280,335
DA:281,335
DA:283,335
DA:284,1
DA:285,1
DA:286,335
DA:287,2
DA:288,2
DA:290,335
DA:291,335
DA:293,86
DA:294,86
DA:296,14
DA:297,14
DA:298,14
DA:300,14
DA:301,14
DA:303,14
DA:305,14
DA:306,86
DA:307,86
DA:308,86
DA:309,86
DA:310,86
DA:311,86
DA:313,14
DA:314,14
DA:315,14
LF:246
LH:195
BRDA:6,0,0,14
BRDA:10,1,0,14
BRDA:13,2,0,0
BRDA:18,3,0,14
BRDA:22,4,0,14
BRDA:25,5,0,100
BRDA:29,6,0,86
BRDA:32,7,0,14
BRDA:35,8,0,67
BRDA:39,9,0,53
BRDA:42,10,0,253
BRDA:45,11,0,153
BRDA:46,12,0,86
BRDA:49,13,0,67
BRDA:53,14,0,100
BRDA:58,15,0,253
BRDA:60,16,0,0
BRDA:62,17,0,140
BRDA:63,18,0,692
BRDA:65,19,0,420
BRDA:69,20,0,113
BRDA:70,21,0,115
BRDA:72,22,0,68
BRDA:80,23,0,100
BRDA:84,24,0,572
BRDA:86,25,0,0
BRDA:88,26,0,0
BRDA:99,27,0,67
BRDA:103,28,0,129
BRDA:105,29,0,0
BRDA:107,30,0,0
BRDA:118,31,0,100
BRDA:126,32,0,0
BRDA:139,33,0,67
BRDA:147,34,0,0
BRDA:160,35,0,14
BRDA:169,36,0,100
BRDA:171,37,0,0
BRDA:182,38,0,67
BRDA:184,39,0,0
BRDA:161,40,0,100
BRDA:162,41,0,67
BRDA:164,42,0,86
BRDA:165,43,0,55
BRDA:236,44,0,335
BRDA:237,45,0,337
BRDA:239,46,0,335
BRDA:239,47,0,335
BRDA:242,48,0,0
BRDA:246,49,0,86
BRDA:249,50,0,424
BRDA:251,51,0,423
BRDA:251,52,0,423
BRDA:251,53,0,421
BRDA:259,54,0,86
BRDA:265,55,0,335
BRDA:283,56,0,1
BRDA:286,57,0,2
BRDA:296,58,0,14
BRDA:305,59,0,86
BRF:60
BRH:49
end_of_record
TN:
SF:src/geometry/TableData.ts
FN:15,<instance_members_initializer>
FN:22,TableData
FN:30,findCell
FN:44,get cellCount
FN:48,get rowCount
FN:52,check
FN:86,toArray
FNF:7
FNH:7
FNDA:14,<instance_members_initializer>
FNDA:14,TableData
FNDA:673,findCell
FNDA:3,get cellCount
FNDA:3,get rowCount
FNDA:3,check
FNDA:11,toArray
DA:15,1
DA:16,14
DA:17,14
DA:18,14
DA:19,14
DA:20,14
DA:22,14
DA:23,14
DA:24,14
DA:25,14
DA:26,14
DA:27,14
DA:28,14
DA:30,14
DA:31,673
DA:32,353
DA:33,2021
DA:34,7431
DA:35,353
DA:36,353
DA:37,7431
DA:38,1668
DA:39,0
DA:41,320
DA:42,673
DA:44,14
DA:45,3
DA:46,3
DA:48,14
DA:49,3
DA:50,3
DA:52,14
DA:69,3
DA:70,3
DA:72,3
DA:73,8
DA:74,23
DA:75,23
DA:76,23
DA:77,8
DA:79,3
DA:80,0
DA:81,0
DA:83,3
DA:84,3
DA:86,14
DA:87,11
DA:88,11
DA:89,78
DA:90,78
DA:91,312
DA:92,312
DA:93,312
DA:94,312
DA:95,312
DA:96,78
DA:97,78
DA:98,11
DA:99,11
DA:100,14
LF:60
LH:57
BRDA:15,0,0,14
BRDA:22,1,0,14
BRDA:30,2,0,673
BRDA:31,3,0,625
BRDA:31,4,0,625
BRDA:31,5,0,353
BRDA:32,6,0,2021
BRDA:33,7,0,7431
BRDA:34,8,0,4321
BRDA:34,9,0,4321
BRDA:34,10,0,2021
BRDA:34,11,0,353
BRDA:37,12,0,1668
BRDA:38,13,0,0
BRDA:39,14,0,320
BRDA:44,15,0,3
BRDA:45,16,0,8
BRDA:48,17,0,3
BRDA:52,18,0,3
BRDA:72,19,0,8
BRDA:73,20,0,23
BRDA:74,21,0,22
BRDA:74,22,0,21
BRDA:79,23,0,0
BRDA:86,24,0,11
BRDA:88,25,0,78
BRDA:90,26,0,312
BRF:27
BRH:25
end_of_record
